<?xml version="1.0" encoding="utf-8"?>
<coverage line-rate="0.23579999999999998" branch-rate="0.11359999999999999" version="1.9" timestamp="1734690649" lines-covered="133" lines-valid="564" branches-covered="10" branches-valid="88">
  <sources>
    <source>C:\Users\User\</source>
  </sources>
  <packages>
    <package name="Api" line-rate="0" branch-rate="0" complexity="34">
      <classes>
        <class name="Program" filename="Downloads\CleanArchitecture1\Api\Program.cs" line-rate="0" branch-rate="0" complexity="2">
          <methods>
            <method name="&lt;Main&gt;$" signature="(System.String[])" line-rate="0" branch-rate="0" complexity="2">
              <lines>
                <line number="7" hits="0" branch="False" />
                <line number="11" hits="0" branch="False" />
                <line number="14" hits="0" branch="False" />
                <line number="15" hits="0" branch="False" />
                <line number="16" hits="0" branch="False" />
                <line number="17" hits="0" branch="False" />
                <line number="19" hits="0" branch="False" />
                <line number="21" hits="0" branch="False" />
                <line number="24" hits="0" branch="True" condition-coverage="0% (0/2)">
                  <conditions>
                    <condition number="116" type="jump" coverage="0%" />
                  </conditions>
                </line>
                <line number="25" hits="0" branch="False" />
                <line number="26" hits="0" branch="False" />
                <line number="27" hits="0" branch="False" />
                <line number="28" hits="0" branch="False" />
                <line number="30" hits="0" branch="False" />
                <line number="32" hits="0" branch="False" />
                <line number="34" hits="0" branch="False" />
                <line number="35" hits="0" branch="False" />
              </lines>
            </method>
          </methods>
          <lines>
            <line number="7" hits="0" branch="False" />
            <line number="11" hits="0" branch="False" />
            <line number="14" hits="0" branch="False" />
            <line number="15" hits="0" branch="False" />
            <line number="16" hits="0" branch="False" />
            <line number="17" hits="0" branch="False" />
            <line number="19" hits="0" branch="False" />
            <line number="21" hits="0" branch="False" />
            <line number="24" hits="0" branch="True" condition-coverage="0% (0/2)">
              <conditions>
                <condition number="116" type="jump" coverage="0%" />
              </conditions>
            </line>
            <line number="25" hits="0" branch="False" />
            <line number="26" hits="0" branch="False" />
            <line number="27" hits="0" branch="False" />
            <line number="28" hits="0" branch="False" />
            <line number="30" hits="0" branch="False" />
            <line number="32" hits="0" branch="False" />
            <line number="34" hits="0" branch="False" />
            <line number="35" hits="0" branch="False" />
          </lines>
        </class>
        <class name="Api.Middleware.ExceptionMiddleware" filename="Downloads\CleanArchitecture1\Api\Middleware\ExceptionMiddleware.cs" line-rate="0" branch-rate="0" complexity="7">
          <methods>
            <method name="HandleExceptionAsync" signature="(Microsoft.AspNetCore.Http.HttpContext,System.Exception)" line-rate="0" branch-rate="0" complexity="6">
              <lines>
                <line number="33" hits="0" branch="False" />
                <line number="35" hits="0" branch="False" />
                <line number="37" hits="0" branch="True" condition-coverage="0% (0/6)">
                  <conditions>
                    <condition number="20" type="jump" coverage="0%" />
                    <condition number="28" type="jump" coverage="0%" />
                    <condition number="38" type="jump" coverage="0%" />
                  </conditions>
                </line>
                <line number="40" hits="0" branch="False" />
                <line number="41" hits="0" branch="False" />
                <line number="44" hits="0" branch="False" />
                <line number="45" hits="0" branch="False" />
                <line number="48" hits="0" branch="False" />
                <line number="49" hits="0" branch="False" />
                <line number="50" hits="0" branch="False" />
                <line number="51" hits="0" branch="False" />
                <line number="52" hits="0" branch="False" />
                <line number="53" hits="0" branch="False" />
                <line number="56" hits="0" branch="False" />
                <line number="57" hits="0" branch="False" />
                <line number="60" hits="0" branch="False" />
                <line number="61" hits="0" branch="False" />
                <line number="63" hits="0" branch="False" />
                <line number="64" hits="0" branch="False" />
                <line number="65" hits="0" branch="False" />
                <line number="66" hits="0" branch="False" />
                <line number="67" hits="0" branch="False" />
                <line number="68" hits="0" branch="False" />
              </lines>
            </method>
            <method name=".ctor" signature="(Microsoft.AspNetCore.Http.RequestDelegate,Microsoft.AspNetCore.Hosting.IWebHostEnvironment,Microsoft.Extensions.Logging.ILogger`1&lt;Api.Middleware.ExceptionMiddleware&gt;)" line-rate="0" branch-rate="1" complexity="1">
              <lines>
                <line number="12" hits="0" branch="False" />
                <line number="13" hits="0" branch="False" />
                <line number="14" hits="0" branch="False" />
                <line number="15" hits="0" branch="False" />
                <line number="16" hits="0" branch="False" />
                <line number="17" hits="0" branch="False" />
              </lines>
            </method>
          </methods>
          <lines>
            <line number="33" hits="0" branch="False" />
            <line number="35" hits="0" branch="False" />
            <line number="37" hits="0" branch="True" condition-coverage="0% (0/6)">
              <conditions>
                <condition number="20" type="jump" coverage="0%" />
                <condition number="28" type="jump" coverage="0%" />
                <condition number="38" type="jump" coverage="0%" />
              </conditions>
            </line>
            <line number="40" hits="0" branch="False" />
            <line number="41" hits="0" branch="False" />
            <line number="44" hits="0" branch="False" />
            <line number="45" hits="0" branch="False" />
            <line number="48" hits="0" branch="False" />
            <line number="49" hits="0" branch="False" />
            <line number="50" hits="0" branch="False" />
            <line number="51" hits="0" branch="False" />
            <line number="52" hits="0" branch="False" />
            <line number="53" hits="0" branch="False" />
            <line number="56" hits="0" branch="False" />
            <line number="57" hits="0" branch="False" />
            <line number="60" hits="0" branch="False" />
            <line number="61" hits="0" branch="False" />
            <line number="63" hits="0" branch="False" />
            <line number="64" hits="0" branch="False" />
            <line number="65" hits="0" branch="False" />
            <line number="66" hits="0" branch="False" />
            <line number="67" hits="0" branch="False" />
            <line number="68" hits="0" branch="False" />
            <line number="12" hits="0" branch="False" />
            <line number="13" hits="0" branch="False" />
            <line number="14" hits="0" branch="False" />
            <line number="15" hits="0" branch="False" />
            <line number="16" hits="0" branch="False" />
            <line number="17" hits="0" branch="False" />
          </lines>
        </class>
        <class name="Api.Middleware.ExceptionMiddleware/&lt;InvokeAsync&gt;d__4" filename="Downloads\CleanArchitecture1\Api\Middleware\ExceptionMiddleware.cs" line-rate="0" branch-rate="1" complexity="1">
          <methods>
            <method name="MoveNext" signature="()" line-rate="0" branch-rate="1" complexity="1">
              <lines>
                <line number="20" hits="0" branch="False" />
                <line number="22" hits="0" branch="False" />
                <line number="23" hits="0" branch="False" />
                <line number="24" hits="0" branch="False" />
                <line number="25" hits="0" branch="False" />
                <line number="26" hits="0" branch="False" />
                <line number="27" hits="0" branch="False" />
                <line number="28" hits="0" branch="False" />
                <line number="29" hits="0" branch="False" />
                <line number="30" hits="0" branch="False" />
              </lines>
            </method>
          </methods>
          <lines>
            <line number="20" hits="0" branch="False" />
            <line number="22" hits="0" branch="False" />
            <line number="23" hits="0" branch="False" />
            <line number="24" hits="0" branch="False" />
            <line number="25" hits="0" branch="False" />
            <line number="26" hits="0" branch="False" />
            <line number="27" hits="0" branch="False" />
            <line number="28" hits="0" branch="False" />
            <line number="29" hits="0" branch="False" />
            <line number="30" hits="0" branch="False" />
          </lines>
        </class>
        <class name="Api.Controllers.AuthorsController" filename="Downloads\CleanArchitecture1\Api\Controllers\AuthorsController.cs" line-rate="0" branch-rate="1" complexity="1">
          <methods>
            <method name=".ctor" signature="(MediatR.IMediator)" line-rate="0" branch-rate="1" complexity="1">
              <lines>
                <line number="15" hits="0" branch="False" />
                <line number="16" hits="0" branch="False" />
                <line number="17" hits="0" branch="False" />
                <line number="18" hits="0" branch="False" />
              </lines>
            </method>
          </methods>
          <lines>
            <line number="15" hits="0" branch="False" />
            <line number="16" hits="0" branch="False" />
            <line number="17" hits="0" branch="False" />
            <line number="18" hits="0" branch="False" />
          </lines>
        </class>
        <class name="Api.Controllers.AuthorsController/&lt;AddAuthor&gt;d__4" filename="Downloads\CleanArchitecture1\Api\Controllers\AuthorsController.cs" line-rate="0" branch-rate="0" complexity="2">
          <methods>
            <method name="MoveNext" signature="()" line-rate="0" branch-rate="0" complexity="2">
              <lines>
                <line number="45" hits="0" branch="False" />
                <line number="46" hits="0" branch="False" />
                <line number="48" hits="0" branch="True" condition-coverage="0% (0/2)">
                  <conditions>
                    <condition number="175" type="jump" coverage="0%" />
                  </conditions>
                </line>
                <line number="49" hits="0" branch="False" />
                <line number="51" hits="0" branch="False" />
                <line number="52" hits="0" branch="False" />
              </lines>
            </method>
          </methods>
          <lines>
            <line number="45" hits="0" branch="False" />
            <line number="46" hits="0" branch="False" />
            <line number="48" hits="0" branch="True" condition-coverage="0% (0/2)">
              <conditions>
                <condition number="175" type="jump" coverage="0%" />
              </conditions>
            </line>
            <line number="49" hits="0" branch="False" />
            <line number="51" hits="0" branch="False" />
            <line number="52" hits="0" branch="False" />
          </lines>
        </class>
        <class name="Api.Controllers.AuthorsController/&lt;DeleteAuthor&gt;d__6" filename="Downloads\CleanArchitecture1\Api\Controllers\AuthorsController.cs" line-rate="0" branch-rate="0" complexity="2">
          <methods>
            <method name="MoveNext" signature="()" line-rate="0" branch-rate="0" complexity="2">
              <lines>
                <line number="72" hits="0" branch="False" />
                <line number="73" hits="0" branch="False" />
                <line number="74" hits="0" branch="False" />
                <line number="76" hits="0" branch="True" condition-coverage="0% (0/2)">
                  <conditions>
                    <condition number="192" type="jump" coverage="0%" />
                  </conditions>
                </line>
                <line number="77" hits="0" branch="False" />
                <line number="79" hits="0" branch="False" />
                <line number="80" hits="0" branch="False" />
              </lines>
            </method>
          </methods>
          <lines>
            <line number="72" hits="0" branch="False" />
            <line number="73" hits="0" branch="False" />
            <line number="74" hits="0" branch="False" />
            <line number="76" hits="0" branch="True" condition-coverage="0% (0/2)">
              <conditions>
                <condition number="192" type="jump" coverage="0%" />
              </conditions>
            </line>
            <line number="77" hits="0" branch="False" />
            <line number="79" hits="0" branch="False" />
            <line number="80" hits="0" branch="False" />
          </lines>
        </class>
        <class name="Api.Controllers.AuthorsController/&lt;GetAuthorById&gt;d__3" filename="Downloads\CleanArchitecture1\Api\Controllers\AuthorsController.cs" line-rate="0" branch-rate="0" complexity="2">
          <methods>
            <method name="MoveNext" signature="()" line-rate="0" branch-rate="0" complexity="2">
              <lines>
                <line number="32" hits="0" branch="False" />
                <line number="33" hits="0" branch="False" />
                <line number="34" hits="0" branch="False" />
                <line number="36" hits="0" branch="True" condition-coverage="0% (0/2)">
                  <conditions>
                    <condition number="187" type="jump" coverage="0%" />
                  </conditions>
                </line>
                <line number="37" hits="0" branch="False" />
                <line number="39" hits="0" branch="False" />
                <line number="40" hits="0" branch="False" />
              </lines>
            </method>
          </methods>
          <lines>
            <line number="32" hits="0" branch="False" />
            <line number="33" hits="0" branch="False" />
            <line number="34" hits="0" branch="False" />
            <line number="36" hits="0" branch="True" condition-coverage="0% (0/2)">
              <conditions>
                <condition number="187" type="jump" coverage="0%" />
              </conditions>
            </line>
            <line number="37" hits="0" branch="False" />
            <line number="39" hits="0" branch="False" />
            <line number="40" hits="0" branch="False" />
          </lines>
        </class>
        <class name="Api.Controllers.AuthorsController/&lt;GetAuthors&gt;d__2" filename="Downloads\CleanArchitecture1\Api\Controllers\AuthorsController.cs" line-rate="0" branch-rate="1" complexity="1">
          <methods>
            <method name="MoveNext" signature="()" line-rate="0" branch-rate="1" complexity="1">
              <lines>
                <line number="23" hits="0" branch="False" />
                <line number="24" hits="0" branch="False" />
                <line number="25" hits="0" branch="False" />
                <line number="26" hits="0" branch="False" />
                <line number="27" hits="0" branch="False" />
              </lines>
            </method>
          </methods>
          <lines>
            <line number="23" hits="0" branch="False" />
            <line number="24" hits="0" branch="False" />
            <line number="25" hits="0" branch="False" />
            <line number="26" hits="0" branch="False" />
            <line number="27" hits="0" branch="False" />
          </lines>
        </class>
        <class name="Api.Controllers.AuthorsController/&lt;UpdateAuthor&gt;d__5" filename="Downloads\CleanArchitecture1\Api\Controllers\AuthorsController.cs" line-rate="0" branch-rate="0" complexity="4">
          <methods>
            <method name="MoveNext" signature="()" line-rate="0" branch-rate="0" complexity="4">
              <lines>
                <line number="57" hits="0" branch="False" />
                <line number="58" hits="0" branch="True" condition-coverage="0% (0/2)">
                  <conditions>
                    <condition number="42" type="jump" coverage="0%" />
                  </conditions>
                </line>
                <line number="59" hits="0" branch="False" />
                <line number="61" hits="0" branch="False" />
                <line number="63" hits="0" branch="True" condition-coverage="0% (0/2)">
                  <conditions>
                    <condition number="313" type="jump" coverage="0%" />
                  </conditions>
                </line>
                <line number="64" hits="0" branch="False" />
                <line number="66" hits="0" branch="False" />
                <line number="67" hits="0" branch="False" />
              </lines>
            </method>
          </methods>
          <lines>
            <line number="57" hits="0" branch="False" />
            <line number="58" hits="0" branch="True" condition-coverage="0% (0/2)">
              <conditions>
                <condition number="42" type="jump" coverage="0%" />
              </conditions>
            </line>
            <line number="59" hits="0" branch="False" />
            <line number="61" hits="0" branch="False" />
            <line number="63" hits="0" branch="True" condition-coverage="0% (0/2)">
              <conditions>
                <condition number="313" type="jump" coverage="0%" />
              </conditions>
            </line>
            <line number="64" hits="0" branch="False" />
            <line number="66" hits="0" branch="False" />
            <line number="67" hits="0" branch="False" />
          </lines>
        </class>
        <class name="Api.Controllers.BooksController" filename="Downloads\CleanArchitecture1\Api\Controllers\BooksController.cs" line-rate="0" branch-rate="1" complexity="1">
          <methods>
            <method name=".ctor" signature="(MediatR.IMediator)" line-rate="0" branch-rate="1" complexity="1">
              <lines>
                <line number="14" hits="0" branch="False" />
                <line number="15" hits="0" branch="False" />
                <line number="16" hits="0" branch="False" />
                <line number="18" hits="0" branch="False" />
              </lines>
            </method>
          </methods>
          <lines>
            <line number="14" hits="0" branch="False" />
            <line number="15" hits="0" branch="False" />
            <line number="16" hits="0" branch="False" />
            <line number="18" hits="0" branch="False" />
          </lines>
        </class>
        <class name="Api.Controllers.BooksController/&lt;AddBook&gt;d__4" filename="Downloads\CleanArchitecture1\Api\Controllers\BooksController.cs" line-rate="0" branch-rate="0" complexity="2">
          <methods>
            <method name="MoveNext" signature="()" line-rate="0" branch-rate="0" complexity="2">
              <lines>
                <line number="45" hits="0" branch="False" />
                <line number="46" hits="0" branch="False" />
                <line number="48" hits="0" branch="True" condition-coverage="0% (0/2)">
                  <conditions>
                    <condition number="175" type="jump" coverage="0%" />
                  </conditions>
                </line>
                <line number="49" hits="0" branch="False" />
                <line number="51" hits="0" branch="False" />
                <line number="52" hits="0" branch="False" />
              </lines>
            </method>
          </methods>
          <lines>
            <line number="45" hits="0" branch="False" />
            <line number="46" hits="0" branch="False" />
            <line number="48" hits="0" branch="True" condition-coverage="0% (0/2)">
              <conditions>
                <condition number="175" type="jump" coverage="0%" />
              </conditions>
            </line>
            <line number="49" hits="0" branch="False" />
            <line number="51" hits="0" branch="False" />
            <line number="52" hits="0" branch="False" />
          </lines>
        </class>
        <class name="Api.Controllers.BooksController/&lt;DeleteBook&gt;d__6" filename="Downloads\CleanArchitecture1\Api\Controllers\BooksController.cs" line-rate="0" branch-rate="0" complexity="2">
          <methods>
            <method name="MoveNext" signature="()" line-rate="0" branch-rate="0" complexity="2">
              <lines>
                <line number="72" hits="0" branch="False" />
                <line number="73" hits="0" branch="False" />
                <line number="74" hits="0" branch="False" />
                <line number="76" hits="0" branch="True" condition-coverage="0% (0/2)">
                  <conditions>
                    <condition number="192" type="jump" coverage="0%" />
                  </conditions>
                </line>
                <line number="77" hits="0" branch="False" />
                <line number="79" hits="0" branch="False" />
                <line number="80" hits="0" branch="False" />
              </lines>
            </method>
          </methods>
          <lines>
            <line number="72" hits="0" branch="False" />
            <line number="73" hits="0" branch="False" />
            <line number="74" hits="0" branch="False" />
            <line number="76" hits="0" branch="True" condition-coverage="0% (0/2)">
              <conditions>
                <condition number="192" type="jump" coverage="0%" />
              </conditions>
            </line>
            <line number="77" hits="0" branch="False" />
            <line number="79" hits="0" branch="False" />
            <line number="80" hits="0" branch="False" />
          </lines>
        </class>
        <class name="Api.Controllers.BooksController/&lt;GetBookById&gt;d__3" filename="Downloads\CleanArchitecture1\Api\Controllers\BooksController.cs" line-rate="0" branch-rate="0" complexity="2">
          <methods>
            <method name="MoveNext" signature="()" line-rate="0" branch-rate="0" complexity="2">
              <lines>
                <line number="32" hits="0" branch="False" />
                <line number="33" hits="0" branch="False" />
                <line number="34" hits="0" branch="False" />
                <line number="36" hits="0" branch="True" condition-coverage="0% (0/2)">
                  <conditions>
                    <condition number="187" type="jump" coverage="0%" />
                  </conditions>
                </line>
                <line number="37" hits="0" branch="False" />
                <line number="39" hits="0" branch="False" />
                <line number="40" hits="0" branch="False" />
              </lines>
            </method>
          </methods>
          <lines>
            <line number="32" hits="0" branch="False" />
            <line number="33" hits="0" branch="False" />
            <line number="34" hits="0" branch="False" />
            <line number="36" hits="0" branch="True" condition-coverage="0% (0/2)">
              <conditions>
                <condition number="187" type="jump" coverage="0%" />
              </conditions>
            </line>
            <line number="37" hits="0" branch="False" />
            <line number="39" hits="0" branch="False" />
            <line number="40" hits="0" branch="False" />
          </lines>
        </class>
        <class name="Api.Controllers.BooksController/&lt;GetBooks&gt;d__2" filename="Downloads\CleanArchitecture1\Api\Controllers\BooksController.cs" line-rate="0" branch-rate="1" complexity="1">
          <methods>
            <method name="MoveNext" signature="()" line-rate="0" branch-rate="1" complexity="1">
              <lines>
                <line number="23" hits="0" branch="False" />
                <line number="24" hits="0" branch="False" />
                <line number="25" hits="0" branch="False" />
                <line number="26" hits="0" branch="False" />
                <line number="27" hits="0" branch="False" />
              </lines>
            </method>
          </methods>
          <lines>
            <line number="23" hits="0" branch="False" />
            <line number="24" hits="0" branch="False" />
            <line number="25" hits="0" branch="False" />
            <line number="26" hits="0" branch="False" />
            <line number="27" hits="0" branch="False" />
          </lines>
        </class>
        <class name="Api.Controllers.BooksController/&lt;UpdateBook&gt;d__5" filename="Downloads\CleanArchitecture1\Api\Controllers\BooksController.cs" line-rate="0" branch-rate="0" complexity="4">
          <methods>
            <method name="MoveNext" signature="()" line-rate="0" branch-rate="0" complexity="4">
              <lines>
                <line number="57" hits="0" branch="False" />
                <line number="58" hits="0" branch="True" condition-coverage="0% (0/2)">
                  <conditions>
                    <condition number="42" type="jump" coverage="0%" />
                  </conditions>
                </line>
                <line number="59" hits="0" branch="False" />
                <line number="61" hits="0" branch="False" />
                <line number="63" hits="0" branch="True" condition-coverage="0% (0/2)">
                  <conditions>
                    <condition number="227" type="jump" coverage="0%" />
                  </conditions>
                </line>
                <line number="64" hits="0" branch="False" />
                <line number="66" hits="0" branch="False" />
                <line number="67" hits="0" branch="False" />
              </lines>
            </method>
          </methods>
          <lines>
            <line number="57" hits="0" branch="False" />
            <line number="58" hits="0" branch="True" condition-coverage="0% (0/2)">
              <conditions>
                <condition number="42" type="jump" coverage="0%" />
              </conditions>
            </line>
            <line number="59" hits="0" branch="False" />
            <line number="61" hits="0" branch="False" />
            <line number="63" hits="0" branch="True" condition-coverage="0% (0/2)">
              <conditions>
                <condition number="227" type="jump" coverage="0%" />
              </conditions>
            </line>
            <line number="64" hits="0" branch="False" />
            <line number="66" hits="0" branch="False" />
            <line number="67" hits="0" branch="False" />
          </lines>
        </class>
      </classes>
    </package>
    <package name="Application" line-rate="0.2995" branch-rate="0.22719999999999999" complexity="84">
      <classes>
        <class name="Application.DependencyInjection" filename="Downloads\CleanArchitecture1\Application\DependencyInjection.cs" line-rate="0" branch-rate="1" complexity="1">
          <methods>
            <method name="AddApplication" signature="(Microsoft.Extensions.DependencyInjection.IServiceCollection)" line-rate="0" branch-rate="1" complexity="1">
              <lines>
                <line number="16" hits="0" branch="False" />
                <line number="17" hits="0" branch="False" />
                <line number="18" hits="0" branch="False" />
                <line number="20" hits="0" branch="False" />
                <line number="22" hits="0" branch="False" />
                <line number="23" hits="0" branch="False" />
                <line number="24" hits="0" branch="False" />
                <line number="25" hits="0" branch="False" />
                <line number="26" hits="0" branch="False" />
                <line number="28" hits="0" branch="False" />
                <line number="29" hits="0" branch="False" />
              </lines>
            </method>
          </methods>
          <lines>
            <line number="16" hits="0" branch="False" />
            <line number="17" hits="0" branch="False" />
            <line number="18" hits="0" branch="False" />
            <line number="20" hits="0" branch="False" />
            <line number="22" hits="0" branch="False" />
            <line number="23" hits="0" branch="False" />
            <line number="24" hits="0" branch="False" />
            <line number="25" hits="0" branch="False" />
            <line number="26" hits="0" branch="False" />
            <line number="28" hits="0" branch="False" />
            <line number="29" hits="0" branch="False" />
          </lines>
        </class>
        <class name="Application.Validators.BookValidators.AddBookCommandValidator" filename="Downloads\CleanArchitecture1\Application\Validators\BookValidators\AddBookCommandValidator.cs" line-rate="0" branch-rate="1" complexity="1">
          <methods>
            <method name=".ctor" signature="()" line-rate="0" branch-rate="1" complexity="1">
              <lines>
                <line number="10" hits="0" branch="False" />
                <line number="11" hits="0" branch="False" />
                <line number="12" hits="0" branch="False" />
                <line number="13" hits="0" branch="False" />
                <line number="14" hits="0" branch="False" />
                <line number="16" hits="0" branch="False" />
                <line number="17" hits="0" branch="False" />
                <line number="18" hits="0" branch="False" />
                <line number="20" hits="0" branch="False" />
                <line number="21" hits="0" branch="False" />
                <line number="23" hits="0" branch="False" />
                <line number="24" hits="0" branch="False" />
                <line number="25" hits="0" branch="False" />
              </lines>
            </method>
          </methods>
          <lines>
            <line number="10" hits="0" branch="False" />
            <line number="11" hits="0" branch="False" />
            <line number="12" hits="0" branch="False" />
            <line number="13" hits="0" branch="False" />
            <line number="14" hits="0" branch="False" />
            <line number="16" hits="0" branch="False" />
            <line number="17" hits="0" branch="False" />
            <line number="18" hits="0" branch="False" />
            <line number="20" hits="0" branch="False" />
            <line number="21" hits="0" branch="False" />
            <line number="23" hits="0" branch="False" />
            <line number="24" hits="0" branch="False" />
            <line number="25" hits="0" branch="False" />
          </lines>
        </class>
        <class name="Application.Validators.BookValidators.UpdateBookCommandValidator" filename="Downloads\CleanArchitecture1\Application\Validators\BookValidators\UpdateBookCommandValidator.cs" line-rate="0" branch-rate="1" complexity="1">
          <methods>
            <method name=".ctor" signature="()" line-rate="0" branch-rate="1" complexity="1">
              <lines>
                <line number="8" hits="0" branch="False" />
                <line number="9" hits="0" branch="False" />
                <line number="10" hits="0" branch="False" />
                <line number="11" hits="0" branch="False" />
                <line number="13" hits="0" branch="False" />
                <line number="14" hits="0" branch="False" />
                <line number="15" hits="0" branch="False" />
                <line number="17" hits="0" branch="False" />
                <line number="18" hits="0" branch="False" />
                <line number="19" hits="0" branch="False" />
                <line number="21" hits="0" branch="False" />
                <line number="22" hits="0" branch="False" />
                <line number="23" hits="0" branch="False" />
              </lines>
            </method>
          </methods>
          <lines>
            <line number="8" hits="0" branch="False" />
            <line number="9" hits="0" branch="False" />
            <line number="10" hits="0" branch="False" />
            <line number="11" hits="0" branch="False" />
            <line number="13" hits="0" branch="False" />
            <line number="14" hits="0" branch="False" />
            <line number="15" hits="0" branch="False" />
            <line number="17" hits="0" branch="False" />
            <line number="18" hits="0" branch="False" />
            <line number="19" hits="0" branch="False" />
            <line number="21" hits="0" branch="False" />
            <line number="22" hits="0" branch="False" />
            <line number="23" hits="0" branch="False" />
          </lines>
        </class>
        <class name="Application.Validators.AuthorValidators.AddAuthorCommandValidator" filename="Downloads\CleanArchitecture1\Application\Validators\AuthorValidators\AddAuthorCommandValidator.cs" line-rate="0" branch-rate="1" complexity="1">
          <methods>
            <method name=".ctor" signature="()" line-rate="0" branch-rate="1" complexity="1">
              <lines>
                <line number="8" hits="0" branch="False" />
                <line number="9" hits="0" branch="False" />
                <line number="10" hits="0" branch="False" />
                <line number="11" hits="0" branch="False" />
                <line number="12" hits="0" branch="False" />
                <line number="13" hits="0" branch="False" />
              </lines>
            </method>
          </methods>
          <lines>
            <line number="8" hits="0" branch="False" />
            <line number="9" hits="0" branch="False" />
            <line number="10" hits="0" branch="False" />
            <line number="11" hits="0" branch="False" />
            <line number="12" hits="0" branch="False" />
            <line number="13" hits="0" branch="False" />
          </lines>
        </class>
        <class name="Application.Validators.AuthorValidators.UpdateAuthorCommandValidator" filename="Downloads\CleanArchitecture1\Application\Validators\AuthorValidators\UpdateAuthorCommandValidator.cs" line-rate="0" branch-rate="1" complexity="1">
          <methods>
            <method name=".ctor" signature="()" line-rate="0" branch-rate="1" complexity="1">
              <lines>
                <line number="9" hits="0" branch="False" />
                <line number="10" hits="0" branch="False" />
                <line number="11" hits="0" branch="False" />
                <line number="12" hits="0" branch="False" />
                <line number="14" hits="0" branch="False" />
                <line number="15" hits="0" branch="False" />
                <line number="16" hits="0" branch="False" />
                <line number="17" hits="0" branch="False" />
              </lines>
            </method>
          </methods>
          <lines>
            <line number="9" hits="0" branch="False" />
            <line number="10" hits="0" branch="False" />
            <line number="11" hits="0" branch="False" />
            <line number="12" hits="0" branch="False" />
            <line number="14" hits="0" branch="False" />
            <line number="15" hits="0" branch="False" />
            <line number="16" hits="0" branch="False" />
            <line number="17" hits="0" branch="False" />
          </lines>
        </class>
        <class name="Application.Queries.GetAuthorByIdQuery" filename="Downloads\CleanArchitecture1\Application\Queries\GetAuthorByIdQuery.cs" line-rate="0" branch-rate="1" complexity="2">
          <methods>
            <method name="get_Id" signature="()" line-rate="0" branch-rate="1" complexity="1">
              <lines>
                <line number="7" hits="0" branch="False" />
              </lines>
            </method>
            <method name=".ctor" signature="(System.Int32)" line-rate="0" branch-rate="1" complexity="1">
              <lines>
                <line number="9" hits="0" branch="False" />
                <line number="10" hits="0" branch="False" />
                <line number="11" hits="0" branch="False" />
                <line number="12" hits="0" branch="False" />
              </lines>
            </method>
          </methods>
          <lines>
            <line number="7" hits="0" branch="False" />
            <line number="9" hits="0" branch="False" />
            <line number="10" hits="0" branch="False" />
            <line number="11" hits="0" branch="False" />
            <line number="12" hits="0" branch="False" />
          </lines>
        </class>
        <class name="Application.Queries.GetAuthorByIdQueryHandler" filename="Downloads\CleanArchitecture1\Application\Queries\GetAuthorByIdQueryHandler.cs" line-rate="0" branch-rate="0" complexity="2">
          <methods>
            <method name=".ctor" signature="(Application.Interfaces.RepositoryInterfaces.IAuthorRepository)" line-rate="0" branch-rate="0" complexity="2">
              <lines>
                <line number="11" hits="0" branch="False" />
                <line number="12" hits="0" branch="False" />
                <line number="13" hits="0" branch="True" condition-coverage="0% (0/2)">
                  <conditions>
                    <condition number="11" type="jump" coverage="0%" />
                  </conditions>
                </line>
                <line number="14" hits="0" branch="False" />
              </lines>
            </method>
          </methods>
          <lines>
            <line number="11" hits="0" branch="False" />
            <line number="12" hits="0" branch="False" />
            <line number="13" hits="0" branch="True" condition-coverage="0% (0/2)">
              <conditions>
                <condition number="11" type="jump" coverage="0%" />
              </conditions>
            </line>
            <line number="14" hits="0" branch="False" />
          </lines>
        </class>
        <class name="Application.Queries.GetAuthorByIdQueryHandler/&lt;Handle&gt;d__2" filename="Downloads\CleanArchitecture1\Application\Queries\GetAuthorByIdQueryHandler.cs" line-rate="0" branch-rate="1" complexity="1">
          <methods>
            <method name="MoveNext" signature="()" line-rate="0" branch-rate="1" complexity="1">
              <lines>
                <line number="17" hits="0" branch="False" />
                <line number="18" hits="0" branch="False" />
                <line number="19" hits="0" branch="False" />
              </lines>
            </method>
          </methods>
          <lines>
            <line number="17" hits="0" branch="False" />
            <line number="18" hits="0" branch="False" />
            <line number="19" hits="0" branch="False" />
          </lines>
        </class>
        <class name="Application.Queries.GetAuthorsQueryHandler" filename="Downloads\CleanArchitecture1\Application\Queries\GetAuthorsQueryHandler.cs" line-rate="0" branch-rate="0" complexity="2">
          <methods>
            <method name=".ctor" signature="(Application.Interfaces.RepositoryInterfaces.IAuthorRepository)" line-rate="0" branch-rate="0" complexity="2">
              <lines>
                <line number="11" hits="0" branch="False" />
                <line number="12" hits="0" branch="False" />
                <line number="13" hits="0" branch="True" condition-coverage="0% (0/2)">
                  <conditions>
                    <condition number="11" type="jump" coverage="0%" />
                  </conditions>
                </line>
                <line number="14" hits="0" branch="False" />
              </lines>
            </method>
          </methods>
          <lines>
            <line number="11" hits="0" branch="False" />
            <line number="12" hits="0" branch="False" />
            <line number="13" hits="0" branch="True" condition-coverage="0% (0/2)">
              <conditions>
                <condition number="11" type="jump" coverage="0%" />
              </conditions>
            </line>
            <line number="14" hits="0" branch="False" />
          </lines>
        </class>
        <class name="Application.Queries.GetAuthorsQueryHandler/&lt;Handle&gt;d__2" filename="Downloads\CleanArchitecture1\Application\Queries\GetAuthorsQueryHandler.cs" line-rate="0" branch-rate="1" complexity="1">
          <methods>
            <method name="MoveNext" signature="()" line-rate="0" branch-rate="1" complexity="1">
              <lines>
                <line number="17" hits="0" branch="False" />
                <line number="18" hits="0" branch="False" />
                <line number="19" hits="0" branch="False" />
              </lines>
            </method>
          </methods>
          <lines>
            <line number="17" hits="0" branch="False" />
            <line number="18" hits="0" branch="False" />
            <line number="19" hits="0" branch="False" />
          </lines>
        </class>
        <class name="Application.Queries.GetBookByIdQuery" filename="Downloads\CleanArchitecture1\Application\Queries\GetBookByIdQuery.cs" line-rate="0" branch-rate="1" complexity="2">
          <methods>
            <method name="get_Id" signature="()" line-rate="0" branch-rate="1" complexity="1">
              <lines>
                <line number="7" hits="0" branch="False" />
              </lines>
            </method>
            <method name=".ctor" signature="(System.Int32)" line-rate="0" branch-rate="1" complexity="1">
              <lines>
                <line number="9" hits="0" branch="False" />
                <line number="10" hits="0" branch="False" />
                <line number="11" hits="0" branch="False" />
                <line number="12" hits="0" branch="False" />
              </lines>
            </method>
          </methods>
          <lines>
            <line number="7" hits="0" branch="False" />
            <line number="9" hits="0" branch="False" />
            <line number="10" hits="0" branch="False" />
            <line number="11" hits="0" branch="False" />
            <line number="12" hits="0" branch="False" />
          </lines>
        </class>
        <class name="Application.Queries.GetBookByIdQueryHandler" filename="Downloads\CleanArchitecture1\Application\Queries\GetBookByIdQueryHandler.cs" line-rate="0" branch-rate="0" complexity="2">
          <methods>
            <method name=".ctor" signature="(Application.Interfaces.RepositoryInterfaces.IBookRepository)" line-rate="0" branch-rate="0" complexity="2">
              <lines>
                <line number="11" hits="0" branch="False" />
                <line number="12" hits="0" branch="False" />
                <line number="13" hits="0" branch="True" condition-coverage="0% (0/2)">
                  <conditions>
                    <condition number="11" type="jump" coverage="0%" />
                  </conditions>
                </line>
                <line number="14" hits="0" branch="False" />
              </lines>
            </method>
          </methods>
          <lines>
            <line number="11" hits="0" branch="False" />
            <line number="12" hits="0" branch="False" />
            <line number="13" hits="0" branch="True" condition-coverage="0% (0/2)">
              <conditions>
                <condition number="11" type="jump" coverage="0%" />
              </conditions>
            </line>
            <line number="14" hits="0" branch="False" />
          </lines>
        </class>
        <class name="Application.Queries.GetBookByIdQueryHandler/&lt;Handle&gt;d__2" filename="Downloads\CleanArchitecture1\Application\Queries\GetBookByIdQueryHandler.cs" line-rate="0" branch-rate="1" complexity="1">
          <methods>
            <method name="MoveNext" signature="()" line-rate="0" branch-rate="1" complexity="1">
              <lines>
                <line number="17" hits="0" branch="False" />
                <line number="19" hits="0" branch="False" />
                <line number="20" hits="0" branch="False" />
              </lines>
            </method>
          </methods>
          <lines>
            <line number="17" hits="0" branch="False" />
            <line number="19" hits="0" branch="False" />
            <line number="20" hits="0" branch="False" />
          </lines>
        </class>
        <class name="Application.Queries.GetBooksQueryHandler" filename="Downloads\CleanArchitecture1\Application\Queries\GetBooksQueryHandler.cs" line-rate="0" branch-rate="0" complexity="2">
          <methods>
            <method name=".ctor" signature="(Application.Interfaces.RepositoryInterfaces.IBookRepository)" line-rate="0" branch-rate="0" complexity="2">
              <lines>
                <line number="12" hits="0" branch="False" />
                <line number="13" hits="0" branch="False" />
                <line number="14" hits="0" branch="True" condition-coverage="0% (0/2)">
                  <conditions>
                    <condition number="11" type="jump" coverage="0%" />
                  </conditions>
                </line>
                <line number="15" hits="0" branch="False" />
              </lines>
            </method>
          </methods>
          <lines>
            <line number="12" hits="0" branch="False" />
            <line number="13" hits="0" branch="False" />
            <line number="14" hits="0" branch="True" condition-coverage="0% (0/2)">
              <conditions>
                <condition number="11" type="jump" coverage="0%" />
              </conditions>
            </line>
            <line number="15" hits="0" branch="False" />
          </lines>
        </class>
        <class name="Application.Queries.GetBooksQueryHandler/&lt;Handle&gt;d__2" filename="Downloads\CleanArchitecture1\Application\Queries\GetBooksQueryHandler.cs" line-rate="0" branch-rate="1" complexity="1">
          <methods>
            <method name="MoveNext" signature="()" line-rate="0" branch-rate="1" complexity="1">
              <lines>
                <line number="18" hits="0" branch="False" />
                <line number="19" hits="0" branch="False" />
                <line number="21" hits="0" branch="False" />
              </lines>
            </method>
          </methods>
          <lines>
            <line number="18" hits="0" branch="False" />
            <line number="19" hits="0" branch="False" />
            <line number="21" hits="0" branch="False" />
          </lines>
        </class>
        <class name="Application.Handlers.BookHandlers.AddBookCommandHandler" filename="Downloads\CleanArchitecture1\Application\Handlers\BookHandlers\AddBookCommandHandler.cs" line-rate="1" branch-rate="0.5" complexity="4">
          <methods>
            <method name=".ctor" signature="(Application.Interfaces.RepositoryInterfaces.IBookRepository,Application.Interfaces.RepositoryInterfaces.IAuthorRepository)" line-rate="1" branch-rate="0.5" complexity="4">
              <lines>
                <line number="12" hits="4" branch="False" />
                <line number="13" hits="4" branch="False" />
                <line number="14" hits="4" branch="True" condition-coverage="50% (1/2)">
                  <conditions>
                    <condition number="11" type="jump" coverage="50%" />
                  </conditions>
                </line>
                <line number="15" hits="4" branch="True" condition-coverage="50% (1/2)">
                  <conditions>
                    <condition number="38" type="jump" coverage="50%" />
                  </conditions>
                </line>
                <line number="16" hits="4" branch="False" />
              </lines>
            </method>
          </methods>
          <lines>
            <line number="12" hits="4" branch="False" />
            <line number="13" hits="4" branch="False" />
            <line number="14" hits="4" branch="True" condition-coverage="50% (1/2)">
              <conditions>
                <condition number="11" type="jump" coverage="50%" />
              </conditions>
            </line>
            <line number="15" hits="4" branch="True" condition-coverage="50% (1/2)">
              <conditions>
                <condition number="38" type="jump" coverage="50%" />
              </conditions>
            </line>
            <line number="16" hits="4" branch="False" />
          </lines>
        </class>
        <class name="Application.Handlers.BookHandlers.AddBookCommandHandler/&lt;Handle&gt;d__3" filename="Downloads\CleanArchitecture1\Application\Handlers\BookHandlers\AddBookCommandHandler.cs" line-rate="1" branch-rate="1" complexity="1">
          <methods>
            <method name="MoveNext" signature="()" line-rate="1" branch-rate="1" complexity="1">
              <lines>
                <line number="19" hits="1" branch="False" />
                <line number="20" hits="1" branch="False" />
                <line number="21" hits="1" branch="False" />
                <line number="22" hits="1" branch="False" />
                <line number="23" hits="1" branch="False" />
                <line number="24" hits="1" branch="False" />
                <line number="25" hits="1" branch="False" />
                <line number="26" hits="1" branch="False" />
                <line number="28" hits="1" branch="False" />
                <line number="29" hits="1" branch="False" />
              </lines>
            </method>
          </methods>
          <lines>
            <line number="19" hits="1" branch="False" />
            <line number="20" hits="1" branch="False" />
            <line number="21" hits="1" branch="False" />
            <line number="22" hits="1" branch="False" />
            <line number="23" hits="1" branch="False" />
            <line number="24" hits="1" branch="False" />
            <line number="25" hits="1" branch="False" />
            <line number="26" hits="1" branch="False" />
            <line number="28" hits="1" branch="False" />
            <line number="29" hits="1" branch="False" />
          </lines>
        </class>
        <class name="Application.Handlers.BookHandlers.DeleteBookCommandHandler" filename="Downloads\CleanArchitecture1\Application\Handlers\BookHandlers\DeleteBookCommandHandler.cs" line-rate="1" branch-rate="0.5" complexity="2">
          <methods>
            <method name=".ctor" signature="(Application.Interfaces.RepositoryInterfaces.IBookRepository)" line-rate="1" branch-rate="0.5" complexity="2">
              <lines>
                <line number="11" hits="4" branch="False" />
                <line number="12" hits="4" branch="False" />
                <line number="13" hits="4" branch="True" condition-coverage="50% (1/2)">
                  <conditions>
                    <condition number="11" type="jump" coverage="50%" />
                  </conditions>
                </line>
                <line number="14" hits="4" branch="False" />
              </lines>
            </method>
          </methods>
          <lines>
            <line number="11" hits="4" branch="False" />
            <line number="12" hits="4" branch="False" />
            <line number="13" hits="4" branch="True" condition-coverage="50% (1/2)">
              <conditions>
                <condition number="11" type="jump" coverage="50%" />
              </conditions>
            </line>
            <line number="14" hits="4" branch="False" />
          </lines>
        </class>
        <class name="Application.Handlers.BookHandlers.DeleteBookCommandHandler/&lt;Handle&gt;d__2" filename="Downloads\CleanArchitecture1\Application\Handlers\BookHandlers\DeleteBookCommandHandler.cs" line-rate="1" branch-rate="1" complexity="1">
          <methods>
            <method name="MoveNext" signature="()" line-rate="1" branch-rate="1" complexity="1">
              <lines>
                <line number="17" hits="1" branch="False" />
                <line number="18" hits="1" branch="False" />
                <line number="19" hits="1" branch="False" />
              </lines>
            </method>
          </methods>
          <lines>
            <line number="17" hits="1" branch="False" />
            <line number="18" hits="1" branch="False" />
            <line number="19" hits="1" branch="False" />
          </lines>
        </class>
        <class name="Application.Handlers.BookHandlers.UpdateBookCommandHandler" filename="Downloads\CleanArchitecture1\Application\Handlers\BookHandlers\UpdateBookCommandHandler.cs" line-rate="1" branch-rate="0.5" complexity="2">
          <methods>
            <method name=".ctor" signature="(Application.Interfaces.RepositoryInterfaces.IBookRepository)" line-rate="1" branch-rate="0.5" complexity="2">
              <lines>
                <line number="11" hits="4" branch="False" />
                <line number="12" hits="4" branch="False" />
                <line number="13" hits="4" branch="True" condition-coverage="50% (1/2)">
                  <conditions>
                    <condition number="11" type="jump" coverage="50%" />
                  </conditions>
                </line>
                <line number="14" hits="4" branch="False" />
              </lines>
            </method>
          </methods>
          <lines>
            <line number="11" hits="4" branch="False" />
            <line number="12" hits="4" branch="False" />
            <line number="13" hits="4" branch="True" condition-coverage="50% (1/2)">
              <conditions>
                <condition number="11" type="jump" coverage="50%" />
              </conditions>
            </line>
            <line number="14" hits="4" branch="False" />
          </lines>
        </class>
        <class name="Application.Handlers.BookHandlers.UpdateBookCommandHandler/&lt;Handle&gt;d__2" filename="Downloads\CleanArchitecture1\Application\Handlers\BookHandlers\UpdateBookCommandHandler.cs" line-rate="1" branch-rate="1" complexity="1">
          <methods>
            <method name="MoveNext" signature="()" line-rate="1" branch-rate="1" complexity="1">
              <lines>
                <line number="17" hits="1" branch="False" />
                <line number="18" hits="1" branch="False" />
                <line number="19" hits="1" branch="False" />
                <line number="20" hits="1" branch="False" />
                <line number="21" hits="1" branch="False" />
                <line number="22" hits="1" branch="False" />
                <line number="23" hits="1" branch="False" />
                <line number="24" hits="1" branch="False" />
                <line number="26" hits="1" branch="False" />
                <line number="27" hits="1" branch="False" />
              </lines>
            </method>
          </methods>
          <lines>
            <line number="17" hits="1" branch="False" />
            <line number="18" hits="1" branch="False" />
            <line number="19" hits="1" branch="False" />
            <line number="20" hits="1" branch="False" />
            <line number="21" hits="1" branch="False" />
            <line number="22" hits="1" branch="False" />
            <line number="23" hits="1" branch="False" />
            <line number="24" hits="1" branch="False" />
            <line number="26" hits="1" branch="False" />
            <line number="27" hits="1" branch="False" />
          </lines>
        </class>
        <class name="Application.Handlers.AuthorHandlers.AddAuthorCommandHandler" filename="Downloads\CleanArchitecture1\Application\Handlers\AuthorHandlers\AddAuthorCommandHandler.cs" line-rate="0" branch-rate="0" complexity="2">
          <methods>
            <method name=".ctor" signature="(Application.Interfaces.RepositoryInterfaces.IAuthorRepository)" line-rate="0" branch-rate="0" complexity="2">
              <lines>
                <line number="11" hits="0" branch="False" />
                <line number="12" hits="0" branch="False" />
                <line number="13" hits="0" branch="True" condition-coverage="0% (0/2)">
                  <conditions>
                    <condition number="11" type="jump" coverage="0%" />
                  </conditions>
                </line>
                <line number="14" hits="0" branch="False" />
              </lines>
            </method>
          </methods>
          <lines>
            <line number="11" hits="0" branch="False" />
            <line number="12" hits="0" branch="False" />
            <line number="13" hits="0" branch="True" condition-coverage="0% (0/2)">
              <conditions>
                <condition number="11" type="jump" coverage="0%" />
              </conditions>
            </line>
            <line number="14" hits="0" branch="False" />
          </lines>
        </class>
        <class name="Application.Handlers.AuthorHandlers.AddAuthorCommandHandler/&lt;Handle&gt;d__2" filename="Downloads\CleanArchitecture1\Application\Handlers\AuthorHandlers\AddAuthorCommandHandler.cs" line-rate="0" branch-rate="1" complexity="1">
          <methods>
            <method name="MoveNext" signature="()" line-rate="0" branch-rate="1" complexity="1">
              <lines>
                <line number="17" hits="0" branch="False" />
                <line number="18" hits="0" branch="False" />
                <line number="19" hits="0" branch="False" />
                <line number="20" hits="0" branch="False" />
                <line number="21" hits="0" branch="False" />
                <line number="23" hits="0" branch="False" />
                <line number="25" hits="0" branch="False" />
              </lines>
            </method>
          </methods>
          <lines>
            <line number="17" hits="0" branch="False" />
            <line number="18" hits="0" branch="False" />
            <line number="19" hits="0" branch="False" />
            <line number="20" hits="0" branch="False" />
            <line number="21" hits="0" branch="False" />
            <line number="23" hits="0" branch="False" />
            <line number="25" hits="0" branch="False" />
          </lines>
        </class>
        <class name="Application.Handlers.AuthorHandlers.DeleteAuthorCommandHandler" filename="Downloads\CleanArchitecture1\Application\Handlers\AuthorHandlers\DeleteAuthorCommandHandler.cs" line-rate="0" branch-rate="1" complexity="1">
          <methods>
            <method name=".ctor" signature="(Application.Interfaces.RepositoryInterfaces.IAuthorRepository)" line-rate="0" branch-rate="1" complexity="1">
              <lines>
                <line number="11" hits="0" branch="False" />
                <line number="12" hits="0" branch="False" />
                <line number="13" hits="0" branch="False" />
                <line number="14" hits="0" branch="False" />
              </lines>
            </method>
          </methods>
          <lines>
            <line number="11" hits="0" branch="False" />
            <line number="12" hits="0" branch="False" />
            <line number="13" hits="0" branch="False" />
            <line number="14" hits="0" branch="False" />
          </lines>
        </class>
        <class name="Application.Handlers.AuthorHandlers.DeleteAuthorCommandHandler/&lt;Handle&gt;d__2" filename="Downloads\CleanArchitecture1\Application\Handlers\AuthorHandlers\DeleteAuthorCommandHandler.cs" line-rate="0" branch-rate="1" complexity="1">
          <methods>
            <method name="MoveNext" signature="()" line-rate="0" branch-rate="1" complexity="1">
              <lines>
                <line number="17" hits="0" branch="False" />
                <line number="18" hits="0" branch="False" />
                <line number="19" hits="0" branch="False" />
              </lines>
            </method>
          </methods>
          <lines>
            <line number="17" hits="0" branch="False" />
            <line number="18" hits="0" branch="False" />
            <line number="19" hits="0" branch="False" />
          </lines>
        </class>
        <class name="Application.Handlers.AuthorHandlers.UpdateAuthorCommandHandler" filename="Downloads\CleanArchitecture1\Application\Handlers\AuthorHandlers\UpdateAuthorCommandHandler.cs" line-rate="0" branch-rate="0" complexity="2">
          <methods>
            <method name=".ctor" signature="(Application.Interfaces.RepositoryInterfaces.IAuthorRepository)" line-rate="0" branch-rate="0" complexity="2">
              <lines>
                <line number="11" hits="0" branch="False" />
                <line number="12" hits="0" branch="False" />
                <line number="13" hits="0" branch="True" condition-coverage="0% (0/2)">
                  <conditions>
                    <condition number="11" type="jump" coverage="0%" />
                  </conditions>
                </line>
                <line number="14" hits="0" branch="False" />
              </lines>
            </method>
          </methods>
          <lines>
            <line number="11" hits="0" branch="False" />
            <line number="12" hits="0" branch="False" />
            <line number="13" hits="0" branch="True" condition-coverage="0% (0/2)">
              <conditions>
                <condition number="11" type="jump" coverage="0%" />
              </conditions>
            </line>
            <line number="14" hits="0" branch="False" />
          </lines>
        </class>
        <class name="Application.Handlers.AuthorHandlers.UpdateAuthorCommandHandler/&lt;Handle&gt;d__2" filename="Downloads\CleanArchitecture1\Application\Handlers\AuthorHandlers\UpdateAuthorCommandHandler.cs" line-rate="0" branch-rate="1" complexity="1">
          <methods>
            <method name="MoveNext" signature="()" line-rate="0" branch-rate="1" complexity="1">
              <lines>
                <line number="17" hits="0" branch="False" />
                <line number="18" hits="0" branch="False" />
                <line number="19" hits="0" branch="False" />
                <line number="20" hits="0" branch="False" />
              </lines>
            </method>
          </methods>
          <lines>
            <line number="17" hits="0" branch="False" />
            <line number="18" hits="0" branch="False" />
            <line number="19" hits="0" branch="False" />
            <line number="20" hits="0" branch="False" />
          </lines>
        </class>
        <class name="Application.Commands.BookCommands.AddBookCommand" filename="Downloads\CleanArchitecture1\Application\Commands\BookCommands\AddBookCommand.cs" line-rate="1" branch-rate="0.5" complexity="10">
          <methods>
            <method name="get_Name" signature="()" line-rate="1" branch-rate="1" complexity="1">
              <lines>
                <line number="7" hits="2" branch="False" />
              </lines>
            </method>
            <method name="get_Title" signature="()" line-rate="1" branch-rate="1" complexity="1">
              <lines>
                <line number="8" hits="2" branch="False" />
              </lines>
            </method>
            <method name="get_Description" signature="()" line-rate="1" branch-rate="1" complexity="1">
              <lines>
                <line number="9" hits="2" branch="False" />
              </lines>
            </method>
            <method name="get_AuthorId" signature="()" line-rate="1" branch-rate="1" complexity="1">
              <lines>
                <line number="10" hits="3" branch="False" />
              </lines>
            </method>
            <method name=".ctor" signature="(System.String,System.String,System.String,System.Int32)" line-rate="1" branch-rate="0.5" complexity="6">
              <lines>
                <line number="12" hits="1" branch="False" />
                <line number="13" hits="1" branch="False" />
                <line number="14" hits="1" branch="True" condition-coverage="50% (1/2)">
                  <conditions>
                    <condition number="11" type="jump" coverage="50%" />
                  </conditions>
                </line>
                <line number="15" hits="1" branch="True" condition-coverage="50% (1/2)">
                  <conditions>
                    <condition number="34" type="jump" coverage="50%" />
                  </conditions>
                </line>
                <line number="16" hits="1" branch="True" condition-coverage="50% (1/2)">
                  <conditions>
                    <condition number="57" type="jump" coverage="50%" />
                  </conditions>
                </line>
                <line number="17" hits="1" branch="False" />
                <line number="18" hits="1" branch="False" />
              </lines>
            </method>
          </methods>
          <lines>
            <line number="7" hits="2" branch="False" />
            <line number="8" hits="2" branch="False" />
            <line number="9" hits="2" branch="False" />
            <line number="10" hits="3" branch="False" />
            <line number="12" hits="1" branch="False" />
            <line number="13" hits="1" branch="False" />
            <line number="14" hits="1" branch="True" condition-coverage="50% (1/2)">
              <conditions>
                <condition number="11" type="jump" coverage="50%" />
              </conditions>
            </line>
            <line number="15" hits="1" branch="True" condition-coverage="50% (1/2)">
              <conditions>
                <condition number="34" type="jump" coverage="50%" />
              </conditions>
            </line>
            <line number="16" hits="1" branch="True" condition-coverage="50% (1/2)">
              <conditions>
                <condition number="57" type="jump" coverage="50%" />
              </conditions>
            </line>
            <line number="17" hits="1" branch="False" />
            <line number="18" hits="1" branch="False" />
          </lines>
        </class>
        <class name="Application.Commands.BookCommands.DeleteBookCommand" filename="Downloads\CleanArchitecture1\Application\Commands\BookCommands\DeleteBookCommand.cs" line-rate="1" branch-rate="1" complexity="2">
          <methods>
            <method name="get_Id" signature="()" line-rate="1" branch-rate="1" complexity="1">
              <lines>
                <line number="7" hits="2" branch="False" />
              </lines>
            </method>
            <method name=".ctor" signature="(System.Int32)" line-rate="1" branch-rate="1" complexity="1">
              <lines>
                <line number="9" hits="1" branch="False" />
                <line number="10" hits="1" branch="False" />
                <line number="11" hits="1" branch="False" />
                <line number="12" hits="1" branch="False" />
              </lines>
            </method>
          </methods>
          <lines>
            <line number="7" hits="2" branch="False" />
            <line number="9" hits="1" branch="False" />
            <line number="10" hits="1" branch="False" />
            <line number="11" hits="1" branch="False" />
            <line number="12" hits="1" branch="False" />
          </lines>
        </class>
        <class name="Application.Commands.BookCommands.UpdateBookCommand" filename="Downloads\CleanArchitecture1\Application\Commands\BookCommands\UpdateBookCommand.cs" line-rate="1" branch-rate="0.5" complexity="11">
          <methods>
            <method name="get_Id" signature="()" line-rate="1" branch-rate="1" complexity="1">
              <lines>
                <line number="7" hits="2" branch="False" />
              </lines>
            </method>
            <method name="get_Name" signature="()" line-rate="1" branch-rate="1" complexity="1">
              <lines>
                <line number="8" hits="2" branch="False" />
              </lines>
            </method>
            <method name="get_Title" signature="()" line-rate="1" branch-rate="1" complexity="1">
              <lines>
                <line number="9" hits="2" branch="False" />
              </lines>
            </method>
            <method name="get_Description" signature="()" line-rate="1" branch-rate="1" complexity="1">
              <lines>
                <line number="10" hits="2" branch="False" />
              </lines>
            </method>
            <method name="get_AuthorId" signature="()" line-rate="1" branch-rate="1" complexity="1">
              <lines>
                <line number="11" hits="2" branch="False" />
              </lines>
            </method>
            <method name=".ctor" signature="(System.Int32,System.String,System.String,System.String,System.Int32)" line-rate="1" branch-rate="0.5" complexity="6">
              <lines>
                <line number="13" hits="1" branch="False" />
                <line number="14" hits="1" branch="False" />
                <line number="15" hits="1" branch="False" />
                <line number="16" hits="1" branch="True" condition-coverage="50% (1/2)">
                  <conditions>
                    <condition number="19" type="jump" coverage="50%" />
                  </conditions>
                </line>
                <line number="17" hits="1" branch="True" condition-coverage="50% (1/2)">
                  <conditions>
                    <condition number="42" type="jump" coverage="50%" />
                  </conditions>
                </line>
                <line number="18" hits="1" branch="True" condition-coverage="50% (1/2)">
                  <conditions>
                    <condition number="66" type="jump" coverage="50%" />
                  </conditions>
                </line>
                <line number="19" hits="1" branch="False" />
                <line number="20" hits="1" branch="False" />
              </lines>
            </method>
          </methods>
          <lines>
            <line number="7" hits="2" branch="False" />
            <line number="8" hits="2" branch="False" />
            <line number="9" hits="2" branch="False" />
            <line number="10" hits="2" branch="False" />
            <line number="11" hits="2" branch="False" />
            <line number="13" hits="1" branch="False" />
            <line number="14" hits="1" branch="False" />
            <line number="15" hits="1" branch="False" />
            <line number="16" hits="1" branch="True" condition-coverage="50% (1/2)">
              <conditions>
                <condition number="19" type="jump" coverage="50%" />
              </conditions>
            </line>
            <line number="17" hits="1" branch="True" condition-coverage="50% (1/2)">
              <conditions>
                <condition number="42" type="jump" coverage="50%" />
              </conditions>
            </line>
            <line number="18" hits="1" branch="True" condition-coverage="50% (1/2)">
              <conditions>
                <condition number="66" type="jump" coverage="50%" />
              </conditions>
            </line>
            <line number="19" hits="1" branch="False" />
            <line number="20" hits="1" branch="False" />
          </lines>
        </class>
        <class name="Application.Commands.AuthorCommands.AddAuthorCommand" filename="Downloads\CleanArchitecture1\Application\Commands\AuthorCommands\AddAuthorCommand.cs" line-rate="0" branch-rate="0" complexity="3">
          <methods>
            <method name="get_Name" signature="()" line-rate="0" branch-rate="1" complexity="1">
              <lines>
                <line number="8" hits="0" branch="False" />
              </lines>
            </method>
            <method name=".ctor" signature="(System.String)" line-rate="0" branch-rate="0" complexity="2">
              <lines>
                <line number="10" hits="0" branch="False" />
                <line number="11" hits="0" branch="False" />
                <line number="12" hits="0" branch="True" condition-coverage="0% (0/2)">
                  <conditions>
                    <condition number="11" type="jump" coverage="0%" />
                  </conditions>
                </line>
                <line number="13" hits="0" branch="False" />
              </lines>
            </method>
          </methods>
          <lines>
            <line number="8" hits="0" branch="False" />
            <line number="10" hits="0" branch="False" />
            <line number="11" hits="0" branch="False" />
            <line number="12" hits="0" branch="True" condition-coverage="0% (0/2)">
              <conditions>
                <condition number="11" type="jump" coverage="0%" />
              </conditions>
            </line>
            <line number="13" hits="0" branch="False" />
          </lines>
        </class>
        <class name="Application.Commands.AuthorCommands.DeleteAuthorCommand" filename="Downloads\CleanArchitecture1\Application\Commands\AuthorCommands\DeleteAuthorCommand.cs" line-rate="0" branch-rate="1" complexity="2">
          <methods>
            <method name="get_Id" signature="()" line-rate="0" branch-rate="1" complexity="1">
              <lines>
                <line number="7" hits="0" branch="False" />
              </lines>
            </method>
            <method name=".ctor" signature="(System.Int32)" line-rate="0" branch-rate="1" complexity="1">
              <lines>
                <line number="9" hits="0" branch="False" />
                <line number="10" hits="0" branch="False" />
                <line number="11" hits="0" branch="False" />
                <line number="12" hits="0" branch="False" />
              </lines>
            </method>
          </methods>
          <lines>
            <line number="7" hits="0" branch="False" />
            <line number="9" hits="0" branch="False" />
            <line number="10" hits="0" branch="False" />
            <line number="11" hits="0" branch="False" />
            <line number="12" hits="0" branch="False" />
          </lines>
        </class>
        <class name="Application.Commands.AuthorCommands.UpdateAuthorCommand" filename="Downloads\CleanArchitecture1\Application\Commands\AuthorCommands\UpdateAuthorCommand.cs" line-rate="0" branch-rate="0" complexity="4">
          <methods>
            <method name="get_Id" signature="()" line-rate="0" branch-rate="1" complexity="1">
              <lines>
                <line number="7" hits="0" branch="False" />
              </lines>
            </method>
            <method name="get_Name" signature="()" line-rate="0" branch-rate="1" complexity="1">
              <lines>
                <line number="8" hits="0" branch="False" />
              </lines>
            </method>
            <method name=".ctor" signature="(System.Int32,System.String)" line-rate="0" branch-rate="0" complexity="2">
              <lines>
                <line number="10" hits="0" branch="False" />
                <line number="11" hits="0" branch="False" />
                <line number="12" hits="0" branch="False" />
                <line number="13" hits="0" branch="True" condition-coverage="0% (0/2)">
                  <conditions>
                    <condition number="19" type="jump" coverage="0%" />
                  </conditions>
                </line>
                <line number="14" hits="0" branch="False" />
              </lines>
            </method>
          </methods>
          <lines>
            <line number="7" hits="0" branch="False" />
            <line number="8" hits="0" branch="False" />
            <line number="10" hits="0" branch="False" />
            <line number="11" hits="0" branch="False" />
            <line number="12" hits="0" branch="False" />
            <line number="13" hits="0" branch="True" condition-coverage="0% (0/2)">
              <conditions>
                <condition number="19" type="jump" coverage="0%" />
              </conditions>
            </line>
            <line number="14" hits="0" branch="False" />
          </lines>
        </class>
        <class name="Application.Behaviors.ValidationBehavior`2" filename="Downloads\CleanArchitecture1\Application\Behaviors\ValidationBehavior.cs" line-rate="0" branch-rate="1" complexity="1">
          <methods>
            <method name=".ctor" signature="(System.Collections.Generic.IEnumerable`1&lt;FluentValidation.IValidator`1&lt;TRequest&gt;&gt;)" line-rate="0" branch-rate="1" complexity="1">
              <lines>
                <line number="13" hits="0" branch="False" />
                <line number="14" hits="0" branch="False" />
                <line number="15" hits="0" branch="False" />
                <line number="16" hits="0" branch="False" />
              </lines>
            </method>
          </methods>
          <lines>
            <line number="13" hits="0" branch="False" />
            <line number="14" hits="0" branch="False" />
            <line number="15" hits="0" branch="False" />
            <line number="16" hits="0" branch="False" />
          </lines>
        </class>
        <class name="Application.Behaviors.ValidationBehavior`2/&lt;&gt;c" filename="Downloads\CleanArchitecture1\Application\Behaviors\ValidationBehavior.cs" line-rate="0" branch-rate="1" complexity="2">
          <methods>
            <method name="&lt;Handle&gt;b__2_0" signature="(FluentValidation.Results.ValidationResult)" line-rate="0" branch-rate="1" complexity="1">
              <lines>
                <line number="28" hits="0" branch="False" />
              </lines>
            </method>
            <method name="&lt;Handle&gt;b__2_1" signature="(FluentValidation.Results.ValidationFailure)" line-rate="0" branch-rate="1" complexity="1">
              <lines>
                <line number="29" hits="0" branch="False" />
              </lines>
            </method>
          </methods>
          <lines>
            <line number="28" hits="0" branch="False" />
            <line number="29" hits="0" branch="False" />
          </lines>
        </class>
        <class name="Application.Behaviors.ValidationBehavior`2/&lt;&gt;c__DisplayClass2_1" filename="Downloads\CleanArchitecture1\Application\Behaviors\ValidationBehavior.cs" line-rate="0" branch-rate="1" complexity="1">
          <methods>
            <method name="&lt;Handle&gt;b__2" signature="(FluentValidation.IValidator`1&lt;TRequest&gt;)" line-rate="0" branch-rate="1" complexity="1">
              <lines>
                <line number="25" hits="0" branch="False" />
              </lines>
            </method>
          </methods>
          <lines>
            <line number="25" hits="0" branch="False" />
          </lines>
        </class>
        <class name="Application.Behaviors.ValidationBehavior`2/&lt;Handle&gt;d__2" filename="Downloads\CleanArchitecture1\Application\Behaviors\ValidationBehavior.cs" line-rate="0" branch-rate="0" complexity="8">
          <methods>
            <method name="MoveNext" signature="()" line-rate="0" branch-rate="0" complexity="8">
              <lines>
                <line number="19" hits="0" branch="False" />
                <line number="20" hits="0" branch="True" condition-coverage="0% (0/2)">
                  <conditions>
                    <condition number="75" type="jump" coverage="0%" />
[...]
          <methods>
            <method name="MoveNext" signature="()" line-rate="0" branch-rate="0" complexity="2">
              <lines>
                <line number="60" hits="0" branch="False" />
                <line number="62" hits="0" branch="False" />
                <line number="63" hits="0" branch="False" />
                <line number="64" hits="0" branch="True" condition-coverage="0% (0/2)">
                  <conditions>
                    <condition number="208" type="jump" coverage="0%" />
                  </conditions>
                </line>
                <line number="65" hits="0" branch="False" />
                <line number="67" hits="0" branch="False" />
                <line number="68" hits="0" branch="False" />
                <line number="69" hits="0" branch="False" />
                <line number="70" hits="0" branch="False" />
                <line number="72" hits="0" branch="False" />
                <line number="73" hits="0" branch="False" />
                <line number="75" hits="0" branch="False" />
                <line number="76" hits="0" branch="False" />
                <line number="77" hits="0" branch="False" />
                <line number="79" hits="0" branch="False" />
              </lines>
            </method>
          </methods>
          <lines>
            <line number="60" hits="0" branch="False" />
            <line number="62" hits="0" branch="False" />
            <line number="63" hits="0" branch="False" />
            <line number="64" hits="0" branch="True" condition-coverage="0% (0/2)">
              <conditions>
                <condition number="208" type="jump" coverage="0%" />
              </conditions>
            </line>
            <line number="65" hits="0" branch="False" />
            <line number="67" hits="0" branch="False" />
            <line number="68" hits="0" branch="False" />
            <line number="69" hits="0" branch="False" />
            <line number="70" hits="0" branch="False" />
            <line number="72" hits="0" branch="False" />
            <line number="73" hits="0" branch="False" />
            <line number="75" hits="0" branch="False" />
            <line number="76" hits="0" branch="False" />
            <line number="77" hits="0" branch="False" />
            <line number="79" hits="0" branch="False" />
          </lines>
        </class>
      </classes>
    </package>
    <package name="IntegrationTest" line-rate="0.98" branch-rate="1" complexity="6">
      <classes>
        <class name="AutoGeneratedProgram" filename=".nuget\packages\microsoft.net.test.sdk\17.8.0\build\netcoreapp3.1\Microsoft.NET.Test.Sdk.Program.cs" line-rate="0" branch-rate="1" complexity="1">
          <methods>
            <method name="Main" signature="(System.String[])" line-rate="0" branch-rate="1" complexity="1">
              <lines>
                <line number="4" hits="0" branch="False" />
              </lines>
            </method>
          </methods>
          <lines>
            <line number="4" hits="0" branch="False" />
          </lines>
        </class>
        <class name="IntegrationTest.BooksIntegrationTests" filename="Downloads\CleanArchitecture1\Test\BooksIntegrationTests.cs" line-rate="1" branch-rate="1" complexity="1">
          <methods>
            <method name="SetUp" signature="()" line-rate="1" branch-rate="1" complexity="1">
              <lines>
                <line number="21" hits="4" branch="False" />
                <line number="23" hits="4" branch="False" />
                <line number="24" hits="4" branch="False" />
                <line number="27" hits="4" branch="False" />
                <line number="28" hits="4" branch="False" />
                <line number="29" hits="4" branch="False" />
                <line number="30" hits="4" branch="False" />
              </lines>
            </method>
          </methods>
          <lines>
            <line number="21" hits="4" branch="False" />
            <line number="23" hits="4" branch="False" />
            <line number="24" hits="4" branch="False" />
            <line number="27" hits="4" branch="False" />
            <line number="28" hits="4" branch="False" />
            <line number="29" hits="4" branch="False" />
            <line number="30" hits="4" branch="False" />
          </lines>
        </class>
        <class name="IntegrationTest.BooksIntegrationTests/&lt;AddBook_ShouldReturnSuccess_WhenValidRequest&gt;d__6" filename="Downloads\CleanArchitecture1\Test\BooksIntegrationTests.cs" line-rate="1" branch-rate="1" complexity="1">
          <methods>
            <method name="MoveNext" signature="()" line-rate="1" branch-rate="1" complexity="1">
              <lines>
                <line number="35" hits="1" branch="False" />
                <line number="37" hits="1" branch="False" />
                <line number="38" hits="1" branch="False" />
                <line number="39" hits="1" branch="False" />
                <line number="42" hits="1" branch="False" />
                <line number="43" hits="1" branch="False" />
                <line number="46" hits="1" branch="False" />
                <line number="47" hits="1" branch="False" />
                <line number="50" hits="1" branch="False" />
                <line number="53" hits="1" branch="False" />
                <line number="54" hits="1" branch="False" />
                <line number="55" hits="1" branch="False" />
                <line number="56" hits="1" branch="False" />
              </lines>
            </method>
          </methods>
          <lines>
            <line number="35" hits="1" branch="False" />
            <line number="37" hits="1" branch="False" />
            <line number="38" hits="1" branch="False" />
            <line number="39" hits="1" branch="False" />
            <line number="42" hits="1" branch="False" />
            <line number="43" hits="1" branch="False" />
            <line number="46" hits="1" branch="False" />
            <line number="47" hits="1" branch="False" />
            <line number="50" hits="1" branch="False" />
            <line number="53" hits="1" branch="False" />
            <line number="54" hits="1" branch="False" />
            <line number="55" hits="1" branch="False" />
            <line number="56" hits="1" branch="False" />
          </lines>
        </class>
        <class name="IntegrationTest.BooksIntegrationTests/&lt;DeleteBook_ShouldReturnSuccess_WhenValidRequest&gt;d__9" filename="Downloads\CleanArchitecture1\Test\BooksIntegrationTests.cs" line-rate="1" branch-rate="1" complexity="1">
          <methods>
            <method name="MoveNext" signature="()" line-rate="1" branch-rate="1" complexity="1">
              <lines>
                <line number="102" hits="1" branch="False" />
                <line number="104" hits="1" branch="False" />
                <line number="105" hits="1" branch="False" />
                <line number="108" hits="1" branch="False" />
                <line number="109" hits="1" branch="False" />
                <line number="112" hits="1" branch="False" />
                <line number="115" hits="1" branch="False" />
                <line number="116" hits="1" branch="False" />
                <line number="117" hits="1" branch="False" />
                <line number="118" hits="1" branch="False" />
              </lines>
            </method>
          </methods>
          <lines>
            <line number="102" hits="1" branch="False" />
            <line number="104" hits="1" branch="False" />
            <line number="105" hits="1" branch="False" />
            <line number="108" hits="1" branch="False" />
            <line number="109" hits="1" branch="False" />
            <line number="112" hits="1" branch="False" />
            <line number="115" hits="1" branch="False" />
            <line number="116" hits="1" branch="False" />
            <line number="117" hits="1" branch="False" />
            <line number="118" hits="1" branch="False" />
          </lines>
        </class>
        <class name="IntegrationTest.BooksIntegrationTests/&lt;GetBookById_ShouldReturnBook_WhenValidId&gt;d__7" filename="Downloads\CleanArchitecture1\Test\BooksIntegrationTests.cs" line-rate="1" branch-rate="1" complexity="1">
          <methods>
            <method name="MoveNext" signature="()" line-rate="1" branch-rate="1" complexity="1">
              <lines>
                <line number="61" hits="1" branch="False" />
                <line number="63" hits="1" branch="False" />
                <line number="66" hits="1" branch="False" />
                <line number="67" hits="1" branch="False" />
                <line number="70" hits="1" branch="False" />
                <line number="73" hits="1" branch="False" />
                <line number="74" hits="1" branch="False" />
                <line number="75" hits="1" branch="False" />
                <line number="76" hits="1" branch="False" />
              </lines>
            </method>
          </methods>
          <lines>
            <line number="61" hits="1" branch="False" />
            <line number="63" hits="1" branch="False" />
            <line number="66" hits="1" branch="False" />
            <line number="67" hits="1" branch="False" />
            <line number="70" hits="1" branch="False" />
            <line number="73" hits="1" branch="False" />
            <line number="74" hits="1" branch="False" />
            <line number="75" hits="1" branch="False" />
            <line number="76" hits="1" branch="False" />
          </lines>
        </class>
        <class name="IntegrationTest.BooksIntegrationTests/&lt;UpdateBook_ShouldReturnSuccess_WhenValidRequest&gt;d__8" filename="Downloads\CleanArchitecture1\Test\BooksIntegrationTests.cs" line-rate="1" branch-rate="1" complexity="1">
          <methods>
            <method name="MoveNext" signature="()" line-rate="1" branch-rate="1" complexity="1">
              <lines>
                <line number="81" hits="1" branch="False" />
                <line number="83" hits="1" branch="False" />
                <line number="84" hits="1" branch="False" />
                <line number="87" hits="1" branch="False" />
                <line number="88" hits="1" branch="False" />
                <line number="91" hits="1" branch="False" />
                <line number="94" hits="1" branch="False" />
                <line number="95" hits="1" branch="False" />
                <line number="96" hits="1" branch="False" />
                <line number="97" hits="1" branch="False" />
              </lines>
            </method>
          </methods>
          <lines>
            <line number="81" hits="1" branch="False" />
            <line number="83" hits="1" branch="False" />
            <line number="84" hits="1" branch="False" />
            <line number="87" hits="1" branch="False" />
            <line number="88" hits="1" branch="False" />
            <line number="91" hits="1" branch="False" />
            <line number="94" hits="1" branch="False" />
            <line number="95" hits="1" branch="False" />
            <line number="96" hits="1" branch="False" />
            <line number="97" hits="1" branch="False" />
          </lines>
        </class>
      </classes>
    </package>
    <package name="Models" line-rate="0.5" branch-rate="1" complexity="19">
      <classes>
        <class name="Models.Author" filename="Downloads\CleanArchitecture1\Models\Author.cs" line-rate="0.375" branch-rate="1" complexity="4">
          <methods>
            <method name="get_Id" signature="()" line-rate="1" branch-rate="1" complexity="1">
              <lines>
                <line number="6" hits="1" branch="False" />
              </lines>
            </method>
            <method name="get_Name" signature="()" line-rate="1" branch-rate="1" complexity="1">
              <lines>
                <line number="7" hits="1" branch="False" />
              </lines>
            </method>
            <method name=".ctor" signature="()" line-rate="1" branch-rate="1" complexity="1">
              <lines>
                <line number="9" hits="3" branch="False" />
              </lines>
            </method>
            <method name=".ctor" signature="(System.Int32,System.String)" line-rate="0" branch-rate="1" complexity="1">
              <lines>
                <line number="10" hits="0" branch="False" />
                <line number="11" hits="0" branch="False" />
                <line number="12" hits="0" branch="False" />
                <line number="13" hits="0" branch="False" />
                <line number="14" hits="0" branch="False" />
              </lines>
            </method>
          </methods>
          <lines>
            <line number="6" hits="1" branch="False" />
            <line number="7" hits="1" branch="False" />
            <line number="9" hits="3" branch="False" />
            <line number="10" hits="0" branch="False" />
            <line number="11" hits="0" branch="False" />
            <line number="12" hits="0" branch="False" />
            <line number="13" hits="0" branch="False" />
            <line number="14" hits="0" branch="False" />
          </lines>
        </class>
        <class name="Models.Book" filename="Downloads\CleanArchitecture1\Models\Book.cs" line-rate="0.375" branch-rate="1" complexity="8">
          <methods>
            <method name="get_Id" signature="()" line-rate="1" branch-rate="1" complexity="1">
              <lines>
                <line number="6" hits="4" branch="False" />
              </lines>
            </method>
            <method name="get_Name" signature="()" line-rate="1" branch-rate="1" complexity="1">
              <lines>
                <line number="7" hits="6" branch="False" />
              </lines>
            </method>
            <method name="get_Title" signature="()" line-rate="1" branch-rate="1" complexity="1">
              <lines>
                <line number="8" hits="6" branch="False" />
              </lines>
            </method>
            <method name="get_Description" signature="()" line-rate="1" branch-rate="1" complexity="1">
              <lines>
                <line number="9" hits="6" branch="False" />
              </lines>
            </method>
            <method name="get_Author" signature="()" line-rate="0" branch-rate="1" complexity="1">
              <lines>
                <line number="11" hits="0" branch="False" />
              </lines>
            </method>
            <method name="get_AuthorId" signature="()" line-rate="1" branch-rate="1" complexity="1">
              <lines>
                <line number="12" hits="6" branch="False" />
              </lines>
            </method>
            <method name=".ctor" signature="()" line-rate="1" branch-rate="1" complexity="1">
              <lines>
                <line number="14" hits="18" branch="False" />
              </lines>
            </method>
            <method name=".ctor" signature="(System.Int32,System.String,System.String,System.String,Models.Author)" line-rate="0" branch-rate="1" complexity="1">
              <lines>
                <line number="16" hits="0" branch="False" />
                <line number="17" hits="0" branch="False" />
                <line number="18" hits="0" branch="False" />
                <line number="19" hits="0" branch="False" />
                <line number="20" hits="0" branch="False" />
                <line number="21" hits="0" branch="False" />
                <line number="22" hits="0" branch="False" />
                <line number="23" hits="0" branch="False" />
                <line number="24" hits="0" branch="False" />
              </lines>
            </method>
          </methods>
          <lines>
            <line number="6" hits="4" branch="False" />
            <line number="7" hits="6" branch="False" />
            <line number="8" hits="6" branch="False" />
            <line number="9" hits="6" branch="False" />
            <line number="11" hits="0" branch="False" />
            <line number="12" hits="6" branch="False" />
            <line number="14" hits="18" branch="False" />
            <line number="16" hits="0" branch="False" />
            <line number="17" hits="0" branch="False" />
            <line number="18" hits="0" branch="False" />
            <line number="19" hits="0" branch="False" />
            <line number="20" hits="0" branch="False" />
            <line number="21" hits="0" branch="False" />
            <line number="22" hits="0" branch="False" />
            <line number="23" hits="0" branch="False" />
            <line number="24" hits="0" branch="False" />
          </lines>
        </class>
        <class name="Models.OperationResult`1" filename="Downloads\CleanArchitecture1\Models\OperationResult.cs" line-rate="0.7142000000000001" branch-rate="1" complexity="7">
          <methods>
            <method name="get_IsSuccess" signature="()" line-rate="1" branch-rate="1" complexity="1">
              <lines>
                <line number="6" hits="9" branch="False" />
              </lines>
            </method>
            <method name="get_ErrorMessage" signature="()" line-rate="1" branch-rate="1" complexity="1">
              <lines>
                <line number="7" hits="5" branch="False" />
              </lines>
            </method>
            <method name="get_Data" signature="()" line-rate="1" branch-rate="1" complexity="1">
              <lines>
                <line number="8" hits="9" branch="False" />
              </lines>
            </method>
            <method name="Success" signature="(T)" line-rate="1" branch-rate="1" complexity="1">
              <lines>
                <line number="20" hits="5" branch="False" />
              </lines>
            </method>
            <method name="Failure" signature="(System.String)" line-rate="0" branch-rate="1" complexity="1">
              <lines>
                <line number="22" hits="0" branch="False" />
              </lines>
            </method>
            <method name=".ctor" signature="()" line-rate="0" branch-rate="1" complexity="1">
              <lines>
                <line number="10" hits="0" branch="False" />
                <line number="11" hits="0" branch="False" />
                <line number="12" hits="0" branch="False" />
              </lines>
            </method>
            <method name=".ctor" signature="(System.Boolean,T,System.String)" line-rate="1" branch-rate="1" complexity="1">
              <lines>
                <line number="13" hits="5" branch="False" />
                <line number="14" hits="5" branch="False" />
                <line number="15" hits="5" branch="False" />
                <line number="16" hits="5" branch="False" />
                <line number="17" hits="5" branch="False" />
                <line number="18" hits="5" branch="False" />
              </lines>
            </method>
          </methods>
          <lines>
            <line number="6" hits="9" branch="False" />
            <line number="7" hits="5" branch="False" />
            <line number="8" hits="9" branch="False" />
            <line number="20" hits="5" branch="False" />
            <line number="22" hits="0" branch="False" />
            <line number="10" hits="0" branch="False" />
            <line number="11" hits="0" branch="False" />
            <line number="12" hits="0" branch="False" />
            <line number="13" hits="5" branch="False" />
            <line number="14" hits="5" branch="False" />
            <line number="15" hits="5" branch="False" />
            <line number="16" hits="5" branch="False" />
            <line number="17" hits="5" branch="False" />
            <line number="18" hits="5" branch="False" />
          </lines>
        </class>
      </classes>
    </package>
  </packages>
</coverage>