TpTrace Verbose: 0 : 17196, 1, 2024/12/20, 11:30:50.426, 15091672158205, vstest.console.dll, Version: 17.10.0-release-24203-04 Current process architecture: X64
TpTrace Verbose: 0 : 17196, 1, 2024/12/20, 11:30:50.429, 15091672186580, vstest.console.dll, Runtime location: C:\Program Files\dotnet\shared\Microsoft.NETCore.App\8.0.5
TpTrace Verbose: 0 : 17196, 1, 2024/12/20, 11:30:50.431, 15091672207425, vstest.console.dll, ArtifactProcessingPostProcessModeProcessorExecutor.Initialize: ArtifactProcessingMode.Collect
TpTrace Verbose: 0 : 17196, 1, 2024/12/20, 11:30:50.431, 15091672209791, vstest.console.dll, TestSessionCorrelationIdProcessorModeProcessorExecutor.Initialize: TestSessionCorrelationId '5084_75170554-4b21-4f7e-b09f-34ab613cb2f5'
TpTrace Information: 0 : 17196, 1, 2024/12/20, 11:30:50.443, 15091672332771, vstest.console.dll, FilePatternParser: The given file C:\Users\User\Downloads\CleanArchitecture1\Tests\bin\Debug\net8.0\fine-code-coverage\build-output\ApplicationTests.dll is a full path.
TpTrace Verbose: 0 : 17196, 1, 2024/12/20, 11:30:50.447, 15091672372232, vstest.console.dll, TestPluginCache.DiscoverTestExtensions: finding test extensions in assemblies ends with: RuntimeProvider.dll TPluginInfo: Microsoft.VisualStudio.TestPlatform.Common.ExtensionFramework.Utilities.TestRuntimePluginInformation TExtension: Microsoft.VisualStudio.TestPlatform.ObjectModel.Host.ITestRuntimeProvider
TpTrace Verbose: 0 : 17196, 1, 2024/12/20, 11:30:50.448, 15091672375797, vstest.console.dll, TestPluginCache.GetExtensionPaths: Filtered extension paths: 
TpTrace Verbose: 0 : 17196, 1, 2024/12/20, 11:30:50.448, 15091672376535, vstest.console.dll, TestPluginCache.GetExtensionPaths: Added default extension paths: C:\Program Files\dotnet\sdk\8.0.300\Extensions\Microsoft.Diagnostics.NETCore.Client.dll
C:\Program Files\dotnet\sdk\8.0.300\Extensions\Microsoft.TestPlatform.Extensions.BlameDataCollector.dll
C:\Program Files\dotnet\sdk\8.0.300\Extensions\Microsoft.TestPlatform.Extensions.EventLogCollector.dll
C:\Program Files\dotnet\sdk\8.0.300\Extensions\Microsoft.TestPlatform.TestHostRuntimeProvider.dll
C:\Program Files\dotnet\sdk\8.0.300\Extensions\Microsoft.VisualStudio.TestPlatform.Extensions.Html.TestLogger.dll
C:\Program Files\dotnet\sdk\8.0.300\Extensions\Microsoft.VisualStudio.TestPlatform.Extensions.Trx.TestLogger.dll
TpTrace Verbose: 0 : 17196, 1, 2024/12/20, 11:30:50.448, 15091672376823, vstest.console.dll, TestPluginCache.GetExtensionPaths: Added unfilterableExtensionPaths: 
TpTrace Information: 0 : 17196, 1, 2024/12/20, 11:30:50.448, 15091672382345, vstest.console.dll, AssemblyResolver.ctor: Creating AssemblyResolver with searchDirectories C:\Program Files\dotnet\sdk\8.0.300\Extensions,C:\Program Files\dotnet\sdk\8.0.300
TpTrace Verbose: 0 : 17196, 1, 2024/12/20, 11:30:50.449, 15091672394147, vstest.console.dll, TestPluginCache.DiscoverTestExtensions: Discovering the extensions using extension path.
TpTrace Verbose: 0 : 17196, 1, 2024/12/20, 11:30:50.450, 15091672395781, vstest.console.dll, TestPluginCache.GetExtensionPaths: Filtered extension paths: 
TpTrace Verbose: 0 : 17196, 1, 2024/12/20, 11:30:50.450, 15091672396110, vstest.console.dll, TestPluginCache.GetExtensionPaths: Added default extension paths: C:\Program Files\dotnet\sdk\8.0.300\Extensions\Microsoft.Diagnostics.NETCore.Client.dll
C:\Program Files\dotnet\sdk\8.0.300\Extensions\Microsoft.TestPlatform.Extensions.BlameDataCollector.dll
C:\Program Files\dotnet\sdk\8.0.300\Extensions\Microsoft.TestPlatform.Extensions.EventLogCollector.dll
C:\Program Files\dotnet\sdk\8.0.300\Extensions\Microsoft.TestPlatform.TestHostRuntimeProvider.dll
C:\Program Files\dotnet\sdk\8.0.300\Extensions\Microsoft.VisualStudio.TestPlatform.Extensions.Html.TestLogger.dll
C:\Program Files\dotnet\sdk\8.0.300\Extensions\Microsoft.VisualStudio.TestPlatform.Extensions.Trx.TestLogger.dll
TpTrace Verbose: 0 : 17196, 1, 2024/12/20, 11:30:50.450, 15091672396341, vstest.console.dll, TestPluginCache.GetExtensionPaths: Added unfilterableExtensionPaths: 
TpTrace Verbose: 0 : 17196, 1, 2024/12/20, 11:30:50.450, 15091672396961, vstest.console.dll, TestPluginCache.DiscoverTestExtensions: Discovering the extensions using allExtensionPaths: C:\Program Files\dotnet\sdk\8.0.300\Extensions\Microsoft.Diagnostics.NETCore.Client.dll
C:\Program Files\dotnet\sdk\8.0.300\Extensions\Microsoft.TestPlatform.Extensions.BlameDataCollector.dll
C:\Program Files\dotnet\sdk\8.0.300\Extensions\Microsoft.TestPlatform.Extensions.EventLogCollector.dll
C:\Program Files\dotnet\sdk\8.0.300\Extensions\Microsoft.TestPlatform.TestHostRuntimeProvider.dll
C:\Program Files\dotnet\sdk\8.0.300\Extensions\Microsoft.VisualStudio.TestPlatform.Extensions.Html.TestLogger.dll
C:\Program Files\dotnet\sdk\8.0.300\Extensions\Microsoft.VisualStudio.TestPlatform.Extensions.Trx.TestLogger.dll
TpTrace Information: 0 : 17196, 1, 2024/12/20, 11:30:50.450, 15091672398746, vstest.console.dll, AssemblyResolver.AddSearchDirectories: Adding more searchDirectories C:\Program Files\dotnet\sdk\8.0.300\Extensions,C:\Program Files\dotnet\sdk\8.0.300
TpTrace Information: 0 : 17196, 1, 2024/12/20, 11:30:50.450, 15091672399439, vstest.console.dll, AssemblyResolver.AddSearchDirectories: Adding more searchDirectories C:\Program Files\dotnet\sdk\8.0.300\Extensions,C:\Program Files\dotnet\sdk\8.0.300
TpTrace Information: 0 : 17196, 1, 2024/12/20, 11:30:50.450, 15091672399680, vstest.console.dll, AssemblyResolver.AddSearchDirectories: Adding more searchDirectories C:\Program Files\dotnet\sdk\8.0.300\Extensions,C:\Program Files\dotnet\sdk\8.0.300
TpTrace Information: 0 : 17196, 1, 2024/12/20, 11:30:50.450, 15091672399894, vstest.console.dll, AssemblyResolver.AddSearchDirectories: Adding more searchDirectories C:\Program Files\dotnet\sdk\8.0.300\Extensions,C:\Program Files\dotnet\sdk\8.0.300
TpTrace Information: 0 : 17196, 1, 2024/12/20, 11:30:50.450, 15091672400217, vstest.console.dll, AssemblyResolver.AddSearchDirectories: Adding more searchDirectories C:\Program Files\dotnet\sdk\8.0.300\Extensions,C:\Program Files\dotnet\sdk\8.0.300
TpTrace Information: 0 : 17196, 1, 2024/12/20, 11:30:50.450, 15091672400468, vstest.console.dll, AssemblyResolver.AddSearchDirectories: Adding more searchDirectories C:\Program Files\dotnet\sdk\8.0.300\Extensions,C:\Program Files\dotnet\sdk\8.0.300
TpTrace Information: 0 : 17196, 1, 2024/12/20, 11:30:50.451, 15091672404994, vstest.console.dll, AssemblyResolver.OnResolve: Microsoft.Diagnostics.NETCore.Client: Resolving assembly.
TpTrace Information: 0 : 17196, 1, 2024/12/20, 11:30:50.451, 15091672405861, vstest.console.dll, AssemblyResolver.OnResolve: Microsoft.Diagnostics.NETCore.Client: Searching in: 'C:\Program Files\dotnet\sdk\8.0.300\Extensions'.
TpTrace Information: 0 : 17196, 1, 2024/12/20, 11:30:50.457, 15091672468820, vstest.console.dll, AssemblyResolver.OnResolve: Microsoft.Diagnostics.NETCore.Client: Loading assembly 'C:\Program Files\dotnet\sdk\8.0.300\Extensions\Microsoft.Diagnostics.NETCore.Client.dll'.
TpTrace Information: 0 : 17196, 1, 2024/12/20, 11:30:50.458, 15091672474912, vstest.console.dll, AssemblyResolver.OnResolve: Resolved assembly: Microsoft.Diagnostics.NETCore.Client, from path: C:\Program Files\dotnet\sdk\8.0.300\Extensions\Microsoft.Diagnostics.NETCore.Client.dll
TpTrace Verbose: 0 : 17196, 1, 2024/12/20, 11:30:50.462, 15091672515944, vstest.console.dll, MetadataReaderExtensionsHelper: Discovering extensions inside assembly 'Microsoft.Diagnostics.NETCore.Client, Version=0.2.10.15101, Culture=neutral, PublicKeyToken=31bf3856ad364e35' file path 'C:\Program Files\dotnet\sdk\8.0.300\Extensions\Microsoft.Diagnostics.NETCore.Client.dll'
TpTrace Information: 0 : 17196, 1, 2024/12/20, 11:30:50.465, 15091672550689, vstest.console.dll, AssemblyResolver.OnResolve: Microsoft.Bcl.AsyncInterfaces: Resolving assembly.
TpTrace Information: 0 : 17196, 1, 2024/12/20, 11:30:50.465, 15091672551995, vstest.console.dll, AssemblyResolver.OnResolve: Microsoft.Bcl.AsyncInterfaces: Searching in: 'C:\Program Files\dotnet\sdk\8.0.300\Extensions'.
TpTrace Information: 0 : 17196, 1, 2024/12/20, 11:30:50.465, 15091672552787, vstest.console.dll, AssemblyResolver.OnResolve: Microsoft.Bcl.AsyncInterfaces: Assembly path does not exist: 'C:\Program Files\dotnet\sdk\8.0.300\Extensions\Microsoft.Bcl.AsyncInterfaces.dll', returning.
TpTrace Information: 0 : 17196, 1, 2024/12/20, 11:30:50.465, 15091672553803, vstest.console.dll, AssemblyResolver.OnResolve: Microsoft.Bcl.AsyncInterfaces: Assembly path does not exist: 'C:\Program Files\dotnet\sdk\8.0.300\Extensions\Microsoft.Bcl.AsyncInterfaces.exe', returning.
TpTrace Information: 0 : 17196, 1, 2024/12/20, 11:30:50.465, 15091672554072, vstest.console.dll, AssemblyResolver.OnResolve: Microsoft.Bcl.AsyncInterfaces: Searching in: 'C:\Program Files\dotnet\sdk\8.0.300'.
TpTrace Information: 0 : 17196, 1, 2024/12/20, 11:30:50.465, 15091672554589, vstest.console.dll, AssemblyResolver.OnResolve: Microsoft.Bcl.AsyncInterfaces: Assembly path does not exist: 'C:\Program Files\dotnet\sdk\8.0.300\Microsoft.Bcl.AsyncInterfaces.dll', returning.
TpTrace Information: 0 : 17196, 1, 2024/12/20, 11:30:50.466, 15091672555019, vstest.console.dll, AssemblyResolver.OnResolve: Microsoft.Bcl.AsyncInterfaces: Assembly path does not exist: 'C:\Program Files\dotnet\sdk\8.0.300\Microsoft.Bcl.AsyncInterfaces.exe', returning.
TpTrace Information: 0 : 17196, 1, 2024/12/20, 11:30:50.466, 15091672555227, vstest.console.dll, AssemblyResolver.OnResolve: Microsoft.Bcl.AsyncInterfaces: Failed to load assembly.
TpTrace Verbose: 0 : 17196, 1, 2024/12/20, 11:30:50.466, 15091672555529, vstest.console.dll, CurrentDomainAssemblyResolve: Resolving assembly 'Microsoft.Bcl.AsyncInterfaces'.
TpTrace Information: 0 : 17196, 1, 2024/12/20, 11:30:50.466, 15091672556052, vstest.console.dll, AssemblyResolver.OnResolve: Microsoft.Bcl.AsyncInterfaces: Resolving assembly.
TpTrace Information: 0 : 17196, 1, 2024/12/20, 11:30:50.466, 15091672556395, vstest.console.dll, AssemblyResolver.OnResolve: Microsoft.Bcl.AsyncInterfaces: Resolved from cache.
TpTrace Verbose: 0 : 17196, 1, 2024/12/20, 11:30:50.466, 15091672556594, vstest.console.dll, CurrentDomainAssemblyResolve: Resolving assembly 'Microsoft.Bcl.AsyncInterfaces'.
TpTrace Verbose: 0 : 17196, 1, 2024/12/20, 11:30:50.466, 15091672556852, vstest.console.dll, CurrentDomainAssemblyResolve: Failed to resolve assembly 'Microsoft.Bcl.AsyncInterfaces'.
TpTrace Verbose: 0 : 17196, 1, 2024/12/20, 11:30:50.466, 15091672562506, vstest.console.dll, CurrentDomainAssemblyResolve: Failed to resolve assembly 'Microsoft.Bcl.AsyncInterfaces'.
TpTrace Warning: 0 : 17196, 1, 2024/12/20, 11:30:50.475, 15091672647506, vstest.console.dll, TestPluginDiscoverer: Failed to get types from assembly 'Microsoft.Diagnostics.NETCore.Client, Version=0.2.10.15101, Culture=neutral, PublicKeyToken=31bf3856ad364e35'. Error: System.Reflection.ReflectionTypeLoadException: Unable to load one or more of the requested types.
Could not load file or assembly 'Microsoft.Bcl.AsyncInterfaces, Version=6.0.0.0, Culture=neutral, PublicKeyToken=cc7b13ffcd2ddd51'. Det går inte att hitta filen.
   at System.Reflection.RuntimeModule.GetTypes(RuntimeModule module)
   at System.Reflection.RuntimeModule.GetTypes()
   at Microsoft.VisualStudio.TestPlatform.Common.ExtensionFramework.TestPluginDiscoverer.GetTestExtensionsFromAssembly[TPluginInfo,TExtension](Assembly assembly, Dictionary`2 pluginInfos, String filePath) in /_/src/Microsoft.TestPlatform.Common/ExtensionFramework/TestPluginDiscoverer.cs:line 158
System.IO.FileNotFoundException: Could not load file or assembly 'Microsoft.Bcl.AsyncInterfaces, Version=6.0.0.0, Culture=neutral, PublicKeyToken=cc7b13ffcd2ddd51'. Det går inte att hitta filen.
File name: 'Microsoft.Bcl.AsyncInterfaces, Version=6.0.0.0, Culture=neutral, PublicKeyToken=cc7b13ffcd2ddd51'
 ---> System.IO.FileNotFoundException: Could not load file or assembly 'Microsoft.Bcl.AsyncInterfaces, Culture=neutral, PublicKeyToken=null'. Det går inte att hitta filen.
File name: 'Microsoft.Bcl.AsyncInterfaces, Culture=neutral, PublicKeyToken=null'
   at System.Reflection.RuntimeAssembly.InternalLoad(AssemblyName assemblyName, StackCrawlMark& stackMark, AssemblyLoadContext assemblyLoadContext, RuntimeAssembly requestingAssembly, Boolean throwOnFileNotFound)
   at System.Reflection.Assembly.Load(AssemblyName assemblyRef)
   at Microsoft.VisualStudio.TestPlatform.Common.ExtensionFramework.TestPluginCache.CurrentDomainAssemblyResolve(Object sender, AssemblyResolveEventArgs args) in /_/src/Microsoft.TestPlatform.Common/ExtensionFramework/TestPluginCache.cs:line 513
   at System.Runtime.Loader.AssemblyLoadContext.GetFirstResolvedAssemblyFromResolvingEvent(AssemblyName assemblyName)
   at System.Runtime.Loader.AssemblyLoadContext.ResolveUsingEvent(AssemblyName assemblyName)
   at System.Runtime.Loader.AssemblyLoadContext.ResolveUsingResolvingEvent(IntPtr gchManagedAssemblyLoadContext, AssemblyName assemblyName)
TpTrace Warning: 0 : 17196, 1, 2024/12/20, 11:30:50.475, 15091672650966, vstest.console.dll, LoaderExceptions: System.IO.FileNotFoundException: Could not load file or assembly 'Microsoft.Bcl.AsyncInterfaces, Version=6.0.0.0, Culture=neutral, PublicKeyToken=cc7b13ffcd2ddd51'. Det går inte att hitta filen.
File name: 'Microsoft.Bcl.AsyncInterfaces, Version=6.0.0.0, Culture=neutral, PublicKeyToken=cc7b13ffcd2ddd51'
 ---> System.IO.FileNotFoundException: Could not load file or assembly 'Microsoft.Bcl.AsyncInterfaces, Culture=neutral, PublicKeyToken=null'. Det går inte att hitta filen.
File name: 'Microsoft.Bcl.AsyncInterfaces, Culture=neutral, PublicKeyToken=null'
   at System.Reflection.RuntimeAssembly.InternalLoad(AssemblyName assemblyName, StackCrawlMark& stackMark, AssemblyLoadContext assemblyLoadContext, RuntimeAssembly requestingAssembly, Boolean throwOnFileNotFound)
   at System.Reflection.Assembly.Load(AssemblyName assemblyRef)
   at Microsoft.VisualStudio.TestPlatform.Common.ExtensionFramework.TestPluginCache.CurrentDomainAssemblyResolve(Object sender, AssemblyResolveEventArgs args) in /_/src/Microsoft.TestPlatform.Common/ExtensionFramework/TestPluginCache.cs:line 513
   at System.Runtime.Loader.AssemblyLoadContext.GetFirstResolvedAssemblyFromResolvingEvent(AssemblyName assemblyName)
   at System.Runtime.Loader.AssemblyLoadContext.ResolveUsingEvent(AssemblyName assemblyName)
   at System.Runtime.Loader.AssemblyLoadContext.ResolveUsingResolvingEvent(IntPtr gchManagedAssemblyLoadContext, AssemblyName assemblyName)
TpTrace Information: 0 : 17196, 1, 2024/12/20, 11:30:50.475, 15091672652366, vstest.console.dll, AssemblyResolver.OnResolve: Microsoft.TestPlatform.Extensions.BlameDataCollector: Resolving assembly.
TpTrace Information: 0 : 17196, 1, 2024/12/20, 11:30:50.475, 15091672652883, vstest.console.dll, AssemblyResolver.OnResolve: Microsoft.TestPlatform.Extensions.BlameDataCollector: Searching in: 'C:\Program Files\dotnet\sdk\8.0.300\Extensions'.
TpTrace Information: 0 : 17196, 1, 2024/12/20, 11:30:50.476, 15091672656336, vstest.console.dll, AssemblyResolver.OnResolve: Microsoft.TestPlatform.Extensions.BlameDataCollector: Loading assembly 'C:\Program Files\dotnet\sdk\8.0.300\Extensions\Microsoft.TestPlatform.Extensions.BlameDataCollector.dll'.
TpTrace Information: 0 : 17196, 1, 2024/12/20, 11:30:50.476, 15091672660637, vstest.console.dll, AssemblyResolver.OnResolve: Resolved assembly: Microsoft.TestPlatform.Extensions.BlameDataCollector, from path: C:\Program Files\dotnet\sdk\8.0.300\Extensions\Microsoft.TestPlatform.Extensions.BlameDataCollector.dll
TpTrace Verbose: 0 : 17196, 1, 2024/12/20, 11:30:50.476, 15091672661254, vstest.console.dll, MetadataReaderExtensionsHelper: Discovering extensions inside assembly 'Microsoft.TestPlatform.Extensions.BlameDataCollector, Version=15.0.0.0, Culture=neutral, PublicKeyToken=b03f5f7f11d50a3a' file path 'C:\Program Files\dotnet\sdk\8.0.300\Extensions\Microsoft.TestPlatform.Extensions.BlameDataCollector.dll'
TpTrace Information: 0 : 17196, 1, 2024/12/20, 11:30:50.477, 15091672673809, vstest.console.dll, AssemblyResolver.OnResolve: Microsoft.TestPlatform.Extensions.EventLogCollector: Resolving assembly.
TpTrace Information: 0 : 17196, 1, 2024/12/20, 11:30:50.478, 15091672675023, vstest.console.dll, AssemblyResolver.OnResolve: Microsoft.TestPlatform.Extensions.EventLogCollector: Searching in: 'C:\Program Files\dotnet\sdk\8.0.300\Extensions'.
TpTrace Information: 0 : 17196, 1, 2024/12/20, 11:30:50.478, 15091672678478, vstest.console.dll, AssemblyResolver.OnResolve: Microsoft.TestPlatform.Extensions.EventLogCollector: Loading assembly 'C:\Program Files\dotnet\sdk\8.0.300\Extensions\Microsoft.TestPlatform.Extensions.EventLogCollector.dll'.
TpTrace Information: 0 : 17196, 1, 2024/12/20, 11:30:50.478, 15091672681844, vstest.console.dll, AssemblyResolver.OnResolve: Resolved assembly: Microsoft.TestPlatform.Extensions.EventLogCollector, from path: C:\Program Files\dotnet\sdk\8.0.300\Extensions\Microsoft.TestPlatform.Extensions.EventLogCollector.dll
TpTrace Verbose: 0 : 17196, 1, 2024/12/20, 11:30:50.478, 15091672682442, vstest.console.dll, MetadataReaderExtensionsHelper: Discovering extensions inside assembly 'Microsoft.TestPlatform.Extensions.EventLogCollector, Version=15.0.0.0, Culture=neutral, PublicKeyToken=b03f5f7f11d50a3a' file path 'C:\Program Files\dotnet\sdk\8.0.300\Extensions\Microsoft.TestPlatform.Extensions.EventLogCollector.dll'
TpTrace Information: 0 : 17196, 1, 2024/12/20, 11:30:50.480, 15091672698401, vstest.console.dll, AssemblyResolver.OnResolve: Microsoft.TestPlatform.TestHostRuntimeProvider: Resolving assembly.
TpTrace Information: 0 : 17196, 1, 2024/12/20, 11:30:50.480, 15091672699556, vstest.console.dll, AssemblyResolver.OnResolve: Microsoft.TestPlatform.TestHostRuntimeProvider: Searching in: 'C:\Program Files\dotnet\sdk\8.0.300\Extensions'.
TpTrace Information: 0 : 17196, 1, 2024/12/20, 11:30:50.480, 15091672702283, vstest.console.dll, AssemblyResolver.OnResolve: Microsoft.TestPlatform.TestHostRuntimeProvider: Loading assembly 'C:\Program Files\dotnet\sdk\8.0.300\Extensions\Microsoft.TestPlatform.TestHostRuntimeProvider.dll'.
TpTrace Information: 0 : 17196, 1, 2024/12/20, 11:30:50.481, 15091672705852, vstest.console.dll, AssemblyResolver.OnResolve: Resolved assembly: Microsoft.TestPlatform.TestHostRuntimeProvider, from path: C:\Program Files\dotnet\sdk\8.0.300\Extensions\Microsoft.TestPlatform.TestHostRuntimeProvider.dll
TpTrace Verbose: 0 : 17196, 1, 2024/12/20, 11:30:50.481, 15091672706404, vstest.console.dll, MetadataReaderExtensionsHelper: Discovering extensions inside assembly 'Microsoft.TestPlatform.TestHostRuntimeProvider, Version=15.0.0.0, Culture=neutral, PublicKeyToken=b03f5f7f11d50a3a' file path 'C:\Program Files\dotnet\sdk\8.0.300\Extensions\Microsoft.TestPlatform.TestHostRuntimeProvider.dll'
TpTrace Information: 0 : 17196, 1, 2024/12/20, 11:30:50.482, 15091672720118, vstest.console.dll, GetTestExtensionFromType: Register extension with identifier data 'HostProvider://DefaultTestHost' and type 'Microsoft.VisualStudio.TestPlatform.CrossPlatEngine.Hosting.DefaultTestHostManager, Microsoft.TestPlatform.TestHostRuntimeProvider, Version=15.0.0.0, Culture=neutral, PublicKeyToken=b03f5f7f11d50a3a' inside file 'C:\Program Files\dotnet\sdk\8.0.300\Extensions\Microsoft.TestPlatform.TestHostRuntimeProvider.dll'
TpTrace Information: 0 : 17196, 1, 2024/12/20, 11:30:50.482, 15091672723132, vstest.console.dll, GetTestExtensionFromType: Register extension with identifier data 'HostProvider://DotnetTestHost' and type 'Microsoft.VisualStudio.TestPlatform.CrossPlatEngine.Hosting.DotnetTestHostManager, Microsoft.TestPlatform.TestHostRuntimeProvider, Version=15.0.0.0, Culture=neutral, PublicKeyToken=b03f5f7f11d50a3a' inside file 'C:\Program Files\dotnet\sdk\8.0.300\Extensions\Microsoft.TestPlatform.TestHostRuntimeProvider.dll'
TpTrace Information: 0 : 17196, 1, 2024/12/20, 11:30:50.482, 15091672724037, vstest.console.dll, AssemblyResolver.OnResolve: Microsoft.VisualStudio.TestPlatform.Extensions.Html.TestLogger: Resolving assembly.
TpTrace Information: 0 : 17196, 1, 2024/12/20, 11:30:50.482, 15091672724488, vstest.console.dll, AssemblyResolver.OnResolve: Microsoft.VisualStudio.TestPlatform.Extensions.Html.TestLogger: Searching in: 'C:\Program Files\dotnet\sdk\8.0.300\Extensions'.
TpTrace Information: 0 : 17196, 1, 2024/12/20, 11:30:50.483, 15091672727729, vstest.console.dll, AssemblyResolver.OnResolve: Microsoft.VisualStudio.TestPlatform.Extensions.Html.TestLogger: Loading assembly 'C:\Program Files\dotnet\sdk\8.0.300\Extensions\Microsoft.VisualStudio.TestPlatform.Extensions.Html.TestLogger.dll'.
TpTrace Information: 0 : 17196, 1, 2024/12/20, 11:30:50.483, 15091672731247, vstest.console.dll, AssemblyResolver.OnResolve: Resolved assembly: Microsoft.VisualStudio.TestPlatform.Extensions.Html.TestLogger, from path: C:\Program Files\dotnet\sdk\8.0.300\Extensions\Microsoft.VisualStudio.TestPlatform.Extensions.Html.TestLogger.dll
TpTrace Verbose: 0 : 17196, 1, 2024/12/20, 11:30:50.483, 15091672731959, vstest.console.dll, MetadataReaderExtensionsHelper: Discovering extensions inside assembly 'Microsoft.VisualStudio.TestPlatform.Extensions.Html.TestLogger, Version=15.0.0.0, Culture=neutral, PublicKeyToken=b03f5f7f11d50a3a' file path 'C:\Program Files\dotnet\sdk\8.0.300\Extensions\Microsoft.VisualStudio.TestPlatform.Extensions.Html.TestLogger.dll'
TpTrace Information: 0 : 17196, 1, 2024/12/20, 11:30:50.484, 15091672739243, vstest.console.dll, AssemblyResolver.OnResolve: Microsoft.VisualStudio.TestPlatform.Extensions.Trx.TestLogger: Resolving assembly.
TpTrace Information: 0 : 17196, 1, 2024/12/20, 11:30:50.484, 15091672740059, vstest.console.dll, AssemblyResolver.OnResolve: Microsoft.VisualStudio.TestPlatform.Extensions.Trx.TestLogger: Searching in: 'C:\Program Files\dotnet\sdk\8.0.300\Extensions'.
TpTrace Information: 0 : 17196, 1, 2024/12/20, 11:30:50.484, 15091672742736, vstest.console.dll, AssemblyResolver.OnResolve: Microsoft.VisualStudio.TestPlatform.Extensions.Trx.TestLogger: Loading assembly 'C:\Program Files\dotnet\sdk\8.0.300\Extensions\Microsoft.VisualStudio.TestPlatform.Extensions.Trx.TestLogger.dll'.
TpTrace Information: 0 : 17196, 1, 2024/12/20, 11:30:50.485, 15091672746738, vstest.console.dll, AssemblyResolver.OnResolve: Resolved assembly: Microsoft.VisualStudio.TestPlatform.Extensions.Trx.TestLogger, from path: C:\Program Files\dotnet\sdk\8.0.300\Extensions\Microsoft.VisualStudio.TestPlatform.Extensions.Trx.TestLogger.dll
TpTrace Verbose: 0 : 17196, 1, 2024/12/20, 11:30:50.485, 15091672747322, vstest.console.dll, MetadataReaderExtensionsHelper: Discovering extensions inside assembly 'Microsoft.VisualStudio.TestPlatform.Extensions.Trx.TestLogger, Version=15.0.0.0, Culture=neutral, PublicKeyToken=b03f5f7f11d50a3a' file path 'C:\Program Files\dotnet\sdk\8.0.300\Extensions\Microsoft.VisualStudio.TestPlatform.Extensions.Trx.TestLogger.dll'
TpTrace Verbose: 0 : 17196, 1, 2024/12/20, 11:30:50.486, 15091672758247, vstest.console.dll, TestPluginCache: Discovered the extensions using extension path ''.
TpTrace Verbose: 0 : 17196, 1, 2024/12/20, 11:30:50.486, 15091672759302, vstest.console.dll, TestPluginCache: Discoverers are ''.
TpTrace Verbose: 0 : 17196, 1, 2024/12/20, 11:30:50.486, 15091672759512, vstest.console.dll, TestPluginCache: Executors are ''.
TpTrace Verbose: 0 : 17196, 1, 2024/12/20, 11:30:50.486, 15091672759695, vstest.console.dll, TestPluginCache: Executors2 are ''.
TpTrace Verbose: 0 : 17196, 1, 2024/12/20, 11:30:50.486, 15091672759870, vstest.console.dll, TestPluginCache: Setting providers are ''.
TpTrace Verbose: 0 : 17196, 1, 2024/12/20, 11:30:50.486, 15091672760064, vstest.console.dll, TestPluginCache: Loggers are ''.
TpTrace Verbose: 0 : 17196, 1, 2024/12/20, 11:30:50.486, 15091672761616, vstest.console.dll, TestPluginCache: TestHosts are 'HostProvider://DefaultTestHost,HostProvider://DotnetTestHost'.
TpTrace Verbose: 0 : 17196, 1, 2024/12/20, 11:30:50.486, 15091672762011, vstest.console.dll, TestPluginCache: DataCollectors are ''.
TpTrace Information: 0 : 17196, 1, 2024/12/20, 11:30:50.497, 15091672871382, vstest.console.dll, RunTestsArgumentProcessor:Execute: Test run is starting.
TpTrace Verbose: 0 : 17196, 1, 2024/12/20, 11:30:50.497, 15091672872528, vstest.console.dll, RunTestsArgumentProcessor:Execute: Queuing Test run.
TpTrace Information: 0 : 17196, 1, 2024/12/20, 11:30:50.497, 15091672874693, vstest.console.dll, TestRequestManager.RunTests: run tests started.
TpTrace Information: 0 : 17196, 1, 2024/12/20, 11:30:50.499, 15091672886082, vstest.console.dll, AssemblyMetadataProvider.GetFrameworkName: Determined framework:'.NETCoreApp,Version=v8.0' for source: 'C:\Users\User\Downloads\CleanArchitecture1\Tests\bin\Debug\net8.0\fine-code-coverage\build-output\ApplicationTests.dll'
TpTrace Information: 0 : 17196, 1, 2024/12/20, 11:30:50.499, 15091672888061, vstest.console.dll, Determined framework for all sources: .NETCoreApp,Version=v8.0
TpTrace Verbose: 0 : 17196, 1, 2024/12/20, 11:30:50.499, 15091672891358, vstest.console.dll, TestRequestManager.UpdateRunSettingsIfRequired: Default architecture: X64 IsDefaultTargetArchitecture: True, Current process architecture: X64 OperatingSystem: Windows.
TpTrace Information: 0 : 17196, 1, 2024/12/20, 11:30:50.501, 15091672908981, vstest.console.dll, AssemblyMetadataProvider.GetArchitecture: Determined architecture:AnyCPU info for assembly: C:\Users\User\Downloads\CleanArchitecture1\Tests\bin\Debug\net8.0\fine-code-coverage\build-output\ApplicationTests.dll
TpTrace Information: 0 : 17196, 1, 2024/12/20, 11:30:50.501, 15091672910164, vstest.console.dll, Determined platform for source 'C:\Users\User\Downloads\CleanArchitecture1\Tests\bin\Debug\net8.0\fine-code-coverage\build-output\ApplicationTests.dll' was AnyCPU and it will use the default plaform X64.
TpTrace Information: 0 : 17196, 1, 2024/12/20, 11:30:50.501, 15091672910381, vstest.console.dll, None of the sources provided any runnable platform, using the default platform: X64
TpTrace Information: 0 : 17196, 1, 2024/12/20, 11:30:50.501, 15091672911722, vstest.console.dll, Platform was updated to 'X64'.
TpTrace Information: 0 : 17196, 1, 2024/12/20, 11:30:50.504, 15091672941933, vstest.console.dll, InferRunSettingsHelper.IsTestSettingsEnabled: Unable to navigate to RunSettings/MSTest. Current node: RunSettings
TpTrace Information: 0 : 17196, 1, 2024/12/20, 11:30:50.505, 15091672948299, vstest.console.dll, AssemblyResolver.OnResolve: Microsoft.VisualStudio.TestPlatform.Fakes: Resolving assembly.
TpTrace Information: 0 : 17196, 1, 2024/12/20, 11:30:50.505, 15091672949169, vstest.console.dll, AssemblyResolver.OnResolve: Microsoft.VisualStudio.TestPlatform.Fakes: Searching in: 'C:\Program Files\dotnet\sdk\8.0.300\Extensions'.
TpTrace Information: 0 : 17196, 1, 2024/12/20, 11:30:50.505, 15091672950283, vstest.console.dll, AssemblyResolver.OnResolve: Microsoft.VisualStudio.TestPlatform.Fakes: Assembly path does not exist: 'C:\Program Files\dotnet\sdk\8.0.300\Extensions\Microsoft.VisualStudio.TestPlatform.Fakes.dll', returning.
TpTrace Information: 0 : 17196, 1, 2024/12/20, 11:30:50.505, 15091672950834, vstest.console.dll, AssemblyResolver.OnResolve: Microsoft.VisualStudio.TestPlatform.Fakes: Assembly path does not exist: 'C:\Program Files\dotnet\sdk\8.0.300\Extensions\Microsoft.VisualStudio.TestPlatform.Fakes.exe', returning.
TpTrace Information: 0 : 17196, 1, 2024/12/20, 11:30:50.505, 15091672951067, vstest.console.dll, AssemblyResolver.OnResolve: Microsoft.VisualStudio.TestPlatform.Fakes: Searching in: 'C:\Program Files\dotnet\sdk\8.0.300'.
TpTrace Information: 0 : 17196, 1, 2024/12/20, 11:30:50.505, 15091672951627, vstest.console.dll, AssemblyResolver.OnResolve: Microsoft.VisualStudio.TestPlatform.Fakes: Assembly path does not exist: 'C:\Program Files\dotnet\sdk\8.0.300\Microsoft.VisualStudio.TestPlatform.Fakes.dll', returning.
TpTrace Information: 0 : 17196, 1, 2024/12/20, 11:30:50.505, 15091672952074, vstest.console.dll, AssemblyResolver.OnResolve: Microsoft.VisualStudio.TestPlatform.Fakes: Assembly path does not exist: 'C:\Program Files\dotnet\sdk\8.0.300\Microsoft.VisualStudio.TestPlatform.Fakes.exe', returning.
TpTrace Information: 0 : 17196, 1, 2024/12/20, 11:30:50.505, 15091672952285, vstest.console.dll, AssemblyResolver.OnResolve: Microsoft.VisualStudio.TestPlatform.Fakes: Failed to load assembly.
TpTrace Information: 0 : 17196, 1, 2024/12/20, 11:30:50.506, 15091672954921, vstest.console.dll, Failed to load assembly Microsoft.VisualStudio.TestPlatform.Fakes, Version=17.0.0.0, Culture=neutral. Reason:System.IO.FileNotFoundException: Could not load file or assembly 'Microsoft.VisualStudio.TestPlatform.Fakes, Version=17.0.0.0, Culture=neutral, PublicKeyToken=null'. Det går inte att hitta filen.
File name: 'Microsoft.VisualStudio.TestPlatform.Fakes, Version=17.0.0.0, Culture=neutral, PublicKeyToken=null'
   at System.Reflection.RuntimeAssembly.InternalLoad(AssemblyName assemblyName, StackCrawlMark& stackMark, AssemblyLoadContext assemblyLoadContext, RuntimeAssembly requestingAssembly, Boolean throwOnFileNotFound)
   at System.Reflection.Assembly.Load(AssemblyName assemblyRef)
   at Microsoft.VisualStudio.TestPlatform.Common.Utilities.FakesUtilities.LoadTestPlatformAssembly() in /_/src/Microsoft.TestPlatform.Common/Utilities/FakesUtilities.cs:line 272
TpTrace Verbose: 0 : 17196, 1, 2024/12/20, 11:30:50.509, 15091672985272, vstest.console.dll, TestPluginCache.DiscoverTestExtensions: finding test extensions in assemblies ends with: TestLogger.dll TPluginInfo: Microsoft.VisualStudio.TestPlatform.Common.ExtensionFramework.Utilities.TestLoggerPluginInformation TExtension: Microsoft.VisualStudio.TestPlatform.ObjectModel.Client.ITestLogger
TpTrace Verbose: 0 : 17196, 1, 2024/12/20, 11:30:50.509, 15091672986683, vstest.console.dll, TestPluginCache.GetExtensionPaths: Filtered extension paths: 
TpTrace Verbose: 0 : 17196, 1, 2024/12/20, 11:30:50.509, 15091672986954, vstest.console.dll, TestPluginCache.GetExtensionPaths: Added default extension paths: C:\Program Files\dotnet\sdk\8.0.300\Extensions\Microsoft.Diagnostics.NETCore.Client.dll
C:\Program Files\dotnet\sdk\8.0.300\Extensions\Microsoft.TestPlatform.Extensions.BlameDataCollector.dll
C:\Program Files\dotnet\sdk\8.0.300\Extensions\Microsoft.TestPlatform.Extensions.EventLogCollector.dll
C:\Program Files\dotnet\sdk\8.0.300\Extensions\Microsoft.TestPlatform.TestHostRuntimeProvider.dll
C:\Program Files\dotnet\sdk\8.0.300\Extensions\Microsoft.VisualStudio.TestPlatform.Extensions.Html.TestLogger.dll
C:\Program Files\dotnet\sdk\8.0.300\Extensions\Microsoft.VisualStudio.TestPlatform.Extensions.Trx.TestLogger.dll
TpTrace Verbose: 0 : 17196, 1, 2024/12/20, 11:30:50.509, 15091672987228, vstest.console.dll, TestPluginCache.GetExtensionPaths: Added unfilterableExtensionPaths: 
TpTrace Information: 0 : 17196, 1, 2024/12/20, 11:30:50.509, 15091672988605, vstest.console.dll, AssemblyResolver.AddSearchDirectories: Adding more searchDirectories C:\Program Files\dotnet\sdk\8.0.300\Extensions,C:\Program Files\dotnet\sdk\8.0.300
TpTrace Verbose: 0 : 17196, 1, 2024/12/20, 11:30:50.509, 15091672988950, vstest.console.dll, TestPluginCache.DiscoverTestExtensions: Discovering the extensions using extension path.
TpTrace Verbose: 0 : 17196, 1, 2024/12/20, 11:30:50.509, 15091672989235, vstest.console.dll, TestPluginCache.GetExtensionPaths: Filtered extension paths: 
TpTrace Verbose: 0 : 17196, 1, 2024/12/20, 11:30:50.509, 15091672989442, vstest.console.dll, TestPluginCache.GetExtensionPaths: Added default extension paths: C:\Program Files\dotnet\sdk\8.0.300\Extensions\Microsoft.Diagnostics.NETCore.Client.dll
C:\Program Files\dotnet\sdk\8.0.300\Extensions\Microsoft.TestPlatform.Extensions.BlameDataCollector.dll
C:\Program Files\dotnet\sdk\8.0.300\Extensions\Microsoft.TestPlatform.Extensions.EventLogCollector.dll
C:\Program Files\dotnet\sdk\8.0.300\Extensions\Microsoft.TestPlatform.TestHostRuntimeProvider.dll
C:\Program Files\dotnet\sdk\8.0.300\Extensions\Microsoft.VisualStudio.TestPlatform.Extensions.Html.TestLogger.dll
C:\Program Files\dotnet\sdk\8.0.300\Extensions\Microsoft.VisualStudio.TestPlatform.Extensions.Trx.TestLogger.dll
TpTrace Verbose: 0 : 17196, 1, 2024/12/20, 11:30:50.509, 15091672989644, vstest.console.dll, TestPluginCache.GetExtensionPaths: Added unfilterableExtensionPaths: 
TpTrace Verbose: 0 : 17196, 1, 2024/12/20, 11:30:50.509, 15091672989917, vstest.console.dll, TestPluginCache.DiscoverTestExtensions: Discovering the extensions using allExtensionPaths: C:\Program Files\dotnet\sdk\8.0.300\Extensions\Microsoft.Diagnostics.NETCore.Client.dll
C:\Program Files\dotnet\sdk\8.0.300\Extensions\Microsoft.TestPlatform.Extensions.BlameDataCollector.dll
C:\Program Files\dotnet\sdk\8.0.300\Extensions\Microsoft.TestPlatform.Extensions.EventLogCollector.dll
C:\Program Files\dotnet\sdk\8.0.300\Extensions\Microsoft.TestPlatform.TestHostRuntimeProvider.dll
C:\Program Files\dotnet\sdk\8.0.300\Extensions\Microsoft.VisualStudio.TestPlatform.Extensions.Html.TestLogger.dll
C:\Program Files\dotnet\sdk\8.0.300\Extensions\Microsoft.VisualStudio.TestPlatform.Extensions.Trx.TestLogger.dll
TpTrace Information: 0 : 17196, 1, 2024/12/20, 11:30:50.509, 15091672990834, vstest.console.dll, AssemblyResolver.AddSearchDirectories: Adding more searchDirectories C:\Program Files\dotnet\sdk\8.0.300\Extensions,C:\Program Files\dotnet\sdk\8.0.300
TpTrace Information: 0 : 17196, 1, 2024/12/20, 11:30:50.509, 15091672991209, vstest.console.dll, AssemblyResolver.AddSearchDirectories: Adding more searchDirectories C:\Program Files\dotnet\sdk\8.0.300\Extensions,C:\Program Files\dotnet\sdk\8.0.300
TpTrace Information: 0 : 17196, 1, 2024/12/20, 11:30:50.509, 15091672991439, vstest.console.dll, AssemblyResolver.AddSearchDirectories: Adding more searchDirectories C:\Program Files\dotnet\sdk\8.0.300\Extensions,C:\Program Files\dotnet\sdk\8.0.300
TpTrace Information: 0 : 17196, 1, 2024/12/20, 11:30:50.509, 15091672991679, vstest.console.dll, AssemblyResolver.AddSearchDirectories: Adding more searchDirectories C:\Program Files\dotnet\sdk\8.0.300\Extensions,C:\Program Files\dotnet\sdk\8.0.300
TpTrace Information: 0 : 17196, 1, 2024/12/20, 11:30:50.509, 15091672991965, vstest.console.dll, AssemblyResolver.AddSearchDirectories: Adding more searchDirectories C:\Program Files\dotnet\sdk\8.0.300\Extensions,C:\Program Files\dotnet\sdk\8.0.300
TpTrace Information: 0 : 17196, 1, 2024/12/20, 11:30:50.509, 15091672992189, vstest.console.dll, AssemblyResolver.AddSearchDirectories: Adding more searchDirectories C:\Program Files\dotnet\sdk\8.0.300\Extensions,C:\Program Files\dotnet\sdk\8.0.300
TpTrace Verbose: 0 : 17196, 1, 2024/12/20, 11:30:50.509, 15091672993227, vstest.console.dll, MetadataReaderExtensionsHelper: Discovering extensions inside assembly 'Microsoft.Diagnostics.NETCore.Client, Version=0.2.10.15101, Culture=neutral, PublicKeyToken=31bf3856ad364e35' file path 'C:\Program Files\dotnet\sdk\8.0.300\Extensions\Microsoft.Diagnostics.NETCore.Client.dll'
TpTrace Information: 0 : 17196, 1, 2024/12/20, 11:30:50.510, 15091673000882, vstest.console.dll, AssemblyResolver.OnResolve: Microsoft.Bcl.AsyncInterfaces: Resolving assembly.
TpTrace Information: 0 : 17196, 1, 2024/12/20, 11:30:50.510, 15091673001491, vstest.console.dll, AssemblyResolver.OnResolve: Microsoft.Bcl.AsyncInterfaces: Resolved from cache.
TpTrace Verbose: 0 : 17196, 1, 2024/12/20, 11:30:50.510, 15091673001715, vstest.console.dll, CurrentDomainAssemblyResolve: Resolving assembly 'Microsoft.Bcl.AsyncInterfaces'.
TpTrace Information: 0 : 17196, 1, 2024/12/20, 11:30:50.510, 15091673002095, vstest.console.dll, AssemblyResolver.OnResolve: Microsoft.Bcl.AsyncInterfaces: Resolving assembly.
TpTrace Information: 0 : 17196, 1, 2024/12/20, 11:30:50.510, 15091673002328, vstest.console.dll, AssemblyResolver.OnResolve: Microsoft.Bcl.AsyncInterfaces: Resolved from cache.
TpTrace Verbose: 0 : 17196, 1, 2024/12/20, 11:30:50.510, 15091673002535, vstest.console.dll, CurrentDomainAssemblyResolve: Resolving assembly 'Microsoft.Bcl.AsyncInterfaces'.
TpTrace Verbose: 0 : 17196, 1, 2024/12/20, 11:30:50.510, 15091673002739, vstest.console.dll, CurrentDomainAssemblyResolve: Failed to resolve assembly 'Microsoft.Bcl.AsyncInterfaces'.
TpTrace Verbose: 0 : 17196, 1, 2024/12/20, 11:30:50.510, 15091673004136, vstest.console.dll, CurrentDomainAssemblyResolve: Failed to resolve assembly 'Microsoft.Bcl.AsyncInterfaces'.
TpTrace Warning: 0 : 17196, 1, 2024/12/20, 11:30:50.511, 15091673007287, vstest.console.dll, TestPluginDiscoverer: Failed to get types from assembly 'Microsoft.Diagnostics.NETCore.Client, Version=0.2.10.15101, Culture=neutral, PublicKeyToken=31bf3856ad364e35'. Error: System.Reflection.ReflectionTypeLoadException: Unable to load one or more of the requested types.
Could not load file or assembly 'Microsoft.Bcl.AsyncInterfaces, Version=6.0.0.0, Culture=neutral, PublicKeyToken=cc7b13ffcd2ddd51'. Det går inte att hitta filen.
   at System.Reflection.RuntimeModule.GetTypes(RuntimeModule module)
   at System.Reflection.RuntimeModule.GetTypes()
   at Microsoft.VisualStudio.TestPlatform.Common.ExtensionFramework.TestPluginDiscoverer.GetTestExtensionsFromAssembly[TPluginInfo,TExtension](Assembly assembly, Dictionary`2 pluginInfos, String filePath) in /_/src/Microsoft.TestPlatform.Common/ExtensionFramework/TestPluginDiscoverer.cs:line 158
System.IO.FileNotFoundException: Could not load file or assembly 'Microsoft.Bcl.AsyncInterfaces, Version=6.0.0.0, Culture=neutral, PublicKeyToken=cc7b13ffcd2ddd51'. Det går inte att hitta filen.
File name: 'Microsoft.Bcl.AsyncInterfaces, Version=6.0.0.0, Culture=neutral, PublicKeyToken=cc7b13ffcd2ddd51'
 ---> System.IO.FileNotFoundException: Could not load file or assembly 'Microsoft.Bcl.AsyncInterfaces, Culture=neutral, PublicKeyToken=null'. Det går inte att hitta filen.
File name: 'Microsoft.Bcl.AsyncInterfaces, Culture=neutral, PublicKeyToken=null'
   at System.Reflection.RuntimeAssembly.InternalLoad(AssemblyName assemblyName, StackCrawlMark& stackMark, AssemblyLoadContext assemblyLoadContext, RuntimeAssembly requestingAssembly, Boolean throwOnFileNotFound)
   at System.Reflection.Assembly.Load(AssemblyName assemblyRef)
   at Microsoft.VisualStudio.TestPlatform.Common.ExtensionFramework.TestPluginCache.CurrentDomainAssemblyResolve(Object sender, AssemblyResolveEventArgs args) in /_/src/Microsoft.TestPlatform.Common/ExtensionFramework/TestPluginCache.cs:line 513
   at System.Runtime.Loader.AssemblyLoadContext.GetFirstResolvedAssemblyFromResolvingEvent(AssemblyName assemblyName)
   at System.Runtime.Loader.AssemblyLoadContext.ResolveUsingEvent(AssemblyName assemblyName)
   at System.Runtime.Loader.AssemblyLoadContext.ResolveUsingResolvingEvent(IntPtr gchManagedAssemblyLoadContext, AssemblyName assemblyName)
TpTrace Warning: 0 : 17196, 1, 2024/12/20, 11:30:50.511, 15091673009278, vstest.console.dll, LoaderExceptions: System.IO.FileNotFoundException: Could not load file or assembly 'Microsoft.Bcl.AsyncInterfaces, Version=6.0.0.0, Culture=neutral, PublicKeyToken=cc7b13ffcd2ddd51'. Det går inte att hitta filen.
File name: 'Microsoft.Bcl.AsyncInterfaces, Version=6.0.0.0, Culture=neutral, PublicKeyToken=cc7b13ffcd2ddd51'
 ---> System.IO.FileNotFoundException: Could not load file or assembly 'Microsoft.Bcl.AsyncInterfaces, Culture=neutral, PublicKeyToken=null'. Det går inte att hitta filen.
File name: 'Microsoft.Bcl.AsyncInterfaces, Culture=neutral, PublicKeyToken=null'
   at System.Reflection.RuntimeAssembly.InternalLoad(AssemblyName assemblyName, StackCrawlMark& stackMark, AssemblyLoadContext assemblyLoadContext, RuntimeAssembly requestingAssembly, Boolean throwOnFileNotFound)
   at System.Reflection.Assembly.Load(AssemblyName assemblyRef)
   at Microsoft.VisualStudio.TestPlatform.Common.ExtensionFramework.TestPluginCache.CurrentDomainAssemblyResolve(Object sender, AssemblyResolveEventArgs args) in /_/src/Microsoft.TestPlatform.Common/ExtensionFramework/TestPluginCache.cs:line 513
   at System.Runtime.Loader.AssemblyLoadContext.GetFirstResolvedAssemblyFromResolvingEvent(AssemblyName assemblyName)
   at System.Runtime.Loader.AssemblyLoadContext.ResolveUsingEvent(AssemblyName assemblyName)
   at System.Runtime.Loader.AssemblyLoadContext.ResolveUsingResolvingEvent(IntPtr gchManagedAssemblyLoadContext, AssemblyName assemblyName)
TpTrace Verbose: 0 : 17196, 1, 2024/12/20, 11:30:50.511, 15091673009983, vstest.console.dll, MetadataReaderExtensionsHelper: Discovering extensions inside assembly 'Microsoft.TestPlatform.Extensions.BlameDataCollector, Version=15.0.0.0, Culture=neutral, PublicKeyToken=b03f5f7f11d50a3a' file path 'C:\Program Files\dotnet\sdk\8.0.300\Extensions\Microsoft.TestPlatform.Extensions.BlameDataCollector.dll'
TpTrace Information: 0 : 17196, 1, 2024/12/20, 11:30:50.511, 15091673014379, vstest.console.dll, GetTestExtensionFromType: Register extension with identifier data 'logger://Microsoft/TestPlatform/Extensions/Blame/v1' and type 'Microsoft.TestPlatform.Extensions.BlameDataCollector.BlameLogger, Microsoft.TestPlatform.Extensions.BlameDataCollector, Version=15.0.0.0, Culture=neutral, PublicKeyToken=b03f5f7f11d50a3a' inside file 'C:\Program Files\dotnet\sdk\8.0.300\Extensions\Microsoft.TestPlatform.Extensions.BlameDataCollector.dll'
TpTrace Verbose: 0 : 17196, 1, 2024/12/20, 11:30:50.512, 15091673014985, vstest.console.dll, MetadataReaderExtensionsHelper: Discovering extensions inside assembly 'Microsoft.TestPlatform.Extensions.EventLogCollector, Version=15.0.0.0, Culture=neutral, PublicKeyToken=b03f5f7f11d50a3a' file path 'C:\Program Files\dotnet\sdk\8.0.300\Extensions\Microsoft.TestPlatform.Extensions.EventLogCollector.dll'
TpTrace Verbose: 0 : 17196, 1, 2024/12/20, 11:30:50.512, 15091673017392, vstest.console.dll, MetadataReaderExtensionsHelper: Discovering extensions inside assembly 'Microsoft.TestPlatform.TestHostRuntimeProvider, Version=15.0.0.0, Culture=neutral, PublicKeyToken=b03f5f7f11d50a3a' file path 'C:\Program Files\dotnet\sdk\8.0.300\Extensions\Microsoft.TestPlatform.TestHostRuntimeProvider.dll'
TpTrace Verbose: 0 : 17196, 1, 2024/12/20, 11:30:50.512, 15091673019709, vstest.console.dll, MetadataReaderExtensionsHelper: Discovering extensions inside assembly 'Microsoft.VisualStudio.TestPlatform.Extensions.Html.TestLogger, Version=15.0.0.0, Culture=neutral, PublicKeyToken=b03f5f7f11d50a3a' file path 'C:\Program Files\dotnet\sdk\8.0.300\Extensions\Microsoft.VisualStudio.TestPlatform.Extensions.Html.TestLogger.dll'
TpTrace Information: 0 : 17196, 1, 2024/12/20, 11:30:50.512, 15091673024647, vstest.console.dll, GetTestExtensionFromType: Register extension with identifier data 'logger://Microsoft/TestPlatform/HtmlLogger/v1' and type 'Microsoft.VisualStudio.TestPlatform.Extensions.HtmlLogger.HtmlLogger, Microsoft.VisualStudio.TestPlatform.Extensions.Html.TestLogger, Version=15.0.0.0, Culture=neutral, PublicKeyToken=b03f5f7f11d50a3a' inside file 'C:\Program Files\dotnet\sdk\8.0.300\Extensions\Microsoft.VisualStudio.TestPlatform.Extensions.Html.TestLogger.dll'
TpTrace Verbose: 0 : 17196, 1, 2024/12/20, 11:30:50.513, 15091673025401, vstest.console.dll, MetadataReaderExtensionsHelper: Discovering extensions inside assembly 'Microsoft.VisualStudio.TestPlatform.Extensions.Trx.TestLogger, Version=15.0.0.0, Culture=neutral, PublicKeyToken=b03f5f7f11d50a3a' file path 'C:\Program Files\dotnet\sdk\8.0.300\Extensions\Microsoft.VisualStudio.TestPlatform.Extensions.Trx.TestLogger.dll'
TpTrace Information: 0 : 17196, 1, 2024/12/20, 11:30:50.513, 15091673028785, vstest.console.dll, GetTestExtensionFromType: Register extension with identifier data 'logger://Microsoft/TestPlatform/TrxLogger/v1' and type 'Microsoft.VisualStudio.TestPlatform.Extensions.TrxLogger.TrxLogger, Microsoft.VisualStudio.TestPlatform.Extensions.Trx.TestLogger, Version=15.0.0.0, Culture=neutral, PublicKeyToken=b03f5f7f11d50a3a' inside file 'C:\Program Files\dotnet\sdk\8.0.300\Extensions\Microsoft.VisualStudio.TestPlatform.Extensions.Trx.TestLogger.dll'
TpTrace Verbose: 0 : 17196, 1, 2024/12/20, 11:30:50.513, 15091673029413, vstest.console.dll, TestPluginCache: Discovered the extensions using extension path ''.
TpTrace Verbose: 0 : 17196, 1, 2024/12/20, 11:30:50.513, 15091673029690, vstest.console.dll, TestPluginCache: Discoverers are ''.
TpTrace Verbose: 0 : 17196, 1, 2024/12/20, 11:30:50.513, 15091673029877, vstest.console.dll, TestPluginCache: Executors are ''.
TpTrace Verbose: 0 : 17196, 1, 2024/12/20, 11:30:50.513, 15091673030057, vstest.console.dll, TestPluginCache: Executors2 are ''.
TpTrace Verbose: 0 : 17196, 1, 2024/12/20, 11:30:50.513, 15091673030246, vstest.console.dll, TestPluginCache: Setting providers are ''.
TpTrace Verbose: 0 : 17196, 1, 2024/12/20, 11:30:50.513, 15091673030925, vstest.console.dll, TestPluginCache: Loggers are 'logger://Microsoft/TestPlatform/Extensions/Blame/v1,logger://Microsoft/TestPlatform/HtmlLogger/v1,logger://Microsoft/TestPlatform/TrxLogger/v1'.
TpTrace Verbose: 0 : 17196, 1, 2024/12/20, 11:30:50.513, 15091673031319, vstest.console.dll, TestPluginCache: TestHosts are 'HostProvider://DefaultTestHost,HostProvider://DotnetTestHost'.
TpTrace Verbose: 0 : 17196, 1, 2024/12/20, 11:30:50.513, 15091673031595, vstest.console.dll, TestPluginCache: DataCollectors are ''.
TpTrace Information: 0 : 17196, 1, 2024/12/20, 11:30:50.514, 15091673039897, vstest.console.dll, TestPluginManager.CreateTestExtension: Attempting to load test extension: Microsoft.TestPlatform.Extensions.BlameDataCollector.BlameLogger
TpTrace Verbose: 0 : 17196, 1, 2024/12/20, 11:30:50.520, 15091673102799, vstest.console.dll, TestEngine: Initializing Parallel Execution as MaxCpuCount is set to: 1
TpTrace Information: 0 : 17196, 1, 2024/12/20, 11:30:50.522, 15091673116297, vstest.console.dll, TestPluginManager.CreateTestExtension: Attempting to load test extension: Microsoft.VisualStudio.TestPlatform.CrossPlatEngine.Hosting.DefaultTestHostManager
TpTrace Information: 0 : 17196, 1, 2024/12/20, 11:30:50.522, 15091673123661, vstest.console.dll, TestPluginManager.CreateTestExtension: Attempting to load test extension: Microsoft.VisualStudio.TestPlatform.CrossPlatEngine.Hosting.DotnetTestHostManager
TpTrace Information: 0 : 17196, 1, 2024/12/20, 11:30:50.523, 15091673128603, vstest.console.dll, InferRunSettingsHelper.IsTestSettingsEnabled: Unable to navigate to RunSettings/MSTest. Current node: RunSettings
TpTrace Verbose: 0 : 17196, 1, 2024/12/20, 11:30:50.523, 15091673133135, vstest.console.dll, ParallelOperationManager.ClearSlots: Clearing all slots. Slots should accept more work: True
TpTrace Verbose: 0 : 17196, 1, 2024/12/20, 11:30:50.524, 15091673138320, vstest.console.dll, ParallelOperationManager.SetOccupiedSlotCount: Setting slot counts AvailableSlotCount = 1, OccupiedSlotCount = 0.
TpTrace Verbose: 0 : 17196, 1, 2024/12/20, 11:30:50.524, 15091673140931, vstest.console.dll, Occupied slots:

TpTrace Verbose: 0 : 17196, 1, 2024/12/20, 11:30:50.527, 15091673169059, vstest.console.dll, TestEngine.GetExecutionManager: Chosen execution manager 'Microsoft.VisualStudio.TestPlatform.CrossPlatEngine.Client.Parallel.ParallelProxyExecutionManager, Microsoft.TestPlatform.CrossPlatEngine, Version=15.0.0.0, Culture=neutral, PublicKeyToken=b03f5f7f11d50a3a' ParallelLevel '1'.
TpTrace Verbose: 0 : 17196, 1, 2024/12/20, 11:30:50.527, 15091673170755, vstest.console.dll, TestRunRequest.ExecuteAsync: Creating test run request.
TpTrace Verbose: 0 : 17196, 1, 2024/12/20, 11:30:50.527, 15091673172826, vstest.console.dll, TestRunRequest.ExecuteAsync: Starting.
TpTrace Information: 0 : 17196, 1, 2024/12/20, 11:30:50.528, 15091673184641, vstest.console.dll, TestRunRequest.ExecuteAsync: Starting run with settings:TestRunCriteria:
   KeepAlive=False,FrequencyOfRunStatsChangeEvent=10,RunStatsChangeEventTimeout=00:00:01.5000000,TestCaseFilter=,TestExecutorLauncher=
   Settingsxml=<RunSettings>
  <RunConfiguration>
    <ResultsDirectory>C:\Users\User\Downloads\CleanArchitecture1\Tests\bin\Debug\net8.0\fine-code-coverage\coverage-tool-output</ResultsDirectory>
    <TargetPlatform>X64</TargetPlatform>
    <TargetFrameworkVersion>.NETCoreApp,Version=v8.0</TargetFrameworkVersion>
    <DesignMode>False</DesignMode>
    <CollectSourceInformation>False</CollectSourceInformation>
  </RunConfiguration>
  <LoggerRunSettings>
    <Loggers>
      <Logger friendlyName="blame" enabled="True" />
      <Logger friendlyName="Console" uri="logger://microsoft/TestPlatform/ConsoleLogger/v1" assemblyQualifiedName="Microsoft.VisualStudio.TestPlatform.CommandLine.Internal.ConsoleLogger, vstest.console, Version=15.0.0.0, Culture=neutral, PublicKeyToken=b03f5f7f11d50a3a" codeBase="C:\Program Files\dotnet\sdk\8.0.300\vstest.console.dll" enabled="True" />
    </Loggers>
  </LoggerRunSettings>
  <DataCollectionRunSettings>
    <DataCollectors>
      <DataCollector friendlyName="blame" enabled="True">
        <Configuration>
          <ResultsDirectory>C:\Users\User\Downloads\CleanArchitecture1\Tests\bin\Debug\net8.0\fine-code-coverage\coverage-tool-output</ResultsDirectory>
        </Configuration>
      </DataCollector>
    </DataCollectors>
  </DataCollectionRunSettings>
</RunSettings>

TpTrace Verbose: 0 : 17196, 1, 2024/12/20, 11:30:50.529, 15091673185239, vstest.console.dll, TestRunRequest.ExecuteAsync: Wait for the first run request is over.
TpTrace Verbose: 0 : 17196, 1, 2024/12/20, 11:30:50.530, 15091673201842, vstest.console.dll, MulticastDelegateUtilities.SafeInvoke: TestRun.TestRunStart: Invoking callbacks was skipped because there are no subscribers.
TpTrace Verbose: 0 : 17196, 4, 2024/12/20, 11:30:50.530, 15091673203468, vstest.console.dll, MulticastDelegateUtilities.SafeInvoke: InternalTestLoggerEvents.SendTestRunStart: Invoking callback 1/1 for Microsoft.VisualStudio.TestPlatform.CommandLine.Internal.ConsoleLogger., took 0 ms.
TpTrace Verbose: 0 : 17196, 1, 2024/12/20, 11:30:50.531, 15091673213956, vstest.console.dll, ParallelProxyExecutionManager: Start execution. Total sources: 1
TpTrace Verbose: 0 : 17196, 1, 2024/12/20, 11:30:50.532, 15091673217599, vstest.console.dll, ParallelOperationManager.StartWork: Starting adding 1 workloads.
TpTrace Verbose: 0 : 17196, 1, 2024/12/20, 11:30:50.532, 15091673218180, vstest.console.dll, ParallelOperationManager.ClearSlots: Clearing all slots. Slots should accept more work: True
TpTrace Verbose: 0 : 17196, 1, 2024/12/20, 11:30:50.532, 15091673218768, vstest.console.dll, ParallelOperationManager.SetOccupiedSlotCount: Setting slot counts AvailableSlotCount = 1, OccupiedSlotCount = 0.
TpTrace Verbose: 0 : 17196, 1, 2024/12/20, 11:30:50.532, 15091673219088, vstest.console.dll, Occupied slots:

TpTrace Verbose: 0 : 17196, 1, 2024/12/20, 11:30:50.533, 15091673231020, vstest.console.dll, TestRequestSender is acting as server.
TpTrace Verbose: 0 : 17196, 1, 2024/12/20, 11:30:50.534, 15091673240090, vstest.console.dll, ParallelOperationManager.RunWorkInParallel: Adding 1 workload to slot, remaining workloads 0.
TpTrace Verbose: 0 : 17196, 1, 2024/12/20, 11:30:50.534, 15091673240789, vstest.console.dll, ParallelOperationManager.SetOccupiedSlotCount: Setting slot counts AvailableSlotCount = 0, OccupiedSlotCount = 1.
TpTrace Verbose: 0 : 17196, 1, 2024/12/20, 11:30:50.534, 15091673241736, vstest.console.dll, Occupied slots:
0: C:\Users\User\Downloads\CleanArchitecture1\Tests\bin\Debug\net8.0\fine-code-coverage\build-output\ApplicationTests.dll
TpTrace Verbose: 0 : 17196, 1, 2024/12/20, 11:30:50.535, 15091673251320, vstest.console.dll, ParallelOperationManager.RunWorkInParallel: Started host in slot number 0 for work (source): C:\Users\User\Downloads\CleanArchitecture1\Tests\bin\Debug\net8.0\fine-code-coverage\build-output\ApplicationTests.dll.
TpTrace Verbose: 0 : 17196, 1, 2024/12/20, 11:30:50.536, 15091673258765, vstest.console.dll, ParallelOperationManager.RunWorkInParallel: We started 1 work items, which is the max parallel level. Won't start more work.
TpTrace Verbose: 0 : 17196, 1, 2024/12/20, 11:30:50.536, 15091673259422, vstest.console.dll, ParallelOperationManager.RunWorkInParallel: We started 1 work items in here, returning True.
TpTrace Verbose: 0 : 17196, 5, 2024/12/20, 11:30:50.536, 15091673259569, vstest.console.dll, ParallelProxyExecutionManager.StartTestRunOnConcurrentManager: Initializing uninitialized client. Started clients: 0
TpTrace Information: 0 : 17196, 1, 2024/12/20, 11:30:50.536, 15091673259714, vstest.console.dll, TestRunRequest.ExecuteAsync: Started.
TpTrace Verbose: 0 : 17196, 5, 2024/12/20, 11:30:50.536, 15091673261019, vstest.console.dll, DataCollectionRequestSender.InitializeCommunication : Initialize communication. 
TpTrace Verbose: 0 : 17196, 1, 2024/12/20, 11:30:50.537, 15091673265546, vstest.console.dll, TestRunRequest.WaitForCompletion: Waiting with timeout -1.
TpTrace Information: 0 : 17196, 5, 2024/12/20, 11:30:50.542, 15091673323057, vstest.console.dll, Listening on Endpoint : 127.0.0.1:55035
TpTrace Verbose: 0 : 17196, 5, 2024/12/20, 11:30:50.548, 15091673375103, vstest.console.dll, DotnetDataCollectionLauncher: Adding  --runtimeconfig "C:\Program Files\dotnet\sdk\8.0.300\datacollector.runtimeconfig.json" in args
TpTrace Verbose: 0 : 17196, 5, 2024/12/20, 11:30:50.548, 15091673376494, vstest.console.dll, DotnetDataCollectionLauncher: Adding  --depsfile "C:\Program Files\dotnet\sdk\8.0.300\datacollector.deps.json" in args
TpTrace Verbose: 0 : 17196, 5, 2024/12/20, 11:30:50.548, 15091673377881, vstest.console.dll, DotnetDataCollectionLauncher: Full path of dotnet.exe is C:\Program Files\dotnet\dotnet.exe
TpTrace Information: 0 : 17196, 5, 2024/12/20, 11:30:50.561, 15091673506035, vstest.console.dll, ProxyDataCollectionManager.Initialize: Launched datacollector processId: 21596 port: 55035
TpTrace Information: 0 : 17196, 5, 2024/12/20, 11:30:50.561, 15091673507439, vstest.console.dll, ProxyDataCollectionManager.Initialize: waiting for connection with timeout: 90 seconds
TpTrace Verbose: 0 : 17196, 5, 2024/12/20, 11:30:50.561, 15091673507878, vstest.console.dll, DataCollectionRequestSender.WaitForRequestHandlerConnection : Waiting for connection with timeout: 90000
TpTrace Information: 0 : 17196, 7, 2024/12/20, 11:30:50.714, 15091675034964, vstest.console.dll, Using the buffer size of 16384 bytes
TpTrace Information: 0 : 17196, 7, 2024/12/20, 11:30:50.714, 15091675036236, vstest.console.dll, Accepted Client request and set the flag
TpTrace Verbose: 0 : 17196, 5, 2024/12/20, 11:30:50.714, 15091675035158, vstest.console.dll, SocketCommunicationManager.WaitForClientConnection took: 152 ms, with 90000 ms timeout, and finished with True.
TpTrace Verbose: 0 : 17196, 5, 2024/12/20, 11:30:50.714, 15091675037380, vstest.console.dll, ProxyDataCollectionManager.InvokeDataCollectionServiceAction: Starting.
TpTrace Information: 0 : 17196, 5, 2024/12/20, 11:30:50.714, 15091675037999, vstest.console.dll, ProxyDataCollectionManager.BeforeTestRunStart: Get environment variable and port for datacollector processId: 21596 port: 55035
TpTrace Verbose: 0 : 17196, 5, 2024/12/20, 11:30:50.714, 15091675038832, vstest.console.dll, DataCollectionRequestSender.SendBeforeTestRunStartAndGetResult: Send BeforeTestRunStart message with settingsXml <RunSettings><RunConfiguration><ResultsDirectory>C:\Users\User\Downloads\CleanArchitecture1\Tests\bin\Debug\net8.0\fine-code-coverage\coverage-tool-output</ResultsDirectory><TargetPlatform>X64</TargetPlatform><TargetFrameworkVersion>.NETCoreApp,Version=v8.0</TargetFrameworkVersion><DesignMode>False</DesignMode><CollectSourceInformation>False</CollectSourceInformation><TestAdaptersPaths>C:\Program Files\dotnet\sdk\8.0.300\Extensions</TestAdaptersPaths></RunConfiguration><LoggerRunSettings><Loggers><Logger friendlyName="blame" enabled="True" /><Logger friendlyName="Console" uri="logger://microsoft/TestPlatform/ConsoleLogger/v1" assemblyQualifiedName="Microsoft.VisualStudio.TestPlatform.CommandLine.Internal.ConsoleLogger, vstest.console, Version=15.0.0.0, Culture=neutral, PublicKeyToken=b03f5f7f11d50a3a" codeBase="C:\Program Files\dotnet\sdk\8.0.300\vstest.console.dll" enabled="True" /></Loggers></LoggerRunSettings><DataCollectionRunSettings><DataCollectors><DataCollector friendlyName="blame" enabled="True"><Configuration><ResultsDirectory>C:\Users\User\Downloads\CleanArchitecture1\Tests\bin\Debug\net8.0\fine-code-coverage\coverage-tool-output</ResultsDirectory></Configuration></DataCollector></DataCollectors></DataCollectionRunSettings></RunSettings> and sources System.Collections.Generic.List`1[System.String]: 
TpTrace Verbose: 0 : 17196, 5, 2024/12/20, 11:30:50.757, 15091675468447, vstest.console.dll, DataCollectionRequestSender.SendBeforeTestRunStartAndGetResult: Received message: (DataCollection.SendMessage) -> {"MessageType":"DataCollection.SendMessage","Payload":{"FriendlyName":null,"Uri":null,"TestCaseId":"00000000-0000-0000-0000-000000000000","Message":"Logging DataCollector Diagnostics in file: C:\\Users\\User\\Downloads\\CleanArchitecture1\\Tests\\bin\\Debug\\net8.0\\fine-code-coverage\\coverage-tool-output\\diagnostics.datacollector.24-12-20_11-30-50_54774_5.log","Level":0}}
TpTrace Verbose: 0 : 17196, 5, 2024/12/20, 11:30:50.827, 15091676167913, vstest.console.dll, DataCollectionRequestSender.SendBeforeTestRunStartAndGetResult: Received message: (DataCollection.BeforeTestRunStartResult) -> {"MessageType":"DataCollection.BeforeTestRunStartResult","Payload":{"EnvironmentVariables":{},"DataCollectionEventsPort":55037}}
TpTrace Information: 0 : 17196, 5, 2024/12/20, 11:30:50.831, 15091676206660, vstest.console.dll, ProxyDataCollectionManager.BeforeTestRunStart: SendBeforeTestRunStartAndGetResult successful, env variable from datacollector:   and testhost port: 55037
TpTrace Information: 0 : 17196, 5, 2024/12/20, 11:30:50.831, 15091676207880, vstest.console.dll, ProxyDataCollectionManager.InvokeDataCollectionServiceAction: Completed.
TpTrace Verbose: 0 : 17196, 5, 2024/12/20, 11:30:50.831, 15091676208177, vstest.console.dll, ParallelProxyExecutionManager.StartTestRunOnConcurrentManager: Initializing test run. Started clients: 0
TpTrace Verbose: 0 : 17196, 5, 2024/12/20, 11:30:50.831, 15091676208938, vstest.console.dll, ProxyExecutionManager: Test host is always Lazy initialize.
TpTrace Verbose: 0 : 17196, 5, 2024/12/20, 11:30:50.831, 15091676210815, vstest.console.dll, TestRequestSender.InitializeCommunication: initialize communication. 
TpTrace Information: 0 : 17196, 5, 2024/12/20, 11:30:50.832, 15091676215093, vstest.console.dll, SocketServer.Start: Listening on endpoint : 127.0.0.1:55038
TpTrace Verbose: 0 : 17196, 5, 2024/12/20, 11:30:50.832, 15091676221734, vstest.console.dll, DotnetTestHostmanager.GetTestHostProcessStartInfo: Platform environment 'X64' target architecture 'X64' framework '.NETCoreApp,Version=v8.0' OS 'Windows'
TpTrace Verbose: 0 : 17196, 5, 2024/12/20, 11:30:50.832, 15091676224277, vstest.console.dll, DotnetTestHostmanager: Adding  --runtimeconfig "C:\Users\User\Downloads\CleanArchitecture1\Tests\bin\Debug\net8.0\fine-code-coverage\build-output\ApplicationTests.runtimeconfig.json" in args
TpTrace Verbose: 0 : 17196, 5, 2024/12/20, 11:30:50.833, 15091676225098, vstest.console.dll, DotnetTestHostmanager: Adding  --depsfile "C:\Users\User\Downloads\CleanArchitecture1\Tests\bin\Debug\net8.0\fine-code-coverage\build-output\ApplicationTests.deps.json" in args
TpTrace Verbose: 0 : 17196, 5, 2024/12/20, 11:30:50.833, 15091676226734, vstest.console.dll, DotnetTestHostmanager.IsWinOnArm: Current PROCESSOR_ARCHITECTURE from environment variable 'AMD64'
TpTrace Verbose: 0 : 17196, 5, 2024/12/20, 11:30:50.833, 15091676227185, vstest.console.dll, DotnetTestHostmanager.IsWinOnArm: Is Windows on ARM 'False'
TpTrace Verbose: 0 : 17196, 5, 2024/12/20, 11:30:50.833, 15091676227919, vstest.console.dll, DotnetTestHostManager: testhost.exe found at path: C:\Users\User\Downloads\CleanArchitecture1\Tests\bin\Debug\net8.0\fine-code-coverage\build-output\testhost.exe
TpTrace Verbose: 0 : 17196, 5, 2024/12/20, 11:30:50.833, 15091676228216, vstest.console.dll, DotnetTestHostmanager: Full path of host exe is C:\Users\User\Downloads\CleanArchitecture1\Tests\bin\Debug\net8.0\fine-code-coverage\build-output\testhost.exe
TpTrace Verbose: 0 : 17196, 5, 2024/12/20, 11:30:50.833, 15091676229272, vstest.console.dll, DotnetTestHostmanager.LaunchTestHostAsync: Found 'VSTEST_WINAPPHOST_DOTNET_ROOT' in env variables, value 'C:\Program Files\dotnet', forwarding to 'DOTNET_ROOT'
TpTrace Verbose: 0 : 17196, 5, 2024/12/20, 11:30:50.833, 15091676230526, vstest.console.dll, DotnetTestHostManager: Starting process 'C:\Users\User\Downloads\CleanArchitecture1\Tests\bin\Debug\net8.0\fine-code-coverage\build-output\testhost.exe' with command line ' --runtimeconfig "C:\Users\User\Downloads\CleanArchitecture1\Tests\bin\Debug\net8.0\fine-code-coverage\build-output\ApplicationTests.runtimeconfig.json" --depsfile "C:\Users\User\Downloads\CleanArchitecture1\Tests\bin\Debug\net8.0\fine-code-coverage\build-output\ApplicationTests.deps.json" --port 55038 --endpoint 127.0.0.1:055038 --role client --parentprocessid 17196 --diag "C:\Users\User\Downloads\CleanArchitecture1\Tests\bin\Debug\net8.0\fine-code-coverage\coverage-tool-output\diagnostics.host.24-12-20_11-30-50_83235_5.log" --tracelevel 4 --datacollectionport 55037 --telemetryoptedin false'
TpTrace Verbose: 0 : 17196, 5, 2024/12/20, 11:30:50.845, 15091676349091, vstest.console.dll, MulticastDelegateUtilities.SafeInvoke: HostProviderEvents.OnHostLaunched: Invoking callback 1/2 for Microsoft.VisualStudio.TestPlatform.CrossPlatEngine.Client.ProxyExecutionManagerWithDataCollection., took 0 ms.
TpTrace Verbose: 0 : 17196, 5, 2024/12/20, 11:30:50.845, 15091676352530, vstest.console.dll, Test Runtime launched
TpTrace Verbose: 0 : 17196, 5, 2024/12/20, 11:30:50.845, 15091676353161, vstest.console.dll, MulticastDelegateUtilities.SafeInvoke: HostProviderEvents.OnHostLaunched: Invoking callback 2/2 for Microsoft.VisualStudio.TestPlatform.CrossPlatEngine.Client.ProxyOperationManager., took 0 ms.
TpTrace Verbose: 0 : 17196, 5, 2024/12/20, 11:30:50.845, 15091676354319, vstest.console.dll, TestRequestSender.WaitForRequestHandlerConnection: waiting for connection with timeout: 90000.
TpTrace Verbose: 0 : 17196, 11, 2024/12/20, 11:30:51.021, 15091678111287, vstest.console.dll, MulticastDelegateUtilities.SafeInvoke: SocketServer: ClientConnected: Invoking callback 1/1 for Microsoft.VisualStudio.TestPlatform.CommunicationUtilities.TestRequestSender., took 0 ms.
TpTrace Verbose: 0 : 17196, 5, 2024/12/20, 11:30:51.021, 15091678111286, vstest.console.dll, TestRequestSender.WaitForRequestHandlerConnection: waiting took 175 ms, with timeout 90000 ms, and result 0, which is success.
TpTrace Verbose: 0 : 17196, 11, 2024/12/20, 11:30:51.021, 15091678112533, vstest.console.dll, SocketServer.OnClientConnected: Client connected for endPoint: 127.0.0.1:55038, starting MessageLoopAsync:
TpTrace Verbose: 0 : 17196, 11, 2024/12/20, 11:30:51.022, 15091678116779, vstest.console.dll, TcpClientExtensions.MessageLoopAsync: Polling on remoteEndPoint: 127.0.0.1:55039 localEndPoint: 127.0.0.1:55038 after 0 ms
TpTrace Verbose: 0 : 17196, 5, 2024/12/20, 11:30:51.022, 15091678120506, vstest.console.dll, TestRequestSender.CheckVersionWithTestHost: Sending check version message: {"MessageType":"ProtocolVersion","Payload":7}
TpTrace Verbose: 0 : 17196, 11, 2024/12/20, 11:30:51.110, 15091678996573, vstest.console.dll, TcpClientExtensions.MessageLoopAsync: NotifyDataAvailable remoteEndPoint: 127.0.0.1:55039 localEndPoint: 127.0.0.1:55038
TpTrace Verbose: 0 : 17196, 11, 2024/12/20, 11:30:51.110, 15091678999638, vstest.console.dll, TestRequestSender.CheckVersionWithTestHost: onMessageReceived received message: (ProtocolVersion) -> {"MessageType":"ProtocolVersion","Payload":7}
TpTrace Verbose: 0 : 17196, 11, 2024/12/20, 11:30:51.111, 15091679010626, vstest.console.dll, MulticastDelegateUtilities.SafeInvoke: LengthPrefixCommunicationChannel: MessageReceived: Invoking callback 1/1 for Microsoft.VisualStudio.TestPlatform.CommunicationUtilities.TestRequestSender+<>c__DisplayClass29_0., took 1 ms.
TpTrace Verbose: 0 : 17196, 11, 2024/12/20, 11:30:51.111, 15091679012502, vstest.console.dll, TcpClientExtensions.MessageLoopAsync: Polling on remoteEndPoint: 127.0.0.1:55039 localEndPoint: 127.0.0.1:55038 after 89 ms
TpTrace Verbose: 0 : 17196, 5, 2024/12/20, 11:30:51.112, 15091679017077, vstest.console.dll, TestPluginCache.GetExtensionPaths: Filtered extension paths: 
TpTrace Verbose: 0 : 17196, 5, 2024/12/20, 11:30:51.112, 15091679018248, vstest.console.dll, TestPluginCache.GetExtensionPaths: Added default extension paths: C:\Program Files\dotnet\sdk\8.0.300\Extensions\Microsoft.Diagnostics.NETCore.Client.dll
C:\Program Files\dotnet\sdk\8.0.300\Extensions\Microsoft.TestPlatform.Extensions.BlameDataCollector.dll
C:\Program Files\dotnet\sdk\8.0.300\Extensions\Microsoft.TestPlatform.Extensions.EventLogCollector.dll
C:\Program Files\dotnet\sdk\8.0.300\Extensions\Microsoft.TestPlatform.TestHostRuntimeProvider.dll
C:\Program Files\dotnet\sdk\8.0.300\Extensions\Microsoft.VisualStudio.TestPlatform.Extensions.Html.TestLogger.dll
C:\Program Files\dotnet\sdk\8.0.300\Extensions\Microsoft.VisualStudio.TestPlatform.Extensions.Trx.TestLogger.dll
TpTrace Verbose: 0 : 17196, 5, 2024/12/20, 11:30:51.112, 15091679018580, vstest.console.dll, TestPluginCache.GetExtensionPaths: Added unfilterableExtensionPaths: 
TpTrace Verbose: 0 : 17196, 5, 2024/12/20, 11:30:51.115, 15091679049215, vstest.console.dll, TestRequestSender.InitializeExecution: Sending initialize execution with message: {"Version":7,"MessageType":"TestExecution.Initialize","Payload":["C:\\Users\\User\\Downloads\\CleanArchitecture1\\Tests\\bin\\Debug\\net8.0\\fine-code-coverage\\build-output\\NUnit3.TestAdapter.dll"]}
TpTrace Verbose: 0 : 17196, 5, 2024/12/20, 11:30:51.115, 15091679051700, vstest.console.dll, ParallelProxyExecutionManager.StartTestRunOnConcurrentManager: Execution starting. Started clients: 1
TpTrace Verbose: 0 : 17196, 5, 2024/12/20, 11:30:51.115, 15091679054429, vstest.console.dll, TestRunRequest:SendTestRunMessage: Starting.
TpTrace Verbose: 0 : 17196, 5, 2024/12/20, 11:30:51.116, 15091679056031, vstest.console.dll, MulticastDelegateUtilities.SafeInvoke: TestRun.LogMessages: Invoking callback 1/1 for Microsoft.VisualStudio.TestPlatform.CommandLine.TestRunResultAggregator., took 0 ms.
TpTrace Information: 0 : 17196, 5, 2024/12/20, 11:30:51.116, 15091679056365, vstest.console.dll, TestRunRequest:SendTestRunMessage: Completed.
TpTrace Warning: 0 : 17196, 5, 2024/12/20, 11:30:51.116, 15091679059734, vstest.console.dll, InferRunSettingsHelper.MakeRunsettingsCompatible: Removing the following settings: TargetPlatform from RunSettings file. To use those settings please move to latest version of Microsoft.NET.Test.Sdk
TpTrace Verbose: 0 : 17196, 4, 2024/12/20, 11:30:51.123, 15091679125408, vstest.console.dll, MulticastDelegateUtilities.SafeInvoke: InternalTestLoggerEvents.SendTestRunMessage: Invoking callback 1/1 for Microsoft.VisualStudio.TestPlatform.CommandLine.Internal.ConsoleLogger., took 0 ms.
TpTrace Verbose: 0 : 17196, 5, 2024/12/20, 11:30:51.123, 15091679134021, vstest.console.dll, TestRequestSender.StartTestRun: Sending test run with message: {"Version":7,"MessageType":"TestExecution.StartWithSources","Payload":{"AdapterSourceMap":{"_none_":["C:\\Users\\User\\Downloads\\CleanArchitecture1\\Tests\\bin\\Debug\\net8.0\\fine-code-coverage\\build-output\\ApplicationTests.dll"]},"RunSettings":"<RunSettings>\r\n  <RunConfiguration>\r\n    <ResultsDirectory>C:\\Users\\User\\Downloads\\CleanArchitecture1\\Tests\\bin\\Debug\\net8.0\\fine-code-coverage\\coverage-tool-output</ResultsDirectory>\r\n    <TargetFrameworkVersion>.NETCoreApp,Version=v8.0</TargetFrameworkVersion>\r\n    <DesignMode>False</DesignMode>\r\n    <CollectSourceInformation>False</CollectSourceInformation>\r\n  </RunConfiguration>\r\n  <LoggerRunSettings>\r\n    <Loggers>\r\n      <Logger friendlyName=\"blame\" enabled=\"True\" />\r\n      <Logger friendlyName=\"Console\" uri=\"logger://microsoft/TestPlatform/ConsoleLogger/v1\" assemblyQualifiedName=\"Microsoft.VisualStudio.TestPlatform.CommandLine.Internal.ConsoleLogger, vstest.console, Version=15.0.0.0, Culture=neutral, PublicKeyToken=b03f5f7f11d50a3a\" codeBase=\"C:\\Program Files\\dotnet\\sdk\\8.0.300\\vstest.console.dll\" enabled=\"True\" />\r\n    </Loggers>\r\n  </LoggerRunSettings>\r\n  <DataCollectionRunSettings>\r\n    <DataCollectors>\r\n      <DataCollector friendlyName=\"blame\" enabled=\"True\">\r\n        <Configuration>\r\n          <ResultsDirectory>C:\\Users\\User\\Downloads\\CleanArchitecture1\\Tests\\bin\\Debug\\net8.0\\fine-code-coverage\\coverage-tool-output</ResultsDirectory>\r\n        </Configuration>\r\n      </DataCollector>\r\n    </DataCollectors>\r\n  </DataCollectionRunSettings>\r\n</RunSettings>","TestExecutionContext":{"FrequencyOfRunStatsChangeEvent":10,"RunStatsChangeEventTimeout":"00:00:01.5000000","InIsolation":false,"KeepAlive":false,"AreTestCaseLevelEventsRequired":false,"IsDebug":false,"TestCaseFilter":null,"FilterOptions":null},"Package":null}}
TpTrace Verbose: 0 : 17196, 5, 2024/12/20, 11:30:51.124, 15091679136249, vstest.console.dll, ParallelProxyExecutionManager.StartTestRunOnConcurrentManager: Execution started. Started clients: 1
TpTrace Verbose: 0 : 17196, 11, 2024/12/20, 11:30:51.124, 15091679143527, vstest.console.dll, TcpClientExtensions.MessageLoopAsync: NotifyDataAvailable remoteEndPoint: 127.0.0.1:55039 localEndPoint: 127.0.0.1:55038
TpTrace Verbose: 0 : 17196, 11, 2024/12/20, 11:30:51.125, 15091679147718, vstest.console.dll, TestRequestSender.OnExecutionMessageReceived: Received message: {"Version":7,"MessageType":"TestSession.Message","Payload":{"MessageLevel":0,"Message":"Logging TestHost Diagnostics in file: C:\\Users\\User\\Downloads\\CleanArchitecture1\\Tests\\bin\\Debug\\net8.0\\fine-code-coverage\\coverage-tool-output\\diagnostics.host.24-12-20_11-30-50_83235_5.log"}}
TpTrace Verbose: 0 : 17196, 11, 2024/12/20, 11:30:51.128, 15091679179282, vstest.console.dll, TestRunRequest:SendTestRunMessage: Starting.
TpTrace Verbose: 0 : 17196, 11, 2024/12/20, 11:30:51.128, 15091679181086, vstest.console.dll, MulticastDelegateUtilities.SafeInvoke: TestRun.LogMessages: Invoking callback 1/1 for Microsoft.VisualStudio.TestPlatform.CommandLine.TestRunResultAggregator., took 0 ms.
TpTrace Information: 0 : 17196, 11, 2024/12/20, 11:30:51.128, 15091679181336, vstest.console.dll, TestRunRequest:SendTestRunMessage: Completed.
TpTrace Verbose: 0 : 17196, 4, 2024/12/20, 11:30:51.128, 15091679181336, vstest.console.dll, MulticastDelegateUtilities.SafeInvoke: InternalTestLoggerEvents.SendTestRunMessage: Invoking callback 1/1 for Microsoft.VisualStudio.TestPlatform.CommandLine.Internal.ConsoleLogger., took 0 ms.
TpTrace Verbose: 0 : 17196, 11, 2024/12/20, 11:30:51.128, 15091679181665, vstest.console.dll, MulticastDelegateUtilities.SafeInvoke: LengthPrefixCommunicationChannel: MessageReceived: Invoking callback 1/1 for Microsoft.VisualStudio.TestPlatform.CommunicationUtilities.TestRequestSender+<>c__DisplayClass34_0., took 3 ms.
TpTrace Verbose: 0 : 17196, 11, 2024/12/20, 11:30:51.128, 15091679182294, vstest.console.dll, TcpClientExtensions.MessageLoopAsync: Polling on remoteEndPoint: 127.0.0.1:55039 localEndPoint: 127.0.0.1:55038 after 16 ms
TpTrace Verbose: 0 : 17196, 11, 2024/12/20, 11:30:51.260, 15091680495819, vstest.console.dll, TcpClientExtensions.MessageLoopAsync: NotifyDataAvailable remoteEndPoint: 127.0.0.1:55039 localEndPoint: 127.0.0.1:55038
TpTrace Verbose: 0 : 17196, 11, 2024/12/20, 11:30:51.260, 15091680497377, vstest.console.dll, TestRequestSender.OnExecutionMessageReceived: Received message: {"Version":7,"MessageType":"TestSession.Message","Payload":{"MessageLevel":0,"Message":"NUnit Adapter 4.5.0.0: Test execution started"}}
TpTrace Verbose: 0 : 17196, 11, 2024/12/20, 11:30:51.260, 15091680498890, vstest.console.dll, TestRunRequest:SendTestRunMessage: Starting.
TpTrace Verbose: 0 : 17196, 11, 2024/12/20, 11:30:51.260, 15091680499494, vstest.console.dll, MulticastDelegateUtilities.SafeInvoke: TestRun.LogMessages: Invoking callback 1/1 for Microsoft.VisualStudio.TestPlatform.CommandLine.TestRunResultAggregator., took 0 ms.
TpTrace Information: 0 : 17196, 11, 2024/12/20, 11:30:51.260, 15091680499706, vstest.console.dll, TestRunRequest:SendTestRunMessage: Completed.
TpTrace Verbose: 0 : 17196, 4, 2024/12/20, 11:30:51.260, 15091680499803, vstest.console.dll, MulticastDelegateUtilities.SafeInvoke: InternalTestLoggerEvents.SendTestRunMessage: Invoking callback 1/1 for Microsoft.VisualStudio.TestPlatform.CommandLine.Internal.ConsoleLogger., took 0 ms.
TpTrace Verbose: 0 : 17196, 11, 2024/12/20, 11:30:51.260, 15091680499892, vstest.console.dll, MulticastDelegateUtilities.SafeInvoke: LengthPrefixCommunicationChannel: MessageReceived: Invoking callback 1/1 for Microsoft.VisualStudio.TestPlatform.CommunicationUtilities.TestRequestSender+<>c__DisplayClass34_0., took 0 ms.
TpTrace Verbose: 0 : 17196, 11, 2024/12/20, 11:30:51.260, 15091680500576, vstest.console.dll, TcpClientExtensions.MessageLoopAsync: Polling on remoteEndPoint: 127.0.0.1:55039 localEndPoint: 127.0.0.1:55038 after 131 ms
TpTrace Verbose: 0 : 17196, 11, 2024/12/20, 11:30:51.277, 15091680674159, vstest.console.dll, TcpClientExtensions.MessageLoopAsync: NotifyDataAvailable remoteEndPoint: 127.0.0.1:55039 localEndPoint: 127.0.0.1:55038
TpTrace Verbose: 0 : 17196, 11, 2024/12/20, 11:30:51.278, 15091680676057, vstest.console.dll, TestRequestSender.OnExecutionMessageReceived: Received message: {"Version":7,"MessageType":"TestSession.Message","Payload":{"MessageLevel":0,"Message":"Running all tests in C:\\Users\\User\\Downloads\\CleanArchitecture1\\Tests\\bin\\Debug\\net8.0\\fine-code-coverage\\build-output\\ApplicationTests.dll"}}
TpTrace Verbose: 0 : 17196, 11, 2024/12/20, 11:30:51.278, 15091680677626, vstest.console.dll, TestRunRequest:SendTestRunMessage: Starting.
TpTrace Verbose: 0 : 17196, 11, 2024/12/20, 11:30:51.278, 15091680678374, vstest.console.dll, MulticastDelegateUtilities.SafeInvoke: TestRun.LogMessages: Invoking callback 1/1 for Microsoft.VisualStudio.TestPlatform.CommandLine.TestRunResultAggregator., took 0 ms.
TpTrace Information: 0 : 17196, 11, 2024/12/20, 11:30:51.278, 15091680680214, vstest.console.dll, TestRunRequest:SendTestRunMessage: Completed.
TpTrace Verbose: 0 : 17196, 11, 2024/12/20, 11:30:51.278, 15091680680697, vstest.console.dll, MulticastDelegateUtilities.SafeInvoke: LengthPrefixCommunicationChannel: MessageReceived: Invoking callback 1/1 for Microsoft.VisualStudio.TestPlatform.CommunicationUtilities.TestRequestSender+<>c__DisplayClass34_0., took 0 ms.
TpTrace Verbose: 0 : 17196, 11, 2024/12/20, 11:30:51.278, 15091680681126, vstest.console.dll, TcpClientExtensions.MessageLoopAsync: Polling on remoteEndPoint: 127.0.0.1:55039 localEndPoint: 127.0.0.1:55038 after 18 ms
TpTrace Verbose: 0 : 17196, 4, 2024/12/20, 11:30:51.278, 15091680678636, vstest.console.dll, MulticastDelegateUtilities.SafeInvoke: InternalTestLoggerEvents.SendTestRunMessage: Invoking callback 1/1 for Microsoft.VisualStudio.TestPlatform.CommandLine.Internal.ConsoleLogger., took 0 ms.
TpTrace Verbose: 0 : 17196, 11, 2024/12/20, 11:30:52.281, 15091690712272, vstest.console.dll, TcpClientExtensions.MessageLoopAsync: Polling on remoteEndPoint: 127.0.0.1:55039 localEndPoint: 127.0.0.1:55038 after 1002 ms
TpTrace Verbose: 0 : 17196, 11, 2024/12/20, 11:30:52.366, 15091691562442, vstest.console.dll, TcpClientExtensions.MessageLoopAsync: NotifyDataAvailable remoteEndPoint: 127.0.0.1:55039 localEndPoint: 127.0.0.1:55038
TpTrace Verbose: 0 : 17196, 11, 2024/12/20, 11:30:52.367, 15091691565755, vstest.console.dll, TestRequestSender.OnExecutionMessageReceived: Received message: {"Version":7,"MessageType":"TestSession.Message","Payload":{"MessageLevel":0,"Message":"   NUnit3TestExecutor discovered 12 of 12 NUnit test cases using Current Discovery mode, Non-Explicit run"}}
TpTrace Verbose: 0 : 17196, 11, 2024/12/20, 11:30:52.367, 15091691568312, vstest.console.dll, TestRunRequest:SendTestRunMessage: Starting.
TpTrace Verbose: 0 : 17196, 11, 2024/12/20, 11:30:52.367, 15091691569531, vstest.console.dll, MulticastDelegateUtilities.SafeInvoke: TestRun.LogMessages: Invoking callback 1/1 for Microsoft.VisualStudio.TestPlatform.CommandLine.TestRunResultAggregator., took 0 ms.
TpTrace Information: 0 : 17196, 11, 2024/12/20, 11:30:52.367, 15091691570272, vstest.console.dll, TestRunRequest:SendTestRunMessage: Completed.
TpTrace Verbose: 0 : 17196, 11, 2024/12/20, 11:30:52.367, 15091691570962, vstest.console.dll, MulticastDelegateUtilities.SafeInvoke: LengthPrefixCommunicationChannel: MessageReceived: Invoking callback 1/1 for Microsoft.VisualStudio.TestPlatform.CommunicationUtilities.TestRequestSender+<>c__DisplayClass34_0., took 0 ms.
TpTrace Verbose: 0 : 17196, 4, 2024/12/20, 11:30:52.367, 15091691570433, vstest.console.dll, MulticastDelegateUtilities.SafeInvoke: InternalTestLoggerEvents.SendTestRunMessage: Invoking callback 1/1 for Microsoft.VisualStudio.TestPlatform.CommandLine.Internal.ConsoleLogger., took 0 ms.
TpTrace Verbose: 0 : 17196, 11, 2024/12/20, 11:30:52.367, 15091691571615, vstest.console.dll, TcpClientExtensions.MessageLoopAsync: Polling on remoteEndPoint: 127.0.0.1:55039 localEndPoint: 127.0.0.1:55038 after 85 ms
TpTrace Verbose: 0 : 17196, 11, 2024/12/20, 11:30:53.221, 15091700112633, vstest.console.dll, TcpClientExtensions.MessageLoopAsync: NotifyDataAvailable remoteEndPoint: 127.0.0.1:55039 localEndPoint: 127.0.0.1:55038
TpTrace Verbose: 0 : 17196, 11, 2024/12/20, 11:30:53.222, 15091700116604, vstest.console.dll, TestRequestSender.OnExecutionMessageReceived: Received message: {"Version":7,"MessageType":"TestExecution.StatsChange","Payload":{"NewTestResults":[],"TestRunStatistics":{"ExecutedTests":0,"Stats":{}},"ActiveTests":[{"Id":"14fa931b-a46a-bdff-2c9d-2ec35b7aa8b8","FullyQualifiedName":"ApplicationTests.CrudTests.AddAuthor_ShouldReturnSuccess","DisplayName":"AddAuthor_ShouldReturnSuccess","ExecutorUri":"executor://NUnit3TestExecutor","Source":"C:\\Users\\User\\Downloads\\CleanArchitecture1\\Tests\\bin\\Debug\\net8.0\\fine-code-coverage\\build-output\\ApplicationTests.dll","CodeFilePath":null,"LineNumber":0,"Properties":[{"Key":{"Id":"NUnit.Seed","Label":"Seed","Category":"","Description":"","Attributes":0,"ValueType":"System.String"},"Value":"943351928"}]}]}}
TpTrace Verbose: 0 : 17196, 11, 2024/12/20, 11:30:53.250, 15091700395037, vstest.console.dll, TestRunRequest:SendTestRunStatsChange: Starting.
TpTrace Verbose: 0 : 17196, 11, 2024/12/20, 11:30:53.250, 15091700397903, vstest.console.dll, InProgress is AddAuthor_ShouldReturnSuccess
TpTrace Verbose: 0 : 17196, 11, 2024/12/20, 11:30:53.250, 15091700399070, vstest.console.dll, MulticastDelegateUtilities.SafeInvoke: TestRun.RunStatsChanged: Invoking callbacks was skipped because there are no subscribers.
TpTrace Information: 0 : 17196, 11, 2024/12/20, 11:30:53.250, 15091700399462, vstest.console.dll, TestRunRequest:SendTestRunStatsChange: Completed.
TpTrace Verbose: 0 : 17196, 11, 2024/12/20, 11:30:53.250, 15091700400030, vstest.console.dll, MulticastDelegateUtilities.SafeInvoke: LengthPrefixCommunicationChannel: MessageReceived: Invoking callback 1/1 for Microsoft.VisualStudio.TestPlatform.CommunicationUtilities.TestRequestSender+<>c__DisplayClass34_0., took 28 ms.
TpTrace Verbose: 0 : 17196, 11, 2024/12/20, 11:30:53.250, 15091700400471, vstest.console.dll, TcpClientExtensions.MessageLoopAsync: Polling on remoteEndPoint: 127.0.0.1:55039 localEndPoint: 127.0.0.1:55038 after 882 ms
TpTrace Verbose: 0 : 17196, 11, 2024/12/20, 11:30:53.400, 15091701901547, vstest.console.dll, TcpClientExtensions.MessageLoopAsync: NotifyDataAvailable remoteEndPoint: 127.0.0.1:55039 localEndPoint: 127.0.0.1:55038
TpTrace Verbose: 0 : 17196, 11, 2024/12/20, 11:30:53.401, 15091701907657, vstest.console.dll, TestRequestSender.OnExecutionMessageReceived: Received message: {"Version":7,"MessageType":"TestExecution.StatsChange","Payload":{"NewTestResults":[{"TestCase":{"Id":"14fa931b-a46a-bdff-2c9d-2ec35b7aa8b8","FullyQualifiedName":"ApplicationTests.CrudTests.AddAuthor_ShouldReturnSuccess","DisplayName":"AddAuthor_ShouldReturnSuccess","ExecutorUri":"executor://NUnit3TestExecutor","Source":"C:\\Users\\User\\Downloads\\CleanArchitecture1\\Tests\\bin\\Debug\\net8.0\\fine-code-coverage\\build-output\\ApplicationTests.dll","CodeFilePath":null,"LineNumber":0,"Properties":[{"Key":{"Id":"NUnit.Seed","Label":"Seed","Category":"","Description":"","Attributes":0,"ValueType":"System.String"},"Value":"943351928"}]},"Attachments":[],"Outcome":1,"ErrorMessage":null,"ErrorStackTrace":null,"DisplayName":"AddAuthor_ShouldReturnSuccess","Messages":[],"ComputerName":"LAPTOP-MRU6OFEC","Duration":"00:00:00.9027710","StartTime":"2024-12-20T10:30:52.3974072+00:00","EndTime":"2024-12-20T10:30:53.3000971+00:00","Properties":[{"Key":{"Id":"NUnit.Seed","Label":"Seed","Category":"","Description":"","Attributes":0,"ValueType":"System.String"},"Value":"943351928"}]},{"TestCase":{"Id":"01aeab95-6bec-ca2d-e6fb-ba8b8b5080f1","FullyQualifiedName":"ApplicationTests.CrudTests.AddBook_ShouldReturnSuccess","DisplayName":"AddBook_ShouldReturnSuccess","ExecutorUri":"executor://NUnit3TestExecutor","Source":"C:\\Users\\User\\Downloads\\CleanArchitecture1\\Tests\\bin\\Debug\\net8.0\\fine-code-coverage\\build-output\\ApplicationTests.dll","CodeFilePath":null,"LineNumber":0,"Properties":[{"Key":{"Id":"NUnit.Seed","Label":"Seed","Category":"","Description":"","Attributes":0,"ValueType":"System.String"},"Value":"1365379940"}]},"Attachments":[],"Outcome":1,"ErrorMessage":null,"ErrorStackTrace":null,"DisplayName":"AddBook_ShouldReturnSuccess","Messages":[],"ComputerName":"LAPTOP-MRU6OFEC","Duration":"00:00:00.0092530","StartTime":"2024-12-20T10:30:53.3018404+00:00","EndTime":"2024-12-20T10:30:53.3110931+00:00","Properties":[{"Key":{"Id":"NUnit.Seed","Label":"Seed","Category":"","Description":"","Attributes":0,"ValueType":"System.String"},"Value":"1365379940"}]},{"TestCase":{"Id":"841fe0c6-ba64-6fca-8de7-4f69727be007","FullyQualifiedName":"ApplicationTests.CrudTests.DeleteAuthor_ShouldReturnSuccess","DisplayName":"DeleteAuthor_ShouldReturnSuccess","ExecutorUri":"executor://NUnit3TestExecutor","Source":"C:\\Users\\User\\Downloads\\CleanArchitecture1\\Tests\\bin\\Debug\\net8.0\\fine-code-coverage\\build-output\\ApplicationTests.dll","CodeFilePath":null,"LineNumber":0,"Properties":[{"Key":{"Id":"NUnit.Seed","Label":"Seed","Category":"","Description":"","Attributes":0,"ValueType":"System.String"},"Value":"355511252"}]},"Attachments":[],"Outcome":1,"ErrorMessage":null,"ErrorStackTrace":null,"DisplayName":"DeleteAuthor_ShouldReturnSuccess","Messages":[],"ComputerName":"LAPTOP-MRU6OFEC","Duration":"00:00:00.0043030","StartTime":"2024-12-20T10:30:53.3111812+00:00","EndTime":"2024-12-20T10:30:53.3154831+00:00","Properties":[{"Key":{"Id":"NUnit.Seed","Label":"Seed","Category":"","Description":"","Attributes":0,"ValueType":"System.String"},"Value":"355511252"}]},{"TestCase":{"Id":"a33dcbd2-8fe5-ca27-4b28-fc46fc099553","FullyQualifiedName":"ApplicationTests.CrudTests.DeleteBook_ShouldReturnSuccess","DisplayName":"DeleteBook_ShouldReturnSuccess","ExecutorUri":"executor://NUnit3TestExecutor","Source":"C:\\Users\\User\\Downloads\\CleanArchitecture1\\Tests\\bin\\Debug\\net8.0\\fine-code-coverage\\build-output\\ApplicationTests.dll","CodeFilePath":null,"LineNumber":0,"Properties":[{"Key":{"Id":"NUnit.Seed","Label":"Seed","Category":"","Description":"","Attributes":0,"ValueType":"System.String"},"Value":"129393394"}]},"Attachments":[],"Outcome":1,"ErrorMessage":null,"ErrorStackTrace":null,"DisplayName":"DeleteBook_ShouldReturnSuccess","Messages":[],"ComputerName":"LAPTOP-MRU6OFEC","Duration":"00:00:00.0046150","StartTime":"2024-12-20T10:30:53.315521+00:00","EndTime":"2024-12-20T10:30:53.3201344+00:00","Properties":[{"Key":{"Id":"NUnit.Seed","Label":"Seed","Category":"","Description":"","Attributes":0,"ValueType":"System.String"},"Value":"129393394"}]},{"TestCase":{"Id":"ea615a3d-6f61-f3c7-01ce-6a78431d38cd","FullyQualifiedName":"ApplicationTests.CrudTests.UpdateAuthor_ShouldReturnUpdatedAuthor","DisplayName":"UpdateAuthor_ShouldReturnUpdatedAuthor","ExecutorUri":"executor://NUnit3TestExecutor","Source":"C:\\Users\\User\\Downloads\\CleanArchitecture1\\Tests\\bin\\Debug\\net8.0\\fine-code-coverage\\build-output\\ApplicationTests.dll","CodeFilePath":null,"LineNumber":0,"Properties":[{"Key":{"Id":"NUnit.Seed","Label":"Seed","Category":"","Description":"","Attributes":0,"ValueType":"System.String"},"Value":"633706499"}]},"Attachments":[],"Outcome":1,"ErrorMessage":null,"ErrorStackTrace":null,"DisplayName":"UpdateAuthor_ShouldReturnUpdatedAuthor","Messages":[],"ComputerName":"LAPTOP-MRU6OFEC","Duration":"00:00:00.0026770","StartTime":"2024-12-20T10:30:53.320174+00:00","EndTime":"2024-12-20T10:30:53.3228503+00:00","Properties":[{"Key":{"Id":"NUnit.Seed","Label":"Seed","Category":"","Description":"","Attributes":0,"ValueType":"System.String"},"Value":"633706499"}]},{"TestCase":{"Id":"92ee0173-c058-f356-a3f1-1d1e82174254","FullyQualifiedName":"ApplicationTests.CrudTests.UpdateBook_ShouldReturnUpdatedBook","DisplayName":"UpdateBook_ShouldReturnUpdatedBook","ExecutorUri":"executor://NUnit3TestExecutor","Source":"C:\\Users\\User\\Downloads\\CleanArchitecture1\\Tests\\bin\\Debug\\net8.0\\fine-code-coverage\\build-output\\ApplicationTests.dll","CodeFilePath":null,"LineNumber":0,"Properties":[{"Key":{"Id":"NUnit.Seed","Label":"Seed","Category":"","Description":"","Attributes":0,"ValueType":"System.String"},"Value":"111372100"}]},"Attachments":[],"Outcome":1,"ErrorMessage":null,"ErrorStackTrace":null,"DisplayName":"UpdateBook_ShouldReturnUpdatedBook","Messages":[],"ComputerName":"LAPTOP-MRU6OFEC","Duration":"00:00:00.0031030","StartTime":"2024-12-20T10:30:53.3228821+00:00","EndTime":"2024-12-20T10:30:53.3259839+00:00","Properties":[{"Key":{"Id":"NUnit.Seed","Label":"Seed","Category":"","Description":"","Attributes":0,"ValueType":"System.String"},"Value":"111372100"}]},{"TestCase":{"Id":"5e4c1339-e5d4-99ca-e3f0-a612f824343b","FullyQualifiedName":"ApplicationTests.GetAuthorByIdQueryHandlerTests.Handle_ExistingAuthorId_ReturnsAuthor","DisplayName":"Handle_ExistingAuthorId_ReturnsAuthor","ExecutorUri":"executor://NUnit3TestExecutor","Source":"C:\\Users\\User\\Downloads\\CleanArchitecture1\\Tests\\bin\\Debug\\net8.0\\fine-code-coverage\\build-output\\ApplicationTests.dll","CodeFilePath":null,"LineNumber":0,"Properties":[{"Key":{"Id":"NUnit.Seed","Label":"Seed","Category":"","Description":"","Attributes":0,"ValueType":"System.String"},"Value":"602336880"}]},"Attachments":[],"Outcome":1,"ErrorMessage":null,"ErrorStackTrace":null,"DisplayName":"Handle_ExistingAuthorId_ReturnsAuthor","Messages":[],"ComputerName":"LAPTOP-MRU6OFEC","Duration":"00:00:00.0055110","StartTime":"2024-12-20T10:30:53.3291749+00:00","EndTime":"2024-12-20T10:30:53.3346856+00:00","Properties":[{"Key":{"Id":"NUnit.Seed","Label":"Seed","Category":"","Description":"","Attributes":0,"ValueType":"System.String"},"Value":"602336880"}]},{"TestCase":{"Id":"4c9738ba-bfa5-f401-150e-3ad7f2b96e12","FullyQualifiedName":"ApplicationTests.GetAuthorByIdQueryHandlerTests.Handle_NonExistingAuthorId_ReturnsFailure","DisplayName":"Handle_NonExistingAuthorId_ReturnsFailure","ExecutorUri":"executor://NUnit3TestExecutor","Source":"C:\\Users\\User\\Downloads\\CleanArchitecture1\\Tests\\bin\\Debug\\net8.0\\fine-code-coverage\\build-output\\ApplicationTests.dll","CodeFilePath":null,"LineNumber":0,"Properties":[{"Key":{"Id":"NUnit.Seed","Label":"Seed","Category":"","Description":"","Attributes":0,"ValueType":"System.String"},"Value":"430746004"}]},"Attachments":[],"Outcome":1,"ErrorMessage":null,"ErrorStackTrace":null,"DisplayName":"Handle_NonExistingAuthorId_ReturnsFailure","Messages":[],"ComputerName":"LAPTOP-MRU6OFEC","Duration":"00:00:00.0021900","StartTime":"2024-12-20T10:30:53.3347231+00:00","EndTime":"2024-12-20T10:30:53.3369121+00:00","Properties":[{"Key":{"Id":"NUnit.Seed","Label":"Seed","Category":"","Description":"","Attributes":0,"ValueType":"System.String"},"Value":"430746004"}]},{"TestCase":{"Id":"3fa3a2ae-64d5-fa6a-9229-22ce3ff3f37b","FullyQualifiedName":"ApplicationTests.GetAuthorsQueryHandlerTests.Handle_ReturnsListOfAuthors","DisplayName":"Handle_ReturnsListOfAuthors","ExecutorUri":"executor://NUnit3TestExecutor","Source":"C:\\Users\\User\\Downloads\\CleanArchitecture1\\Tests\\bin\\Debug\\net8.0\\fine-code-coverage\\build-output\\ApplicationTests.dll","CodeFilePath":null,"LineNumber":0,"Properties":[{"Key":{"Id":"NUnit.Seed","Label":"Seed","Category":"","Description":"","Attributes":0,"ValueType":"System.String"},"Value":"1684894530"}]},"Attachments":[],"Outcome":1,"ErrorMessage":null,"ErrorStackTrace":null,"DisplayName":"Handle_ReturnsListOfAuthors","Messages":[],"ComputerName":"LAPTOP-MRU6OFEC","Duration":"00:00:00.0024229","StartTime":"2024-12-20T10:30:53.3371204+00:00","EndTime":"2024-12-20T10:30:53.3395433+00:00","Properties":[{"Key":{"Id":"NUnit.Seed","Label":"Seed","Category":"","Description":"","Attributes":0,"ValueType":"System.String"},"Value":"1684894530"}]}],"TestRunStatistics":{"ExecutedTests":9,"Stats":{"Passed":9}},"ActiveTests":[{"Id":"7ac57b55-425b-ec7a-b378-3aec31fff9ba","FullyQualifiedName":"ApplicationTests.GetBookByIdQueryHandlerTests.Handle_ExistingBookId_ReturnsBook","DisplayName":"Handle_ExistingBookId_ReturnsBook","ExecutorUri":"executor://NUnit3TestExecutor","Source":"C:\\Users\\User\\Downloads\\CleanArchitecture1\\Tests\\bin\\Debug\\net8.0\\fine-code-coverage\\build-output\\ApplicationTests.dll","CodeFilePath":null,"LineNumber":0,"Properties":[{"Key":{"Id":"NUnit.Seed","Label":"Seed","Category":"","Description":"","Attributes":0,"ValueType":"System.String"},"Value":"1301406811"}]}]}}
TpTrace Verbose: 0 : 17196, 11, 2024/12/20, 11:30:53.415, 15091702051746, vstest.console.dll, TestRunRequest:SendTestRunStatsChange: Starting.
TpTrace Verbose: 0 : 17196, 11, 2024/12/20, 11:30:53.415, 15091702053335, vstest.console.dll, InProgress is Handle_ExistingBookId_ReturnsBook
TpTrace Verbose: 0 : 17196, 11, 2024/12/20, 11:30:53.416, 15091702056149, vstest.console.dll, MulticastDelegateUtilities.SafeInvoke: TestRun.RunStatsChanged: Invoking callbacks was skipped because there are no subscribers.
TpTrace Information: 0 : 17196, 11, 2024/12/20, 11:30:53.416, 15091702056721, vstest.console.dll, TestRunRequest:SendTestRunStatsChange: Completed.
TpTrace Verbose: 0 : 17196, 11, 2024/12/20, 11:30:53.416, 15091702057066, vstest.console.dll, MulticastDelegateUtilities.SafeInvoke: LengthPrefixCommunicationChannel: MessageReceived: Invoking callback 1/1 for Microsoft.VisualStudio.TestPlatform.CommunicationUtilities.TestRequestSender+<>c__DisplayClass34_0., took 15 ms.
TpTrace Verbose: 0 : 17196, 11, 2024/12/20, 11:30:53.416, 15091702057452, vstest.console.dll, TcpClientExtensions.MessageLoopAsync: Polling on remoteEndPoint: 127.0.0.1:55039 localEndPoint: 127.0.0.1:55038 after 165 ms
TpTrace Verbose: 0 : 17196, 4, 2024/12/20, 11:30:53.418, 15091702084181, vstest.console.dll, MulticastDelegateUtilities.SafeInvoke: InternalTestLoggerEvents.SendTestResult: Invoking callback 1/1 for Microsoft.VisualStudio.TestPlatform.CommandLine.Internal.ConsoleLogger., took 2 ms.
TpTrace Verbose: 0 : 17196, 4, 2024/12/20, 11:30:53.420, 15091702096859, vstest.console.dll, MulticastDelegateUtilities.SafeInvoke: InternalTestLoggerEvents.SendTestResult: Invoking callback 1/1 for Microsoft.VisualStudio.TestPlatform.CommandLine.Internal.ConsoleLogger., took 0 ms.
TpTrace Verbose: 0 : 17196, 4, 2024/12/20, 11:30:53.420, 15091702099889, vstest.console.dll, MulticastDelegateUtilities.SafeInvoke: InternalTestLoggerEvents.SendTestResult: Invoking callback 1/1 for Microsoft.VisualStudio.TestPlatform.CommandLine.Internal.ConsoleLogger., took 0 ms.
TpTrace Verbose: 0 : 17196, 4, 2024/12/20, 11:30:53.420, 15091702100591, vstest.console.dll, MulticastDelegateUtilities.SafeInvoke: InternalTestLoggerEvents.SendTestResult: Invoking callback 1/1 for Microsoft.VisualStudio.TestPlatform.CommandLine.Internal.ConsoleLogger., took 0 ms.
TpTrace Verbose: 0 : 17196, 4, 2024/12/20, 11:30:53.420, 15091702101188, vstest.console.dll, MulticastDelegateUtilities.SafeInvoke: InternalTestLoggerEvents.SendTestResult: Invoking callback 1/1 for Microsoft.VisualStudio.TestPlatform.CommandLine.Internal.ConsoleLogger., took 0 ms.
TpTrace Verbose: 0 : 17196, 4, 2024/12/20, 11:30:53.420, 15091702102117, vstest.console.dll, MulticastDelegateUtilities.SafeInvoke: InternalTestLoggerEvents.SendTestResult: Invoking callback 1/1 for Microsoft.VisualStudio.TestPlatform.CommandLine.Internal.ConsoleLogger., took 0 ms.
TpTrace Verbose: 0 : 17196, 4, 2024/12/20, 11:30:53.420, 15091702102592, vstest.console.dll, MulticastDelegateUtilities.SafeInvoke: InternalTestLoggerEvents.SendTestResult: Invoking callback 1/1 for Microsoft.VisualStudio.TestPlatform.CommandLine.Internal.ConsoleLogger., took 0 ms.
TpTrace Verbose: 0 : 17196, 4, 2024/12/20, 11:30:53.420, 15091702103027, vstest.console.dll, MulticastDelegateUtilities.SafeInvoke: InternalTestLoggerEvents.SendTestResult: Invoking callback 1/1 for Microsoft.VisualStudio.TestPlatform.CommandLine.Internal.ConsoleLogger., took 0 ms.
TpTrace Verbose: 0 : 17196, 4, 2024/12/20, 11:30:53.420, 15091702103520, vstest.console.dll, MulticastDelegateUtilities.SafeInvoke: InternalTestLoggerEvents.SendTestResult: Invoking callback 1/1 for Microsoft.VisualStudio.TestPlatform.CommandLine.Internal.ConsoleLogger., took 0 ms.
TpTrace Verbose: 0 : 17196, 11, 2024/12/20, 11:30:53.425, 15091702152496, vstest.console.dll, TcpClientExtensions.MessageLoopAsync: NotifyDataAvailable remoteEndPoint: 127.0.0.1:55039 localEndPoint: 127.0.0.1:55038
TpTrace Verbose: 0 : 17196, 11, 2024/12/20, 11:30:53.426, 15091702155205, vstest.console.dll, TestRequestSender.OnExecutionMessageReceived: Received message: {"Version":7,"MessageType":"TestSession.Message","Payload":{"MessageLevel":0,"Message":"NUnit Adapter 4.5.0.0: Test execution complete"}}
TpTrace Verbose: 0 : 17196, 11, 2024/12/20, 11:30:53.426, 15091702157426, vstest.console.dll, TestRunRequest:SendTestRunMessage: Starting.
TpTrace Verbose: 0 : 17196, 11, 2024/12/20, 11:30:53.426, 15091702158381, vstest.console.dll, MulticastDelegateUtilities.SafeInvoke: TestRun.LogMessages: Invoking callback 1/1 for Microsoft.VisualStudio.TestPlatform.CommandLine.TestRunResultAggregator., took 0 ms.
TpTrace Information: 0 : 17196, 11, 2024/12/20, 11:30:53.426, 15091702158942, vstest.console.dll, TestRunRequest:SendTestRunMessage: Completed.
TpTrace Verbose: 0 : 17196, 11, 2024/12/20, 11:30:53.426, 15091702159574, vstest.console.dll, MulticastDelegateUtilities.SafeInvoke: LengthPrefixCommunicationChannel: MessageReceived: Invoking callback 1/1 for Microsoft.VisualStudio.TestPlatform.CommunicationUtilities.TestRequestSender+<>c__DisplayClass34_0., took 0 ms.
TpTrace Verbose: 0 : 17196, 11, 2024/12/20, 11:30:53.426, 15091702160141, vstest.console.dll, TcpClientExtensions.MessageLoopAsync: Polling on remoteEndPoint: 127.0.0.1:55039 localEndPoint: 127.0.0.1:55038 after 10 ms
TpTrace Verbose: 0 : 17196, 4, 2024/12/20, 11:30:53.426, 15091702160064, vstest.console.dll, MulticastDelegateUtilities.SafeInvoke: InternalTestLoggerEvents.SendTestRunMessage: Invoking callback 1/1 for Microsoft.VisualStudio.TestPlatform.CommandLine.Internal.ConsoleLogger., took 0 ms.
TpTrace Verbose: 0 : 17196, 11, 2024/12/20, 11:30:53.451, 15091702413707, vstest.console.dll, TcpClientExtensions.MessageLoopAsync: NotifyDataAvailable remoteEndPoint: 127.0.0.1:55039 localEndPoint: 127.0.0.1:55038
TpTrace Verbose: 0 : 17196, 11, 2024/12/20, 11:30:53.452, 15091702417784, vstest.console.dll, TestRequestSender.OnExecutionMessageReceived: Received message: {"Version":7,"MessageType":"TestExecution.Completed","Payload":{"TestRunCompleteArgs":{"TestRunStatistics":{"ExecutedTests":12,"Stats":{"Passed":12}},"IsCanceled":false,"IsAborted":false,"Error":null,"AttachmentSets":[],"InvokedDataCollectors":[],"ElapsedTimeInRunningTests":"00:00:02.2013661","Metrics":{},"DiscoveredExtensions":{"TestDiscoverers":["NUnit.VisualStudio.TestAdapter.NUnit3TestDiscoverer, NUnit3.TestAdapter, Version=4.5.0.0, Culture=neutral, PublicKeyToken=4cb40d35494691ac"],"TestExecutors":["executor://NUnit3TestExecutor"],"TestExecutors2":[],"TestSettingsProviders":[]}},"LastRunTests":{"NewTestResults":[{"TestCase":{"Id":"7ac57b55-425b-ec7a-b378-3aec31fff9ba","FullyQualifiedName":"ApplicationTests.GetBookByIdQueryHandlerTests.Handle_ExistingBookId_ReturnsBook","DisplayName":"Handle_ExistingBookId_ReturnsBook","ExecutorUri":"executor://NUnit3TestExecutor","Source":"C:\\Users\\User\\Downloads\\CleanArchitecture1\\Tests\\bin\\Debug\\net8.0\\fine-code-coverage\\build-output\\ApplicationTests.dll","CodeFilePath":null,"LineNumber":0,"Properties":[{"Key":{"Id":"NUnit.Seed","Label":"Seed","Category":"","Description":"","Attributes":0,"ValueType":"System.String"},"Value":"1301406811"}]},"Attachments":[],"Outcome":1,"ErrorMessage":null,"ErrorStackTrace":null,"DisplayName":"Handle_ExistingBookId_ReturnsBook","Messages":[],"ComputerName":"LAPTOP-MRU6OFEC","Duration":"00:00:00.0031600","StartTime":"2024-12-20T10:30:53.3397247+00:00","EndTime":"2024-12-20T10:30:53.3428848+00:00","Properties":[{"Key":{"Id":"NUnit.Seed","Label":"Seed","Category":"","Description":"","Attributes":0,"ValueType":"System.String"},"Value":"1301406811"}]},{"TestCase":{"Id":"2f0090be-61dd-8695-de9d-2d5660b282d4","FullyQualifiedName":"ApplicationTests.GetBookByIdQueryHandlerTests.Handle_NonExistingBookId_ReturnsFailure","DisplayName":"Handle_NonExistingBookId_ReturnsFailure","ExecutorUri":"executor://NUnit3TestExecutor","Source":"C:\\Users\\User\\Downloads\\CleanArchitecture1\\Tests\\bin\\Debug\\net8.0\\fine-code-coverage\\build-output\\ApplicationTests.dll","CodeFilePath":null,"LineNumber":0,"Properties":[{"Key":{"Id":"NUnit.Seed","Label":"Seed","Category":"","Description":"","Attributes":0,"ValueType":"System.String"},"Value":"182803843"}]},"Attachments":[],"Outcome":1,"ErrorMessage":null,"ErrorStackTrace":null,"DisplayName":"Handle_NonExistingBookId_ReturnsFailure","Messages":[],"ComputerName":"LAPTOP-MRU6OFEC","Duration":"00:00:00.0018610","StartTime":"2024-12-20T10:30:53.3429224+00:00","EndTime":"2024-12-20T10:30:53.3447828+00:00","Properties":[{"Key":{"Id":"NUnit.Seed","Label":"Seed","Category":"","Description":"","Attributes":0,"ValueType":"System.String"},"Value":"182803843"}]},{"TestCase":{"Id":"366530c7-041a-3b34-0bfb-3112712f60f1","FullyQualifiedName":"ApplicationTests.GetBooksQueryHandlerTests.Handle_ReturnsListOfBooks","DisplayName":"Handle_ReturnsListOfBooks","ExecutorUri":"executor://NUnit3TestExecutor","Source":"C:\\Users\\User\\Downloads\\CleanArchitecture1\\Tests\\bin\\Debug\\net8.0\\fine-code-coverage\\build-output\\ApplicationTests.dll","CodeFilePath":null,"LineNumber":0,"Properties":[{"Key":{"Id":"NUnit.Seed","Label":"Seed","Category":"","Description":"","Attributes":0,"ValueType":"System.String"},"Value":"1077354090"}]},"Attachments":[],"Outcome":1,"ErrorMessage":null,"ErrorStackTrace":null,"DisplayName":"Handle_ReturnsListOfBooks","Messages":[],"ComputerName":"LAPTOP-MRU6OFEC","Duration":"00:00:00.0029550","StartTime":"2024-12-20T10:30:53.3449923+00:00","EndTime":"2024-12-20T10:30:53.3479469+00:00","Properties":[{"Key":{"Id":"NUnit.Seed","Label":"Seed","Category":"","Description":"","Attributes":0,"ValueType":"System.String"},"Value":"1077354090"}]}],"TestRunStatistics":{"ExecutedTests":12,"Stats":{"Passed":12}},"ActiveTests":[]},"RunAttachments":[],"ExecutorUris":["executor://nunit3testexecutor/"]}}
TpTrace Verbose: 0 : 17196, 11, 2024/12/20, 11:30:53.452, 15091702420709, vstest.console.dll, TestRequestSender.EndSession: Sending end session.
TpTrace Verbose: 0 : 17196, 11, 2024/12/20, 11:30:53.452, 15091702424385, vstest.console.dll, ProxyOperationManager.Close: waiting for test host to exit for 100 ms
TpTrace Verbose: 0 : 17196, 7, 2024/12/20, 11:30:53.470, 15091702604197, vstest.console.dll, TestHostManagerCallbacks.ctor: Experimental forwarding output is disabled.
TpTrace Warning: 0 : 17196, 7, 2024/12/20, 11:30:53.471, 15091702606339, vstest.console.dll, TestHostManagerCallbacks.ErrorReceivedCallback Test host standard error line: 
TpTrace Verbose: 0 : 17196, 7, 2024/12/20, 11:30:53.485, 15091702752665, vstest.console.dll, TestHostProvider.ExitCallBack: Host exited starting callback.
TpTrace Information: 0 : 17196, 7, 2024/12/20, 11:30:53.486, 15091702755234, vstest.console.dll, TestHostManagerCallbacks.ExitCallBack: Testhost processId: 7328 exited with exitcode: 0 error: ''
TpTrace Verbose: 0 : 17196, 7, 2024/12/20, 11:30:53.486, 15091702755672, vstest.console.dll, DotnetTestHostManager.OnHostExited: invoking OnHostExited callback
TpTrace Verbose: 0 : 17196, 7, 2024/12/20, 11:30:53.486, 15091702756403, vstest.console.dll, CrossPlatEngine.TestHostManagerHostExited: calling on client process exit callback.
TpTrace Information: 0 : 17196, 7, 2024/12/20, 11:30:53.486, 15091702757046, vstest.console.dll, TestRequestSender.OnClientProcessExit: Test host process exited. Standard error: 
TpTrace Information: 0 : 17196, 7, 2024/12/20, 11:30:53.486, 15091702757468, vstest.console.dll, SocketServer.Stop: Stop server endPoint: 127.0.0.1:55038
TpTrace Information: 0 : 17196, 7, 2024/12/20, 11:30:53.486, 15091702757747, vstest.console.dll, SocketServer.Stop: Cancellation requested. Stopping message loop.
TpTrace Information: 0 : 17196, 11, 2024/12/20, 11:30:53.486, 15091702758519, vstest.console.dll, SocketServer.Stop: Stop server endPoint: 127.0.0.1:55038
TpTrace Information: 0 : 17196, 11, 2024/12/20, 11:30:53.486, 15091702760252, vstest.console.dll, SocketServer.Stop: Cancellation requested. Stopping message loop.
TpTrace Verbose: 0 : 17196, 7, 2024/12/20, 11:30:53.486, 15091702759070, vstest.console.dll, MulticastDelegateUtilities.SafeInvoke: HostProviderEvents.OnHostExited: Invoking callback 1/1 for Microsoft.VisualStudio.TestPlatform.CrossPlatEngine.Client.ProxyOperationManager., took 0 ms.
TpTrace Information: 0 : 17196, 11, 2024/12/20, 11:30:53.486, 15091702761070, vstest.console.dll, Closing the connection
TpTrace Verbose: 0 : 17196, 11, 2024/12/20, 11:30:53.487, 15091702764968, vstest.console.dll, ProxyDataCollectionManager.InvokeDataCollectionServiceAction: Starting.
TpTrace Information: 0 : 17196, 11, 2024/12/20, 11:30:53.487, 15091702765564, vstest.console.dll, ProxyDataCollectionManager.AfterTestRunEnd: Get attachment set and invoked data collectors processId: 21596 port: 55035
TpTrace Verbose: 0 : 17196, 11, 2024/12/20, 11:30:53.487, 15091702766113, vstest.console.dll, DataCollectionRequestSender.SendAfterTestRunStartAndGetResult: Send AfterTestRunEnd message with isCancelled: False
TpTrace Verbose: 0 : 17196, 11, 2024/12/20, 11:30:53.496, 15091702855192, vstest.console.dll, DataCollectionRequestSender.SendAfterTestRunStartAndGetResult: Received message: (DataCollection.AfterTestRunEndResult) -> {"MessageType":"DataCollection.AfterTestRunEndResult","Payload":{"AttachmentSets":[],"InvokedDataCollectors":[{"Uri":"datacollector://Microsoft/TestPlatform/Extensions/Blame/v1","FriendlyName":"Blame","AssemblyQualifiedName":"Microsoft.TestPlatform.Extensions.BlameDataCollector.BlameCollector, Microsoft.TestPlatform.Extensions.BlameDataCollector, Version=15.0.0.0, Culture=neutral, PublicKeyToken=b03f5f7f11d50a3a","FilePath":"C:\\Program Files\\dotnet\\sdk\\8.0.300\\Extensions\\Microsoft.TestPlatform.Extensions.BlameDataCollector.dll","HasAttachmentProcessor":false}],"Metrics":{}}}
TpTrace Warning: 0 : 17196, 10, 2024/12/20, 11:30:53.504, 15091702942498, vstest.console.dll, DataCollectionLauncher.ErrorReceivedCallback datacollector standard error line: 
TpTrace Information: 0 : 17196, 11, 2024/12/20, 11:30:53.507, 15091702967967, vstest.console.dll, ProxyDataCollectionManager.InvokeDataCollectionServiceAction: Completed.
TpTrace Information: 0 : 17196, 10, 2024/12/20, 11:30:53.513, 15091703031727, vstest.console.dll, DataCollectionLauncher.ExitCallBack: Data collector exited with exitcode: 0 error: ''
TpTrace Verbose: 0 : 17196, 11, 2024/12/20, 11:30:53.565, 15091703546236, vstest.console.dll, TestRunRequest:SendTestRunStatsChange: Starting.
TpTrace Verbose: 0 : 17196, 11, 2024/12/20, 11:30:53.565, 15091703548221, vstest.console.dll, MulticastDelegateUtilities.SafeInvoke: TestRun.RunStatsChanged: Invoking callbacks was skipped because there are no subscribers.
TpTrace Information: 0 : 17196, 11, 2024/12/20, 11:30:53.565, 15091703548574, vstest.console.dll, TestRunRequest:SendTestRunStatsChange: Completed.
TpTrace Verbose: 0 : 17196, 4, 2024/12/20, 11:30:53.565, 15091703549299, vstest.console.dll, MulticastDelegateUtilities.SafeInvoke: InternalTestLoggerEvents.SendTestResult: Invoking callback 1/1 for Microsoft.VisualStudio.TestPlatform.CommandLine.Internal.ConsoleLogger., took 0 ms.
TpTrace Verbose: 0 : 17196, 4, 2024/12/20, 11:30:53.565, 15091703550123, vstest.console.dll, MulticastDelegateUtilities.SafeInvoke: InternalTestLoggerEvents.SendTestResult: Invoking callback 1/1 for Microsoft.VisualStudio.TestPlatform.CommandLine.Internal.ConsoleLogger., took 0 ms.
TpTrace Verbose: 0 : 17196, 11, 2024/12/20, 11:30:53.565, 15091703553395, vstest.console.dll, ParallelProxyExecutionManager: HandlePartialRunComplete: Total workloads = 1, Total started clients = 1 Total completed clients = 1, Run complete = True, Run canceled: False.
TpTrace Verbose: 0 : 17196, 11, 2024/12/20, 11:30:53.565, 15091703553827, vstest.console.dll, ParallelProxyExecutionManager: HandlePartialRunComplete: All runs completed stopping all managers.
TpTrace Verbose: 0 : 17196, 11, 2024/12/20, 11:30:53.565, 15091703554206, vstest.console.dll, ParallelOperationManager.StopAllManagers: Stopping all managers.
TpTrace Verbose: 0 : 17196, 11, 2024/12/20, 11:30:53.565, 15091703554590, vstest.console.dll, ParallelOperationManager.ClearSlots: Clearing all slots. Slots should accept more work: False
TpTrace Verbose: 0 : 17196, 11, 2024/12/20, 11:30:53.566, 15091703555182, vstest.console.dll, ParallelOperationManager.SetOccupiedSlotCount: Setting slot counts AvailableSlotCount = 1, OccupiedSlotCount = 0.
TpTrace Verbose: 0 : 17196, 11, 2024/12/20, 11:30:53.566, 15091703555838, vstest.console.dll, Occupied slots:

TpTrace Verbose: 0 : 17196, 4, 2024/12/20, 11:30:53.567, 15091703567787, vstest.console.dll, MulticastDelegateUtilities.SafeInvoke: InternalTestLoggerEvents.SendTestResult: Invoking callback 1/1 for Microsoft.VisualStudio.TestPlatform.CommandLine.Internal.ConsoleLogger., took 1 ms.
TpTrace Verbose: 0 : 17196, 4, 2024/12/20, 11:30:53.578, 15091703675254, vstest.console.dll, MulticastDelegateUtilities.SafeInvoke: InternalTestLoggerEvents.SendTestRunComplete: Invoking callback 1/2 for Microsoft.TestPlatform.Extensions.BlameDataCollector.BlameLogger., took 0 ms.
TpTrace Verbose: 0 : 17196, 4, 2024/12/20, 11:30:53.586, 15091703756886, vstest.console.dll, MulticastDelegateUtilities.SafeInvoke: InternalTestLoggerEvents.SendTestRunComplete: Invoking callback 2/2 for Microsoft.VisualStudio.TestPlatform.CommandLine.Internal.ConsoleLogger., took 7 ms.
TpTrace Verbose: 0 : 17196, 11, 2024/12/20, 11:30:53.586, 15091703763029, vstest.console.dll, TestRunRequest:TestRunComplete: Starting. IsAborted:False IsCanceled:False.
TpTrace Verbose: 0 : 17196, 11, 2024/12/20, 11:30:53.587, 15091703766623, vstest.console.dll, ParallelOperationManager.DoActionOnAllManagers: Calling an action on all managers.
TpTrace Verbose: 0 : 17196, 11, 2024/12/20, 11:30:53.588, 15091703778143, vstest.console.dll, TestLoggerManager.HandleTestRunComplete: Ignoring as the object is disposed.
TpTrace Verbose: 0 : 17196, 11, 2024/12/20, 11:30:53.588, 15091703783259, vstest.console.dll, MulticastDelegateUtilities.SafeInvoke: TestRun.TestRunComplete: Invoking callback 1/2 for Microsoft.VisualStudio.TestPlatform.CommandLine.TestRunResultAggregator., took 0 ms.
TpTrace Verbose: 0 : 17196, 11, 2024/12/20, 11:30:53.589, 15091703786231, vstest.console.dll, MulticastDelegateUtilities.SafeInvoke: TestRun.TestRunComplete: Invoking callback 2/2 for Microsoft.VisualStudio.TestPlatform.CommandLine.Processors.RunTestsArgumentExecutor+TestRunRequestEventsRegistrar., took 0 ms.
TpTrace Information: 0 : 17196, 11, 2024/12/20, 11:30:53.589, 15091703787654, vstest.console.dll, TestRunRequest:TestRunComplete: Completed.
TpTrace Verbose: 0 : 17196, 11, 2024/12/20, 11:30:53.589, 15091703788116, vstest.console.dll, TestRequestSender.SetOperationComplete: Setting operation complete.
TpTrace Information: 0 : 17196, 11, 2024/12/20, 11:30:53.589, 15091703788419, vstest.console.dll, SocketServer.Stop: Stop server endPoint: 127.0.0.1:55038
TpTrace Information: 0 : 17196, 11, 2024/12/20, 11:30:53.589, 15091703788733, vstest.console.dll, SocketServer.Stop: Cancellation requested. Stopping message loop.
TpTrace Verbose: 0 : 17196, 1, 2024/12/20, 11:30:53.589, 15091703788774, vstest.console.dll, TestRunRequest.Dispose: Starting.
TpTrace Verbose: 0 : 17196, 11, 2024/12/20, 11:30:53.589, 15091703789136, vstest.console.dll, MulticastDelegateUtilities.SafeInvoke: LengthPrefixCommunicationChannel: MessageReceived: Invoking callback 1/1 for Microsoft.VisualStudio.TestPlatform.CommunicationUtilities.TestRequestSender+<>c__DisplayClass34_0., took 137 ms.
TpTrace Information: 0 : 17196, 1, 2024/12/20, 11:30:53.589, 15091703790496, vstest.console.dll, TestRunRequest.Dispose: Completed.
TpTrace Information: 0 : 17196, 11, 2024/12/20, 11:30:53.589, 15091703791112, vstest.console.dll, SocketServer.PrivateStop: Stopping server endPoint: 127.0.0.1:55038 error: 
TpTrace Information: 0 : 17196, 1, 2024/12/20, 11:30:53.589, 15091703791943, vstest.console.dll, TestRequestManager.RunTests: run tests completed.
TpTrace Information: 0 : 17196, 1, 2024/12/20, 11:30:53.589, 15091703793657, vstest.console.dll, RunTestsArgumentProcessor:Execute: Test run is completed.
TpTrace Verbose: 0 : 17196, 11, 2024/12/20, 11:30:53.590, 15091703798035, vstest.console.dll, LengthPrefixCommunicationChannel.Dispose: Dispose reader and writer.
TpTrace Verbose: 0 : 17196, 1, 2024/12/20, 11:30:53.590, 15091703798112, vstest.console.dll, Executor.Execute: Exiting with exit code of 0
TpTrace Information: 0 : 17196, 11, 2024/12/20, 11:30:53.590, 15091703799481, vstest.console.dll, SocketServer.Stop: Raise disconnected event endPoint: 127.0.0.1:55038 error: 
TpTrace Verbose: 0 : 17196, 11, 2024/12/20, 11:30:53.590, 15091703801749, vstest.console.dll, TestRequestSender: OnTestRunAbort: Operation is already complete. Skip error message.
TpTrace Verbose: 0 : 17196, 11, 2024/12/20, 11:30:53.590, 15091703802514, vstest.console.dll, MulticastDelegateUtilities.SafeInvoke: SocketServer: ClientDisconnected: Invoking callback 1/1 for Microsoft.VisualStudio.TestPlatform.CommunicationUtilities.TestRequestSender., took 0 ms.
TpTrace Verbose: 0 : 17196, 11, 2024/12/20, 11:30:53.590, 15091703803163, vstest.console.dll, TcpClientExtensions.MessageLoopAsync: exiting MessageLoopAsync remoteEndPoint: 127.0.0.1:55039 localEndPoint: 127.0.0.1:55038
